TN:
SF:src/App.tsx
FN:20,AppShell
FN:27,(anonymous_1)
FN:33,(anonymous_2)
FN:41,(anonymous_3)
FN:42,(anonymous_4)
FN:42,(anonymous_5)
FN:47,(anonymous_6)
FN:47,(anonymous_7)
FN:52,(anonymous_8)
FN:81,(anonymous_9)
FN:94,(anonymous_10)
FN:100,(anonymous_11)
FN:104,(anonymous_12)
FN:106,(anonymous_13)
FN:107,(anonymous_14)
FN:113,(anonymous_15)
FN:116,(anonymous_16)
FN:122,(anonymous_17)
FN:127,(anonymous_18)
FN:133,(anonymous_19)
FN:146,(anonymous_20)
FN:160,(anonymous_21)
FN:160,(anonymous_22)
FN:161,(anonymous_23)
FN:162,(anonymous_24)
FN:163,(anonymous_25)
FN:164,(anonymous_26)
FN:177,(anonymous_27)
FN:178,(anonymous_28)
FN:181,(anonymous_29)
FN:185,(anonymous_30)
FN:188,(anonymous_31)
FN:199,(anonymous_32)
FN:202,(anonymous_33)
FN:209,(anonymous_34)
FN:225,(anonymous_35)
FN:226,(anonymous_36)
FN:227,(anonymous_37)
FN:231,(anonymous_38)
FN:250,(anonymous_39)
FN:251,(anonymous_40)
FN:256,(anonymous_41)
FN:277,(anonymous_42)
FN:296,(anonymous_43)
FN:299,(anonymous_44)
FN:303,(anonymous_45)
FN:306,(anonymous_46)
FN:309,(anonymous_47)
FN:344,(anonymous_48)
FN:349,(anonymous_49)
FN:356,(anonymous_50)
FN:362,(anonymous_51)
FN:365,(anonymous_52)
FN:370,(anonymous_53)
FN:382,discoverLangs
FN:384,(anonymous_55)
FN:389,(anonymous_56)
FN:390,(anonymous_57)
FN:399,App
FNF:59
FNH:0
FNDA:0,AppShell
FNDA:0,(anonymous_1)
FNDA:0,(anonymous_2)
FNDA:0,(anonymous_3)
FNDA:0,(anonymous_4)
FNDA:0,(anonymous_5)
FNDA:0,(anonymous_6)
FNDA:0,(anonymous_7)
FNDA:0,(anonymous_8)
FNDA:0,(anonymous_9)
FNDA:0,(anonymous_10)
FNDA:0,(anonymous_11)
FNDA:0,(anonymous_12)
FNDA:0,(anonymous_13)
FNDA:0,(anonymous_14)
FNDA:0,(anonymous_15)
FNDA:0,(anonymous_16)
FNDA:0,(anonymous_17)
FNDA:0,(anonymous_18)
FNDA:0,(anonymous_19)
FNDA:0,(anonymous_20)
FNDA:0,(anonymous_21)
FNDA:0,(anonymous_22)
FNDA:0,(anonymous_23)
FNDA:0,(anonymous_24)
FNDA:0,(anonymous_25)
FNDA:0,(anonymous_26)
FNDA:0,(anonymous_27)
FNDA:0,(anonymous_28)
FNDA:0,(anonymous_29)
FNDA:0,(anonymous_30)
FNDA:0,(anonymous_31)
FNDA:0,(anonymous_32)
FNDA:0,(anonymous_33)
FNDA:0,(anonymous_34)
FNDA:0,(anonymous_35)
FNDA:0,(anonymous_36)
FNDA:0,(anonymous_37)
FNDA:0,(anonymous_38)
FNDA:0,(anonymous_39)
FNDA:0,(anonymous_40)
FNDA:0,(anonymous_41)
FNDA:0,(anonymous_42)
FNDA:0,(anonymous_43)
FNDA:0,(anonymous_44)
FNDA:0,(anonymous_45)
FNDA:0,(anonymous_46)
FNDA:0,(anonymous_47)
FNDA:0,(anonymous_48)
FNDA:0,(anonymous_49)
FNDA:0,(anonymous_50)
FNDA:0,(anonymous_51)
FNDA:0,(anonymous_52)
FNDA:0,(anonymous_53)
FNDA:0,discoverLangs
FNDA:0,(anonymous_55)
FNDA:0,(anonymous_56)
FNDA:0,(anonymous_57)
FNDA:0,App
DA:21,0
DA:22,0
DA:23,0
DA:24,0
DA:27,0
DA:28,0
DA:29,0
DA:33,0
DA:34,0
DA:35,0
DA:36,0
DA:37,0
DA:39,0
DA:41,0
DA:42,0
DA:43,0
DA:44,0
DA:45,0
DA:47,0
DA:48,0
DA:49,0
DA:50,0
DA:53,0
DA:54,0
DA:55,0
DA:56,0
DA:57,0
DA:58,0
DA:59,0
DA:60,0
DA:61,0
DA:66,0
DA:67,0
DA:70,0
DA:71,0
DA:72,0
DA:73,0
DA:74,0
DA:77,0
DA:78,0
DA:81,0
DA:82,0
DA:83,0
DA:84,0
DA:85,0
DA:86,0
DA:87,0
DA:88,0
DA:89,0
DA:94,0
DA:95,0
DA:96,0
DA:100,0
DA:101,0
DA:102,0
DA:103,0
DA:104,0
DA:105,0
DA:106,0
DA:107,0
DA:108,0
DA:109,0
DA:110,0
DA:111,0
DA:112,0
DA:113,0
DA:116,0
DA:117,0
DA:118,0
DA:119,0
DA:122,0
DA:123,0
DA:124,0
DA:127,0
DA:128,0
DA:129,0
DA:130,0
DA:133,0
DA:134,0
DA:135,0
DA:136,0
DA:137,0
DA:139,0
DA:140,0
DA:141,0
DA:142,0
DA:146,0
DA:147,0
DA:148,0
DA:149,0
DA:150,0
DA:152,0
DA:153,0
DA:154,0
DA:155,0
DA:159,0
DA:160,0
DA:161,0
DA:162,0
DA:163,0
DA:165,0
DA:166,0
DA:167,0
DA:168,0
DA:169,0
DA:170,0
DA:177,0
DA:178,0
DA:179,0
DA:180,0
DA:181,0
DA:184,0
DA:185,0
DA:188,0
DA:189,0
DA:190,0
DA:191,0
DA:192,0
DA:194,0
DA:202,0
DA:203,0
DA:204,0
DA:208,0
DA:209,0
DA:210,0
DA:211,0
DA:212,0
DA:213,0
DA:214,0
DA:216,0
DA:221,0
DA:222,0
DA:225,0
DA:226,0
DA:227,0
DA:240,0
DA:241,0
DA:250,0
DA:251,0
DA:256,0
DA:265,0
DA:266,0
DA:269,0
DA:270,0
DA:272,0
DA:273,0
DA:274,0
DA:275,0
DA:277,0
DA:278,0
DA:280,0
DA:296,0
DA:299,0
DA:303,0
DA:306,0
DA:309,0
DA:344,0
DA:349,0
DA:356,0
DA:362,0
DA:365,0
DA:370,0
DA:383,0
DA:384,0
DA:385,0
DA:386,0
DA:387,0
DA:388,0
DA:389,0
DA:390,0
DA:391,0
DA:393,0
DA:395,0
DA:396,0
DA:400,0
LF:175
LH:0
BRDA:28,0,0,0
BRDA:28,0,1,0
BRDA:29,1,0,0
BRDA:29,1,1,0
BRDA:29,2,0,0
BRDA:29,2,1,0
BRDA:34,3,0,0
BRDA:34,3,1,0
BRDA:54,4,0,0
BRDA:54,4,1,0
BRDA:56,5,0,0
BRDA:56,5,1,0
BRDA:58,6,0,0
BRDA:58,6,1,0
BRDA:58,7,0,0
BRDA:58,7,1,0
BRDA:82,8,0,0
BRDA:82,8,1,0
BRDA:86,9,0,0
BRDA:86,9,1,0
BRDA:86,10,0,0
BRDA:86,10,1,0
BRDA:88,11,0,0
BRDA:88,11,1,0
BRDA:95,12,0,0
BRDA:95,12,1,0
BRDA:96,13,0,0
BRDA:96,13,1,0
BRDA:102,14,0,0
BRDA:102,14,1,0
BRDA:108,15,0,0
BRDA:108,15,1,0
BRDA:108,16,0,0
BRDA:108,16,1,0
BRDA:109,17,0,0
BRDA:109,17,1,0
BRDA:110,18,0,0
BRDA:110,18,1,0
BRDA:110,19,0,0
BRDA:110,19,1,0
BRDA:110,20,0,0
BRDA:110,20,1,0
BRDA:110,21,0,0
BRDA:110,21,1,0
BRDA:110,22,0,0
BRDA:110,22,1,0
BRDA:111,23,0,0
BRDA:111,23,1,0
BRDA:111,24,0,0
BRDA:111,24,1,0
BRDA:134,25,0,0
BRDA:134,25,1,0
BRDA:136,26,0,0
BRDA:136,26,1,0
BRDA:140,27,0,0
BRDA:140,27,1,0
BRDA:142,28,0,0
BRDA:142,28,1,0
BRDA:147,29,0,0
BRDA:147,29,1,0
BRDA:149,30,0,0
BRDA:149,30,1,0
BRDA:153,31,0,0
BRDA:153,31,1,0
BRDA:153,32,0,0
BRDA:153,32,1,0
BRDA:155,33,0,0
BRDA:155,33,1,0
BRDA:170,34,0,0
BRDA:170,34,1,0
BRDA:170,35,0,0
BRDA:170,35,1,0
BRDA:179,36,0,0
BRDA:179,36,1,0
BRDA:179,37,0,0
BRDA:179,37,1,0
BRDA:179,37,2,0
BRDA:189,38,0,0
BRDA:189,38,1,0
BRDA:192,39,0,0
BRDA:192,39,1,0
BRDA:197,40,0,0
BRDA:197,40,1,0
BRDA:198,41,0,0
BRDA:198,41,1,0
BRDA:204,42,0,0
BRDA:204,42,1,0
BRDA:210,43,0,0
BRDA:210,43,1,0
BRDA:211,44,0,0
BRDA:211,44,1,0
BRDA:216,45,0,0
BRDA:216,45,1,0
BRDA:221,46,0,0
BRDA:221,46,1,0
BRDA:221,47,0,0
BRDA:221,47,1,0
BRDA:221,47,2,0
BRDA:240,48,0,0
BRDA:240,48,1,0
BRDA:251,49,0,0
BRDA:251,49,1,0
BRDA:254,50,0,0
BRDA:254,50,1,0
BRDA:265,51,0,0
BRDA:265,51,1,0
BRDA:270,52,0,0
BRDA:270,52,1,0
BRDA:277,53,0,0
BRDA:277,53,1,0
BRDA:277,54,0,0
BRDA:277,54,1,0
BRDA:278,55,0,0
BRDA:278,55,1,0
BRDA:285,56,0,0
BRDA:285,56,1,0
BRDA:290,57,0,0
BRDA:290,57,1,0
BRDA:296,58,0,0
BRDA:296,58,1,0
BRDA:332,59,0,0
BRDA:332,59,1,0
BRDA:332,60,0,0
BRDA:332,60,1,0
BRDA:385,61,0,0
BRDA:385,61,1,0
BRDA:385,62,0,0
BRDA:385,62,1,0
BRDA:386,63,0,0
BRDA:386,63,1,0
BRDA:389,64,0,0
BRDA:389,64,1,0
BRDA:389,65,0,0
BRDA:389,65,1,0
BRDA:389,65,2,0
BRF:135
BRH:0
end_of_record
TN:
SF:src/components/VersionBadge.tsx
FN:38,isLang
FN:42,getLang
FN:53,t
FN:57,VersionBadge
FN:64,(anonymous_4)
FN:69,(anonymous_5)
FN:70,(anonymous_6)
FN:75,(anonymous_7)
FN:81,(anonymous_8)
FNF:9
FNH:0
FNDA:0,isLang
FNDA:0,getLang
FNDA:0,t
FNDA:0,VersionBadge
FNDA:0,(anonymous_4)
FNDA:0,(anonymous_5)
FNDA:0,(anonymous_6)
FNDA:0,(anonymous_7)
FNDA:0,(anonymous_8)
DA:17,0
DA:39,0
DA:43,0
DA:44,0
DA:45,0
DA:49,0
DA:50,0
DA:54,0
DA:58,0
DA:59,0
DA:62,0
DA:64,0
DA:65,0
DA:66,0
DA:67,0
DA:69,0
DA:70,0
DA:73,0
DA:75,0
DA:76,0
DA:77,0
DA:81,0
DA:84,0
DA:86,0
LF:24
LH:0
BRDA:39,0,0,0
BRDA:39,0,1,0
BRDA:39,0,2,0
BRDA:45,1,0,0
BRDA:45,1,1,0
BRDA:45,2,0,0
BRDA:45,2,1,0
BRDA:49,3,0,0
BRDA:49,3,1,0
BRDA:50,4,0,0
BRDA:50,4,1,0
BRDA:65,5,0,0
BRDA:65,5,1,0
BRDA:73,6,0,0
BRDA:73,6,1,0
BRDA:84,7,0,0
BRDA:84,7,1,0
BRDA:105,8,0,0
BRDA:105,8,1,0
BRF:19
BRH:0
end_of_record
TN:
SF:src/components/Canvas/Canvas.tsx
FN:50,Canvas
FN:64,(anonymous_1)
FN:65,(anonymous_2)
FN:72,(anonymous_3)
FN:76,(anonymous_4)
FN:97,(anonymous_5)
FN:118,(anonymous_6)
FN:138,(anonymous_7)
FN:166,(anonymous_8)
FN:168,(anonymous_9)
FN:170,(anonymous_10)
FN:175,(anonymous_11)
FN:183,(anonymous_12)
FN:193,(anonymous_13)
FN:201,(anonymous_14)
FN:318,LanesLayer
FN:322,(anonymous_16)
FN:363,PhasesLayer
FN:367,(anonymous_18)
FN:387,(anonymous_19)
FN:413,EdgesLayer
FN:423,(anonymous_21)
FN:442,(anonymous_22)
FN:469,NodesLayer
FN:479,(anonymous_24)
FN:486,(anonymous_25)
FN:497,(anonymous_26)
FNF:27
FNH:0
FNDA:0,Canvas
FNDA:0,(anonymous_1)
FNDA:0,(anonymous_2)
FNDA:0,(anonymous_3)
FNDA:0,(anonymous_4)
FNDA:0,(anonymous_5)
FNDA:0,(anonymous_6)
FNDA:0,(anonymous_7)
FNDA:0,(anonymous_8)
FNDA:0,(anonymous_9)
FNDA:0,(anonymous_10)
FNDA:0,(anonymous_11)
FNDA:0,(anonymous_12)
FNDA:0,(anonymous_13)
FNDA:0,(anonymous_14)
FNDA:0,LanesLayer
FNDA:0,(anonymous_16)
FNDA:0,PhasesLayer
FNDA:0,(anonymous_18)
FNDA:0,(anonymous_19)
FNDA:0,EdgesLayer
FNDA:0,(anonymous_21)
FNDA:0,(anonymous_22)
FNDA:0,NodesLayer
FNDA:0,(anonymous_24)
FNDA:0,(anonymous_25)
FNDA:0,(anonymous_26)
DA:25,0
DA:40,0
DA:43,0
DA:45,0
DA:47,0
DA:48,0
DA:60,0
DA:64,0
DA:65,0
DA:68,0
DA:72,0
DA:73,0
DA:74,0
DA:75,0
DA:76,0
DA:77,0
DA:78,0
DA:81,0
DA:85,0
DA:95,0
DA:97,0
DA:100,0
DA:101,0
DA:102,0
DA:105,0
DA:106,0
DA:107,0
DA:108,0
DA:118,0
DA:119,0
DA:120,0
DA:121,0
DA:122,0
DA:123,0
DA:124,0
DA:125,0
DA:126,0
DA:127,0
DA:128,0
DA:129,0
DA:134,0
DA:135,0
DA:138,0
DA:139,0
DA:140,0
DA:141,0
DA:142,0
DA:143,0
DA:146,0
DA:148,0
DA:149,0
DA:153,0
DA:165,0
DA:166,0
DA:167,0
DA:168,0
DA:170,0
DA:171,0
DA:172,0
DA:173,0
DA:174,0
DA:175,0
DA:176,0
DA:177,0
DA:178,0
DA:179,0
DA:180,0
DA:181,0
DA:183,0
DA:186,0
DA:187,0
DA:188,0
DA:189,0
DA:190,0
DA:192,0
DA:193,0
DA:194,0
DA:195,0
DA:201,0
DA:204,0
DA:205,0
DA:206,0
DA:208,0
DA:209,0
DA:210,0
DA:212,0
DA:218,0
DA:220,0
DA:227,0
DA:319,0
DA:320,0
DA:323,0
DA:324,0
DA:325,0
DA:326,0
DA:327,0
DA:364,0
DA:365,0
DA:368,0
DA:369,0
DA:370,0
DA:371,0
DA:372,0
DA:374,0
DA:388,0
DA:421,0
DA:424,0
DA:425,0
DA:426,0
DA:428,0
DA:429,0
DA:430,0
DA:431,0
DA:432,0
DA:433,0
DA:434,0
DA:435,0
DA:436,0
DA:437,0
DA:438,0
DA:442,0
DA:443,0
DA:444,0
DA:446,0
DA:479,0
DA:480,0
DA:481,0
DA:482,0
DA:484,0
DA:487,0
DA:488,0
DA:489,0
DA:490,0
DA:491,0
DA:492,0
DA:493,0
DA:494,0
DA:495,0
DA:496,0
DA:497,0
DA:498,0
DA:499,0
DA:501,0
LF:143
LH:0
BRDA:75,0,0,0
BRDA:75,0,1,0
BRDA:77,1,0,0
BRDA:77,1,1,0
BRDA:78,2,0,0
BRDA:78,2,1,0
BRDA:101,3,0,0
BRDA:101,3,1,0
BRDA:101,4,0,0
BRDA:101,4,1,0
BRDA:101,4,2,0
BRDA:101,4,3,0
BRDA:101,4,4,0
BRDA:105,5,0,0
BRDA:105,5,1,0
BRDA:105,6,0,0
BRDA:105,6,1,0
BRDA:107,7,0,0
BRDA:107,7,1,0
BRDA:121,8,0,0
BRDA:121,8,1,0
BRDA:121,9,0,0
BRDA:121,9,1,0
BRDA:121,9,2,0
BRDA:124,10,0,0
BRDA:124,10,1,0
BRDA:124,11,0,0
BRDA:124,11,1,0
BRDA:125,12,0,0
BRDA:125,12,1,0
BRDA:127,13,0,0
BRDA:127,13,1,0
BRDA:141,14,0,0
BRDA:141,14,1,0
BRDA:141,15,0,0
BRDA:141,15,1,0
BRDA:142,16,0,0
BRDA:142,16,1,0
BRDA:143,17,0,0
BRDA:143,17,1,0
BRDA:149,18,0,0
BRDA:149,18,1,0
BRDA:172,19,0,0
BRDA:172,19,1,0
BRDA:176,20,0,0
BRDA:176,20,1,0
BRDA:186,21,0,0
BRDA:186,21,1,0
BRDA:189,22,0,0
BRDA:189,22,1,0
BRDA:195,23,0,0
BRDA:195,23,1,0
BRDA:204,24,0,0
BRDA:204,24,1,0
BRDA:209,25,0,0
BRDA:209,25,1,0
BRDA:209,26,0,0
BRDA:209,26,1,0
BRDA:209,26,2,0
BRDA:209,26,3,0
BRDA:209,26,4,0
BRDA:324,27,0,0
BRDA:324,27,1,0
BRDA:331,28,0,0
BRDA:331,28,1,0
BRDA:342,29,0,0
BRDA:342,29,1,0
BRDA:369,30,0,0
BRDA:369,30,1,0
BRDA:377,31,0,0
BRDA:377,31,1,0
BRDA:426,32,0,0
BRDA:426,32,1,0
BRDA:430,33,0,0
BRDA:430,33,1,0
BRDA:431,34,0,0
BRDA:431,34,1,0
BRDA:432,35,0,0
BRDA:432,35,1,0
BRDA:435,36,0,0
BRDA:435,36,1,0
BRDA:438,37,0,0
BRDA:438,37,1,0
BRDA:438,38,0,0
BRDA:438,38,1,0
BRDA:480,39,0,0
BRDA:480,39,1,0
BRDA:482,40,0,0
BRDA:482,40,1,0
BRDA:488,41,0,0
BRDA:488,41,1,0
BRDA:490,42,0,0
BRDA:490,42,1,0
BRDA:491,43,0,0
BRDA:491,43,1,0
BRDA:492,44,0,0
BRDA:492,44,1,0
BRDA:493,45,0,0
BRDA:493,45,1,0
BRDA:494,46,0,0
BRDA:494,46,1,0
BRDA:510,47,0,0
BRDA:510,47,1,0
BRDA:520,48,0,0
BRDA:520,48,1,0
BRDA:536,49,0,0
BRDA:536,49,1,0
BRF:107
BRH:0
end_of_record
TN:
SF:src/components/Canvas/StickyHeaders.tsx
FN:26,StickyHeaders
FN:45,PhaseHeader
FN:55,(anonymous_2)
FN:99,LaneLabels
FN:109,(anonymous_4)
FN:152,Corner
FNF:6
FNH:0
FNDA:0,StickyHeaders
FNDA:0,PhaseHeader
FNDA:0,(anonymous_2)
FNDA:0,LaneLabels
FNDA:0,(anonymous_4)
FNDA:0,Corner
DA:16,0
DA:17,0
DA:27,0
DA:28,0
DA:46,0
DA:56,0
DA:57,0
DA:61,0
DA:62,0
DA:63,0
DA:64,0
DA:100,0
DA:110,0
DA:111,0
DA:112,0
DA:113,0
DA:114,0
DA:115,0
DA:153,0
LF:19
LH:0
BRDA:57,0,0,0
BRDA:57,0,1,0
BRDA:73,1,0,0
BRDA:73,1,1,0
BRDA:111,2,0,0
BRDA:111,2,1,0
BRDA:114,3,0,0
BRDA:114,3,1,0
BRDA:123,4,0,0
BRDA:123,4,1,0
BRDA:128,5,0,0
BRDA:128,5,1,0
BRF:12
BRH:0
end_of_record
TN:
SF:src/components/CodeDrawer/CodeDrawer.tsx
FN:51,CodeDrawer
FN:57,(anonymous_1)
FN:64,(anonymous_2)
FN:64,(anonymous_3)
FN:67,(anonymous_4)
FN:68,(anonymous_5)
FN:74,(anonymous_6)
FN:83,(anonymous_7)
FN:84,(anonymous_8)
FN:92,(anonymous_9)
FN:97,(anonymous_10)
FN:103,(anonymous_11)
FN:105,onKey
FN:109,(anonymous_13)
FN:115,(anonymous_14)
FN:146,(anonymous_15)
FN:149,(anonymous_16)
FN:156,(anonymous_17)
FN:161,(anonymous_18)
FN:169,(anonymous_19)
FN:179,(anonymous_20)
FN:187,(anonymous_21)
FN:201,(anonymous_22)
FN:211,(anonymous_23)
FN:220,(anonymous_24)
FN:231,(anonymous_25)
FN:276,(anonymous_26)
FN:285,(anonymous_27)
FNF:28
FNH:27
FNDA:96,CodeDrawer
FNDA:17,(anonymous_1)
FNDA:16,(anonymous_2)
FNDA:30,(anonymous_3)
FNDA:18,(anonymous_4)
FNDA:18,(anonymous_5)
FNDA:0,(anonymous_6)
FNDA:30,(anonymous_7)
FNDA:30,(anonymous_8)
FNDA:32,(anonymous_9)
FNDA:17,(anonymous_10)
FNDA:18,(anonymous_11)
FNDA:45,onKey
FNDA:17,(anonymous_13)
FNDA:7,(anonymous_14)
FNDA:50,(anonymous_15)
FNDA:50,(anonymous_16)
FNDA:7,(anonymous_17)
FNDA:2,(anonymous_18)
FNDA:2,(anonymous_19)
FNDA:1,(anonymous_20)
FNDA:1,(anonymous_21)
FNDA:72,(anonymous_22)
FNDA:2,(anonymous_23)
FNDA:1,(anonymous_24)
FNDA:1,(anonymous_25)
FNDA:188,(anonymous_26)
FNDA:1,(anonymous_27)
DA:48,1
DA:49,1
DA:52,96
DA:53,96
DA:56,96
DA:57,96
DA:58,17
DA:64,96
DA:67,96
DA:68,18
DA:74,18
DA:75,18
DA:80,96
DA:81,96
DA:82,96
DA:83,30
DA:84,30
DA:87,96
DA:88,96
DA:91,96
DA:92,96
DA:93,16
DA:97,96
DA:98,17
DA:99,17
DA:103,96
DA:104,18
DA:106,45
DA:108,17
DA:109,17
DA:112,96
DA:113,96
DA:115,96
DA:116,7
DA:117,7
DA:118,7
DA:119,7
DA:120,1
DA:121,1
DA:122,1
DA:124,6
DA:125,6
DA:126,6
DA:127,1
DA:130,1
DA:131,1
DA:132,1
DA:133,1
DA:136,5
DA:137,7
DA:138,7
DA:139,5
DA:140,5
DA:141,5
DA:142,5
DA:143,5
DA:146,96
DA:147,50
DA:148,50
DA:149,50
DA:150,50
DA:151,50
DA:152,50
DA:154,50
DA:155,50
DA:156,50
DA:157,7
DA:161,96
DA:162,2
DA:163,2
DA:164,2
DA:165,2
DA:166,2
DA:167,2
DA:168,2
DA:169,2
DA:170,2
DA:171,2
DA:172,2
DA:174,2
DA:175,2
DA:176,2
DA:179,96
DA:180,1
DA:181,1
DA:182,1
DA:183,1
DA:184,1
DA:185,1
DA:186,1
DA:187,1
DA:188,1
DA:189,1
DA:190,1
DA:192,1
DA:193,1
DA:194,1
DA:197,96
DA:198,96
DA:201,96
DA:202,72
DA:203,71
DA:204,71
DA:205,71
DA:211,96
DA:212,2
DA:213,2
DA:214,2
DA:220,96
DA:221,1
DA:222,1
DA:223,1
DA:224,1
DA:225,1
DA:226,1
DA:227,1
DA:228,1
DA:229,1
DA:230,1
DA:231,1
DA:234,96
DA:236,96
DA:243,96
DA:246,96
DA:253,96
DA:277,188
DA:278,188
DA:285,1
DA:349,1
LF:129
LH:129
BRDA:58,0,0,1
BRDA:58,0,1,16
BRDA:74,1,0,0
BRDA:74,1,1,18
BRDA:82,2,0,15
BRDA:82,2,1,81
BRDA:93,3,0,7
BRDA:93,3,1,9
BRDA:104,4,0,1
BRDA:104,4,1,17
BRDA:106,5,0,1
BRDA:106,5,1,44
BRDA:113,6,0,96
BRDA:113,6,1,2
BRDA:113,6,2,2
BRDA:117,7,0,0
BRDA:117,7,1,7
BRDA:119,8,0,1
BRDA:119,8,1,6
BRDA:126,9,0,1
BRDA:126,9,1,5
BRDA:126,10,0,6
BRDA:126,10,1,6
BRDA:130,11,0,1
BRDA:130,11,1,0
BRDA:136,12,0,5
BRDA:136,12,1,0
BRDA:138,13,0,0
BRDA:138,13,1,7
BRDA:155,14,0,43
BRDA:155,14,1,7
BRDA:165,15,0,0
BRDA:165,15,1,2
BRDA:165,16,0,2
BRDA:165,16,1,2
BRDA:165,16,2,2
BRDA:167,17,0,0
BRDA:167,17,1,2
BRDA:183,18,0,0
BRDA:183,18,1,1
BRDA:183,19,0,1
BRDA:183,19,1,1
BRDA:183,19,2,1
BRDA:185,20,0,0
BRDA:185,20,1,1
BRDA:197,21,0,96
BRDA:197,21,1,2
BRDA:198,22,0,96
BRDA:198,22,1,2
BRDA:202,23,0,1
BRDA:202,23,1,71
BRDA:212,24,0,0
BRDA:212,24,1,2
BRDA:221,25,0,0
BRDA:221,25,1,1
BRDA:222,26,0,0
BRDA:222,26,1,1
BRDA:234,27,0,94
BRDA:234,27,1,2
BRDA:236,28,0,29
BRDA:236,28,1,67
BRDA:238,29,0,50
BRDA:238,29,1,17
BRDA:240,30,0,1
BRDA:240,30,1,16
BRDA:243,31,0,16
BRDA:243,31,1,80
BRDA:256,32,0,94
BRDA:256,32,1,2
BRDA:277,33,0,94
BRDA:277,33,1,94
BRDA:339,34,0,94
BRDA:339,34,1,2
BRDA:343,35,0,1
BRDA:343,35,1,95
BRF:75
BRH:63
end_of_record
TN:
SF:src/components/DragDrop/DragDropOverlay.tsx
FN:20,isFileDrag
FN:30,DragDropOverlay
FN:37,(anonymous_2)
FN:38,(anonymous_3)
FN:44,(anonymous_4)
FN:49,(anonymous_5)
FN:54,(anonymous_6)
FN:67,(anonymous_7)
FNF:8
FNH:0
FNDA:0,isFileDrag
FNDA:0,DragDropOverlay
FNDA:0,(anonymous_2)
FNDA:0,(anonymous_3)
FNDA:0,(anonymous_4)
FNDA:0,(anonymous_5)
FNDA:0,(anonymous_6)
FNDA:0,(anonymous_7)
DA:21,0
DA:22,0
DA:23,0
DA:24,0
DA:25,0
DA:27,0
DA:31,0
DA:32,0
DA:35,0
DA:37,0
DA:38,0
DA:39,0
DA:40,0
DA:41,0
DA:42,0
DA:44,0
DA:45,0
DA:46,0
DA:47,0
DA:49,0
DA:50,0
DA:51,0
DA:52,0
DA:54,0
DA:55,0
DA:56,0
DA:57,0
DA:58,0
DA:59,0
DA:60,0
DA:63,0
DA:64,0
DA:65,0
DA:66,0
DA:67,0
DA:68,0
DA:69,0
DA:70,0
DA:71,0
DA:75,0
DA:77,0
LF:41
LH:0
BRDA:22,0,0,0
BRDA:22,0,1,0
BRDA:25,1,0,0
BRDA:25,1,1,0
BRDA:25,2,0,0
BRDA:25,2,1,0
BRDA:39,3,0,0
BRDA:39,3,1,0
BRDA:45,4,0,0
BRDA:45,4,1,0
BRDA:47,5,0,0
BRDA:47,5,1,0
BRDA:50,6,0,0
BRDA:50,6,1,0
BRDA:52,7,0,0
BRDA:52,7,1,0
BRDA:55,8,0,0
BRDA:55,8,1,0
BRDA:60,9,0,0
BRDA:60,9,1,0
BRDA:75,10,0,0
BRDA:75,10,1,0
BRDA:78,11,0,0
BRDA:78,11,1,0
BRF:24
BRH:0
end_of_record
TN:
SF:src/components/NodeDrawer/NodeDrawer.tsx
FN:41,NodeDrawer
FN:49,(anonymous_1)
FN:51,onKey
FN:55,(anonymous_3)
FN:59,(anonymous_4)
FN:101,renderNode
FN:115,(anonymous_6)
FN:115,(anonymous_7)
FN:116,(anonymous_8)
FN:116,(anonymous_9)
FN:162,(anonymous_10)
FN:174,(anonymous_11)
FN:182,(anonymous_12)
FN:195,(anonymous_13)
FN:203,(anonymous_14)
FN:218,(anonymous_15)
FN:226,(anonymous_16)
FN:235,renderMetaRow
FN:251,renderStateSection
FN:294,ToolsetRow
FN:303,(anonymous_20)
FN:312,ModePill
FN:336,resolveModule
FN:350,ModuleRow
FN:364,(anonymous_24)
FN:389,renderEdge
FN:442,(anonymous_26)
FN:449,(anonymous_27)
FN:460,isBackward
FNF:29
FNH:29
FNDA:21,NodeDrawer
FNDA:21,(anonymous_1)
FNDA:2,onKey
FNDA:20,(anonymous_3)
FNDA:21,(anonymous_4)
FNDA:14,renderNode
FNDA:25,(anonymous_6)
FNDA:11,(anonymous_7)
FNDA:25,(anonymous_8)
FNDA:11,(anonymous_9)
FNDA:9,(anonymous_10)
FNDA:11,(anonymous_11)
FNDA:1,(anonymous_12)
FNDA:11,(anonymous_13)
FNDA:1,(anonymous_14)
FNDA:1,(anonymous_15)
FNDA:1,(anonymous_16)
FNDA:53,renderMetaRow
FNDA:18,renderStateSection
FNDA:36,ToolsetRow
FNDA:36,(anonymous_20)
FNDA:36,ModePill
FNDA:9,resolveModule
FNDA:9,ModuleRow
FNDA:9,(anonymous_24)
FNDA:5,renderEdge
FNDA:1,(anonymous_26)
FNDA:1,(anonymous_27)
FNDA:4,isBackward
DA:45,21
DA:49,21
DA:50,21
DA:52,2
DA:54,20
DA:55,20
DA:59,21
DA:60,21
DA:61,63
DA:62,21
DA:63,42
DA:64,21
DA:65,42
DA:66,21
DA:69,21
DA:71,19
DA:73,21
DA:109,14
DA:110,14
DA:111,13
DA:112,13
DA:113,13
DA:115,25
DA:116,25
DA:118,13
DA:119,13
DA:120,14
DA:124,14
DA:125,14
DA:127,14
DA:163,9
DA:175,11
DA:176,11
DA:177,11
DA:182,1
DA:196,11
DA:197,11
DA:198,11
DA:203,1
DA:218,1
DA:226,1
DA:240,53
DA:241,49
DA:257,18
DA:258,18
DA:259,18
DA:260,18
DA:261,18
DA:262,18
DA:263,18
DA:266,18
DA:299,36
DA:300,36
DA:304,36
DA:317,36
DA:318,36
DA:319,36
DA:320,36
DA:321,36
DA:324,36
DA:329,36
DA:340,9
DA:341,0
DA:342,0
DA:343,0
DA:345,0
DA:347,9
DA:356,9
DA:357,9
DA:358,9
DA:365,9
DA:395,5
DA:396,5
DA:397,5
DA:398,4
DA:399,4
DA:400,4
DA:401,4
DA:402,4
DA:404,4
DA:405,4
DA:406,4
DA:407,4
DA:413,5
DA:442,1
DA:449,1
DA:466,4
DA:467,4
DA:468,4
DA:469,4
DA:470,4
LF:91
LH:87
BRDA:50,0,0,1
BRDA:50,0,1,20
BRDA:52,1,0,1
BRDA:52,1,1,1
BRDA:69,2,0,2
BRDA:69,2,1,19
BRDA:69,3,0,21
BRDA:69,3,1,20
BRDA:71,4,0,19
BRDA:71,4,1,0
BRDA:76,5,0,19
BRDA:76,5,1,0
BRDA:88,6,0,14
BRDA:88,6,1,5
BRDA:88,7,0,21
BRDA:88,7,1,14
BRDA:91,8,0,5
BRDA:91,8,1,14
BRDA:91,9,0,21
BRDA:91,9,1,5
BRDA:110,10,0,1
BRDA:110,10,1,13
BRDA:113,11,0,0
BRDA:113,11,1,13
BRDA:113,12,0,13
BRDA:113,12,1,13
BRDA:119,13,0,3
BRDA:119,13,1,10
BRDA:120,14,0,10
BRDA:120,14,1,3
BRDA:120,15,0,14
BRDA:120,15,1,13
BRDA:125,16,0,14
BRDA:125,16,1,4
BRDA:125,16,2,4
BRDA:125,16,3,4
BRDA:125,16,4,4
BRDA:130,17,0,14
BRDA:130,17,1,0
BRDA:140,18,0,9
BRDA:140,18,1,4
BRDA:142,19,0,9
BRDA:142,19,1,4
BRDA:152,20,0,9
BRDA:152,20,1,4
BRDA:153,21,0,9
BRDA:153,21,1,4
BRDA:155,22,0,9
BRDA:155,22,1,4
BRDA:155,23,0,14
BRDA:155,23,1,9
BRDA:171,24,0,2
BRDA:171,24,1,11
BRDA:176,25,0,0
BRDA:176,25,1,11
BRDA:192,26,0,2
BRDA:192,26,1,11
BRDA:197,27,0,0
BRDA:197,27,1,11
BRDA:218,28,0,1
BRDA:218,28,1,0
BRDA:226,29,0,1
BRDA:226,29,1,0
BRDA:240,30,0,4
BRDA:240,30,1,49
BRDA:258,31,0,18
BRDA:258,31,1,9
BRDA:259,32,0,18
BRDA:259,32,1,9
BRDA:260,33,0,18
BRDA:260,33,1,9
BRDA:261,34,0,18
BRDA:261,34,1,9
BRDA:262,35,0,18
BRDA:262,35,1,9
BRDA:262,35,2,9
BRDA:262,35,3,9
BRDA:263,36,0,9
BRDA:263,36,1,9
BRDA:271,37,0,9
BRDA:271,37,1,9
BRDA:274,38,0,9
BRDA:274,38,1,9
BRDA:281,39,0,9
BRDA:281,39,1,9
BRDA:299,40,0,0
BRDA:299,40,1,36
BRDA:318,41,0,0
BRDA:318,41,1,36
BRDA:320,42,0,36
BRDA:320,42,1,0
BRDA:321,43,0,36
BRDA:321,43,1,0
BRDA:340,44,0,0
BRDA:340,44,1,9
BRDA:342,45,0,0
BRDA:342,45,1,0
BRDA:343,46,0,0
BRDA:343,46,1,0
BRDA:357,47,0,9
BRDA:357,47,1,0
BRDA:361,48,0,9
BRDA:361,48,1,0
BRDA:361,48,2,0
BRDA:362,49,0,0
BRDA:362,49,1,9
BRDA:367,50,0,9
BRDA:367,50,1,0
BRDA:397,51,0,1
BRDA:397,51,1,4
BRDA:397,52,0,5
BRDA:397,52,1,4
BRDA:402,53,0,0
BRDA:402,53,1,4
BRDA:402,54,0,4
BRDA:402,54,1,4
BRDA:402,54,2,4
BRDA:402,54,3,4
BRDA:407,55,0,1
BRDA:407,55,1,3
BRDA:408,56,0,0
BRDA:408,56,1,1
BRDA:409,57,0,1
BRDA:409,57,1,2
BRDA:410,58,0,1
BRDA:410,58,1,0
BRDA:416,59,0,5
BRDA:416,59,1,0
BRDA:416,60,0,5
BRDA:416,60,1,0
BRDA:420,61,0,1
BRDA:420,61,1,3
BRDA:469,62,0,0
BRDA:469,62,1,4
BRDA:469,63,0,4
BRDA:469,63,1,4
BRF:136
BRH:108
end_of_record
TN:
SF:src/components/SearchModal/SearchModal.tsx
FN:46,buildIndex
FN:47,(anonymous_1)
FN:48,(anonymous_2)
FN:49,(anonymous_3)
FN:59,filterResults
FN:86,highlight
FN:102,SearchModal
FN:116,(anonymous_7)
FN:117,(anonymous_8)
FN:120,(anonymous_9)
FN:130,(anonymous_10)
FN:132,(anonymous_11)
FN:133,(anonymous_12)
FN:139,(anonymous_13)
FN:140,(anonymous_14)
FN:148,(anonymous_15)
FN:154,(anonymous_16)
FN:156,(anonymous_17)
FN:164,(anonymous_18)
FN:167,(anonymous_19)
FN:178,(anonymous_20)
FN:181,(anonymous_21)
FN:218,(anonymous_22)
FN:235,(anonymous_23)
FN:246,(anonymous_24)
FN:247,(anonymous_25)
FNF:26
FNH:0
FNDA:0,buildIndex
FNDA:0,(anonymous_1)
FNDA:0,(anonymous_2)
FNDA:0,(anonymous_3)
FNDA:0,filterResults
FNDA:0,highlight
FNDA:0,SearchModal
FNDA:0,(anonymous_7)
FNDA:0,(anonymous_8)
FNDA:0,(anonymous_9)
FNDA:0,(anonymous_10)
FNDA:0,(anonymous_11)
FNDA:0,(anonymous_12)
FNDA:0,(anonymous_13)
FNDA:0,(anonymous_14)
FNDA:0,(anonymous_15)
FNDA:0,(anonymous_16)
FNDA:0,(anonymous_17)
FNDA:0,(anonymous_18)
FNDA:0,(anonymous_19)
FNDA:0,(anonymous_20)
FNDA:0,(anonymous_21)
FNDA:0,(anonymous_22)
FNDA:0,(anonymous_23)
FNDA:0,(anonymous_24)
FNDA:0,(anonymous_25)
DA:44,0
DA:47,0
DA:48,0
DA:49,0
DA:60,0
DA:61,0
DA:62,0
DA:63,0
DA:64,0
DA:77,0
DA:78,0
DA:79,0
DA:82,0
DA:87,0
DA:88,0
DA:89,0
DA:90,0
DA:91,0
DA:92,0
DA:93,0
DA:109,0
DA:110,0
DA:111,0
DA:112,0
DA:113,0
DA:116,0
DA:117,0
DA:120,0
DA:121,0
DA:122,0
DA:123,0
DA:130,0
DA:131,0
DA:132,0
DA:133,0
DA:135,0
DA:139,0
DA:140,0
DA:141,0
DA:142,0
DA:143,0
DA:148,0
DA:149,0
DA:150,0
DA:154,0
DA:155,0
DA:156,0
DA:157,0
DA:158,0
DA:159,0
DA:160,0
DA:162,0
DA:163,0
DA:164,0
DA:165,0
DA:166,0
DA:167,0
DA:168,0
DA:169,0
DA:170,0
DA:171,0
DA:172,0
DA:173,0
DA:177,0
DA:178,0
DA:181,0
DA:183,0
DA:184,0
DA:189,0
DA:191,0
DA:218,0
DA:237,0
DA:238,0
DA:246,0
DA:247,0
LF:75
LH:0
BRDA:51,0,0,0
BRDA:51,0,1,0
BRDA:52,1,0,0
BRDA:52,1,1,0
BRDA:53,2,0,0
BRDA:53,2,1,0
BRDA:54,3,0,0
BRDA:54,3,1,0
BRDA:55,4,0,0
BRDA:55,4,1,0
BRDA:60,5,0,0
BRDA:60,5,1,0
BRDA:77,6,0,0
BRDA:77,6,1,0
BRDA:79,7,0,0
BRDA:79,7,1,0
BRDA:87,8,0,0
BRDA:87,8,1,0
BRDA:89,9,0,0
BRDA:89,9,1,0
BRDA:116,10,0,0
BRDA:116,10,1,0
BRDA:121,11,0,0
BRDA:121,11,1,0
BRDA:131,12,0,0
BRDA:131,12,1,0
BRDA:141,13,0,0
BRDA:141,13,1,0
BRDA:142,14,0,0
BRDA:142,14,1,0
BRDA:149,15,0,0
BRDA:149,15,1,0
BRDA:155,16,0,0
BRDA:155,16,1,0
BRDA:157,17,0,0
BRDA:157,17,1,0
BRDA:162,18,0,0
BRDA:162,18,1,0
BRDA:164,19,0,0
BRDA:164,19,1,0
BRDA:165,20,0,0
BRDA:165,20,1,0
BRDA:167,21,0,0
BRDA:167,21,1,0
BRDA:168,22,0,0
BRDA:168,22,1,0
BRDA:171,23,0,0
BRDA:171,23,1,0
BRDA:189,24,0,0
BRDA:189,24,1,0
BRDA:197,25,0,0
BRDA:197,25,1,0
BRDA:222,26,0,0
BRDA:222,26,1,0
BRDA:232,27,0,0
BRDA:232,27,1,0
BRDA:237,28,0,0
BRDA:237,28,1,0
BRDA:242,29,0,0
BRDA:242,29,1,0
BRDA:252,30,0,0
BRDA:252,30,1,0
BRDA:253,31,0,0
BRDA:253,31,1,0
BRDA:254,32,0,0
BRDA:254,32,1,0
BRF:66
BRH:0
end_of_record
TN:
SF:src/components/SettingsDrawer/SettingsDrawer.tsx
FN:72,sampleThemePalette
FN:83,(anonymous_1)
FN:99,SettingsDrawer
FN:110,(anonymous_3)
FN:118,(anonymous_4)
FN:120,onKey
FN:124,(anonymous_6)
FN:157,(anonymous_7)
FN:177,(anonymous_8)
FN:181,(anonymous_9)
FN:210,(anonymous_10)
FN:222,(anonymous_11)
FN:237,(anonymous_12)
FN:242,(anonymous_13)
FN:256,(anonymous_14)
FN:261,(anonymous_15)
FNF:16
FNH:16
FNDA:128,sampleThemePalette
FNDA:896,(anonymous_1)
FNDA:40,SettingsDrawer
FNDA:18,(anonymous_3)
FNDA:16,(anonymous_4)
FNDA:1,onKey
FNDA:14,(anonymous_6)
FNDA:320,(anonymous_7)
FNDA:2,(anonymous_8)
FNDA:960,(anonymous_9)
FNDA:1,(anonymous_10)
FNDA:1,(anonymous_11)
FNDA:120,(anonymous_12)
FNDA:1,(anonymous_13)
FNDA:6,(anonymous_14)
FNDA:1,(anonymous_15)
DA:43,1
DA:64,1
DA:73,128
DA:74,128
DA:75,128
DA:76,128
DA:77,128
DA:79,128
DA:81,128
DA:82,128
DA:83,128
DA:84,896
DA:85,128
DA:86,128
DA:95,128
DA:96,128
DA:100,40
DA:101,40
DA:104,40
DA:109,40
DA:110,40
DA:111,18
DA:112,16
DA:113,128
DA:114,16
DA:118,40
DA:119,16
DA:121,1
DA:123,14
DA:124,14
DA:127,40
DA:128,40
DA:130,40
DA:158,320
DA:159,320
DA:160,320
DA:161,320
DA:168,320
DA:171,320
DA:177,2
DA:182,960
DA:210,1
DA:222,1
DA:238,120
DA:242,1
DA:257,6
DA:261,1
LF:47
LH:47
BRDA:73,0,0,0
BRDA:73,0,1,128
BRDA:84,1,0,896
BRDA:84,1,1,896
BRDA:111,2,0,2
BRDA:111,2,1,16
BRDA:119,3,0,2
BRDA:119,3,1,14
BRDA:121,4,0,1
BRDA:121,4,1,0
BRDA:127,5,0,38
BRDA:127,5,1,2
BRDA:133,6,0,38
BRDA:133,6,1,2
BRDA:160,7,0,40
BRDA:160,7,1,280
BRDA:161,8,0,192
BRDA:161,8,1,128
BRDA:164,9,0,24
BRDA:164,9,1,168
BRDA:168,10,0,192
BRDA:168,10,1,128
BRDA:187,11,0,192
BRDA:187,11,1,128
BRDA:193,12,0,192
BRDA:193,12,1,128
BRDA:209,13,0,36
BRDA:209,13,1,4
BRDA:221,14,0,4
BRDA:221,14,1,36
BRDA:241,15,0,40
BRDA:241,15,1,80
BRDA:245,16,0,120
BRDA:245,16,1,0
BRDA:252,17,0,3
BRDA:252,17,1,37
BRDA:260,18,0,1
BRDA:260,18,1,5
BRDA:264,19,0,6
BRDA:264,19,1,0
BRF:40
BRH:36
end_of_record
TN:
SF:src/components/ShareModal/ShareModal.tsx
FN:112,badgeClass
FN:125,formatSize
FN:138,LinkRow
FN:141,(anonymous_3)
FN:145,(anonymous_4)
FN:190,ShareModal
FN:202,(anonymous_6)
FN:204,(anonymous_7)
FN:208,(anonymous_8)
FN:211,(anonymous_9)
FN:212,(anonymous_10)
FN:219,(anonymous_11)
FN:274,(anonymous_12)
FN:278,(anonymous_13)
FN:320,(anonymous_14)
FN:340,(anonymous_15)
FN:350,(anonymous_16)
FN:361,(anonymous_17)
FN:369,(anonymous_18)
FN:396,renderPayload
FN:447,generateDigits
FNF:21
FNH:0
FNDA:0,badgeClass
FNDA:0,formatSize
FNDA:0,LinkRow
FNDA:0,(anonymous_3)
FNDA:0,(anonymous_4)
FNDA:0,ShareModal
FNDA:0,(anonymous_6)
FNDA:0,(anonymous_7)
FNDA:0,(anonymous_8)
FNDA:0,(anonymous_9)
FNDA:0,(anonymous_10)
FNDA:0,(anonymous_11)
FNDA:0,(anonymous_12)
FNDA:0,(anonymous_13)
FNDA:0,(anonymous_14)
FNDA:0,(anonymous_15)
FNDA:0,(anonymous_16)
FNDA:0,(anonymous_17)
FNDA:0,(anonymous_18)
FNDA:0,renderPayload
FNDA:0,generateDigits
DA:36,0
DA:113,0
DA:115,0
DA:117,0
DA:119,0
DA:121,0
DA:126,0
DA:127,0
DA:128,0
DA:139,0
DA:141,0
DA:142,0
DA:143,0
DA:144,0
DA:145,0
DA:151,0
DA:153,0
DA:188,0
DA:191,0
DA:198,0
DA:199,0
DA:202,0
DA:203,0
DA:204,0
DA:205,0
DA:207,0
DA:208,0
DA:211,0
DA:212,0
DA:218,0
DA:220,0
DA:221,0
DA:222,0
DA:223,0
DA:226,0
DA:227,0
DA:229,0
DA:230,0
DA:231,0
DA:232,0
DA:233,0
DA:234,0
DA:235,0
DA:239,0
DA:240,0
DA:241,0
DA:242,0
DA:243,0
DA:244,0
DA:245,0
DA:246,0
DA:247,0
DA:248,0
DA:250,0
DA:253,0
DA:255,0
DA:256,0
DA:258,0
DA:260,0
DA:261,0
DA:267,0
DA:268,0
DA:274,0
DA:275,0
DA:278,0
DA:279,0
DA:283,0
DA:321,0
DA:322,0
DA:340,0
DA:350,0
DA:361,0
DA:370,0
DA:397,0
DA:398,0
DA:399,0
DA:407,0
DA:408,0
DA:416,0
DA:420,0
DA:421,0
DA:428,0
DA:429,0
DA:430,0
DA:442,0
DA:448,0
DA:449,0
DA:450,0
DA:451,0
DA:452,0
DA:453,0
DA:455,0
LF:92
LH:0
BRDA:113,0,0,0
BRDA:113,0,1,0
BRDA:113,0,2,0
BRDA:113,0,3,0
BRDA:126,1,0,0
BRDA:126,1,1,0
BRDA:127,2,0,0
BRDA:127,2,1,0
BRDA:151,3,0,0
BRDA:151,3,1,0
BRDA:159,4,0,0
BRDA:159,4,1,0
BRDA:161,5,0,0
BRDA:161,5,1,0
BRDA:203,6,0,0
BRDA:203,6,1,0
BRDA:205,7,0,0
BRDA:205,7,1,0
BRDA:221,8,0,0
BRDA:221,8,1,0
BRDA:230,9,0,0
BRDA:230,9,1,0
BRDA:239,10,0,0
BRDA:239,10,1,0
BRDA:242,11,0,0
BRDA:242,11,1,0
BRDA:245,12,0,0
BRDA:245,12,1,0
BRDA:248,13,0,0
BRDA:248,13,1,0
BRDA:250,14,0,0
BRDA:250,14,1,0
BRDA:255,15,0,0
BRDA:255,15,1,0
BRDA:267,16,0,0
BRDA:267,16,1,0
BRDA:275,17,0,0
BRDA:275,17,1,0
BRDA:279,18,0,0
BRDA:279,18,1,0
BRDA:288,19,0,0
BRDA:288,19,1,0
BRDA:295,20,0,0
BRDA:295,20,1,0
BRDA:332,21,0,0
BRDA:332,21,1,0
BRDA:378,22,0,0
BRDA:378,22,1,0
BRDA:380,23,0,0
BRDA:380,23,1,0
BRDA:383,24,0,0
BRDA:383,24,1,0
BRDA:384,25,0,0
BRDA:384,25,1,0
BRDA:397,26,0,0
BRDA:397,26,1,0
BRDA:397,27,0,0
BRDA:397,27,1,0
BRDA:407,28,0,0
BRDA:407,28,1,0
BRDA:407,29,0,0
BRDA:407,29,1,0
BRDA:416,30,0,0
BRDA:416,30,1,0
BRDA:416,31,0,0
BRDA:416,31,1,0
BRDA:416,31,2,0
BRDA:424,32,0,0
BRDA:424,32,1,0
BRDA:428,33,0,0
BRDA:428,33,1,0
BRDA:428,34,0,0
BRDA:428,34,1,0
BRDA:428,34,2,0
BRDA:435,35,0,0
BRDA:435,35,1,0
BRDA:453,36,0,0
BRDA:453,36,1,0
BRF:78
BRH:0
end_of_record
TN:
SF:src/components/ShortcutsModal/ShortcutsModal.tsx
FN:26,ShortcutsModal
FN:29,(anonymous_1)
FN:31,(anonymous_2)
FN:35,(anonymous_3)
FN:90,(anonymous_4)
FN:94,(anonymous_5)
FN:97,(anonymous_6)
FNF:7
FNH:0
FNDA:0,ShortcutsModal
FNDA:0,(anonymous_1)
FNDA:0,(anonymous_2)
FNDA:0,(anonymous_3)
FNDA:0,(anonymous_4)
FNDA:0,(anonymous_5)
FNDA:0,(anonymous_6)
DA:14,0
DA:27,0
DA:29,0
DA:30,0
DA:31,0
DA:32,0
DA:34,0
DA:35,0
DA:38,0
DA:40,0
DA:74,0
DA:91,0
DA:95,0
DA:98,0
LF:14
LH:0
BRDA:14,0,0,0
BRDA:14,0,1,0
BRDA:30,1,0,0
BRDA:30,1,1,0
BRDA:32,2,0,0
BRDA:32,2,1,0
BRDA:38,3,0,0
BRDA:38,3,1,0
BRDA:42,4,0,0
BRDA:42,4,1,0
BRDA:44,5,0,0
BRDA:44,5,1,0
BRDA:45,6,0,0
BRDA:45,6,1,0
BRDA:46,7,0,0
BRDA:46,7,1,0
BRDA:47,8,0,0
BRDA:47,8,1,0
BRDA:51,9,0,0
BRDA:51,9,1,0
BRDA:53,10,0,0
BRDA:53,10,1,0
BRDA:57,11,0,0
BRDA:57,11,1,0
BRDA:59,12,0,0
BRDA:59,12,1,0
BRDA:60,13,0,0
BRDA:60,13,1,0
BRDA:61,14,0,0
BRDA:61,14,1,0
BRDA:62,15,0,0
BRDA:62,15,1,0
BRDA:66,16,0,0
BRDA:66,16,1,0
BRDA:68,17,0,0
BRDA:68,17,1,0
BRDA:69,18,0,0
BRDA:69,18,1,0
BRDA:80,19,0,0
BRDA:80,19,1,0
BRDA:82,20,0,0
BRDA:82,20,1,0
BRDA:83,21,0,0
BRDA:83,21,1,0
BRDA:99,22,0,0
BRDA:99,22,1,0
BRF:46
BRH:0
end_of_record
TN:
SF:src/components/Splash/Splash.tsx
FN:35,html
FN:39,Splash
FN:55,(anonymous_2)
FN:61,(anonymous_3)
FN:110,(anonymous_4)
FN:116,(anonymous_5)
FN:122,(anonymous_6)
FNF:7
FNH:0
FNDA:0,html
FNDA:0,Splash
FNDA:0,(anonymous_2)
FNDA:0,(anonymous_3)
FNDA:0,(anonymous_4)
FNDA:0,(anonymous_5)
FNDA:0,(anonymous_6)
DA:36,0
DA:49,0
DA:50,0
DA:51,0
DA:55,0
DA:56,0
DA:57,0
DA:61,0
DA:64,0
DA:65,0
DA:68,0
DA:110,0
DA:116,0
DA:123,0
DA:124,0
LF:15
LH:0
BRDA:56,0,0,0
BRDA:56,0,1,0
BRDA:65,1,0,0
BRDA:65,1,1,0
BRDA:102,2,0,0
BRDA:102,2,1,0
BRDA:132,3,0,0
BRDA:132,3,1,0
BRF:8
BRH:0
end_of_record
TN:
SF:src/components/ZoomControl/ZoomControl.tsx
FN:29,near
FN:33,ZoomControl
FN:43,(anonymous_2)
FN:45,(anonymous_3)
FN:52,(anonymous_4)
FN:56,(anonymous_5)
FN:58,(anonymous_6)
FN:65,(anonymous_7)
FN:68,(anonymous_8)
FN:76,(anonymous_9)
FN:91,(anonymous_10)
FN:91,(anonymous_11)
FN:97,(anonymous_12)
FN:106,(anonymous_13)
FNF:14
FNH:0
FNDA:0,near
FNDA:0,ZoomControl
FNDA:0,(anonymous_2)
FNDA:0,(anonymous_3)
FNDA:0,(anonymous_4)
FNDA:0,(anonymous_5)
FNDA:0,(anonymous_6)
FNDA:0,(anonymous_7)
FNDA:0,(anonymous_8)
FNDA:0,(anonymous_9)
FNDA:0,(anonymous_10)
FNDA:0,(anonymous_11)
FNDA:0,(anonymous_12)
FNDA:0,(anonymous_13)
DA:21,0
DA:28,0
DA:30,0
DA:39,0
DA:40,0
DA:43,0
DA:44,0
DA:45,0
DA:46,0
DA:47,0
DA:48,0
DA:49,0
DA:51,0
DA:52,0
DA:56,0
DA:57,0
DA:58,0
DA:59,0
DA:60,0
DA:61,0
DA:64,0
DA:65,0
DA:68,0
DA:70,0
DA:71,0
DA:76,0
DA:77,0
DA:78,0
DA:81,0
DA:83,0
DA:91,0
DA:98,0
DA:99,0
DA:100,0
DA:106,0
LF:35
LH:0
BRDA:44,0,0,0
BRDA:44,0,1,0
BRDA:47,1,0,0
BRDA:47,1,1,0
BRDA:48,2,0,0
BRDA:48,2,1,0
BRDA:48,3,0,0
BRDA:48,3,1,0
BRDA:57,4,0,0
BRDA:57,4,1,0
BRDA:59,5,0,0
BRDA:59,5,1,0
BRDA:95,6,0,0
BRDA:95,6,1,0
BRDA:99,7,0,0
BRDA:99,7,1,0
BRF:16
BRH:0
end_of_record
TN:
SF:src/contexts/I18nContext.tsx
FN:33,isUILang
FN:37,detectInitialUILang
FN:49,detectInitialDataLang
FN:79,resolveLocalized
FN:84,(anonymous_4)
FN:102,(anonymous_5)
FN:108,(anonymous_6)
FN:112,(anonymous_7)
FN:122,(anonymous_8)
FN:131,(anonymous_9)
FN:142,(anonymous_10)
FN:147,(anonymous_11)
FN:164,useI18n
FNF:13
FNH:10
FNDA:64,isUILang
FNDA:32,detectInitialUILang
FNDA:32,detectInitialDataLang
FNDA:0,resolveLocalized
FNDA:0,(anonymous_4)
FNDA:38,(anonymous_5)
FNDA:33,(anonymous_6)
FNDA:1,(anonymous_7)
FNDA:1,(anonymous_8)
FNDA:1253,(anonymous_9)
FNDA:0,(anonymous_10)
FNDA:36,(anonymous_11)
FNDA:141,useI18n
DA:28,2
DA:29,2
DA:31,2
DA:34,64
DA:38,32
DA:39,32
DA:40,32
DA:41,32
DA:45,32
DA:46,32
DA:50,32
DA:51,32
DA:52,32
DA:53,32
DA:57,32
DA:72,2
DA:80,0
DA:81,0
DA:82,0
DA:83,0
DA:84,0
DA:86,0
DA:88,0
DA:89,0
DA:90,0
DA:91,0
DA:93,0
DA:94,0
DA:95,0
DA:96,0
DA:97,0
DA:99,0
DA:102,2
DA:103,38
DA:104,38
DA:105,38
DA:108,38
DA:109,33
DA:112,38
DA:113,1
DA:114,1
DA:115,1
DA:116,1
DA:122,38
DA:123,1
DA:124,1
DA:125,1
DA:131,38
DA:133,1253
DA:134,1253
DA:135,1253
DA:136,0
DA:137,0
DA:142,38
DA:143,0
DA:147,38
DA:148,36
DA:161,38
DA:165,141
DA:166,141
DA:167,0
DA:169,141
LF:62
LH:42
BRDA:34,0,0,64
BRDA:34,0,1,32
BRDA:38,1,0,0
BRDA:38,1,1,32
BRDA:41,2,0,0
BRDA:41,2,1,32
BRDA:45,3,0,32
BRDA:45,3,1,0
BRDA:46,4,0,32
BRDA:46,4,1,0
BRDA:50,5,0,0
BRDA:50,5,1,32
BRDA:53,6,0,0
BRDA:53,6,1,32
BRDA:53,7,0,32
BRDA:53,7,1,0
BRDA:80,8,0,0
BRDA:80,8,1,0
BRDA:81,9,0,0
BRDA:81,9,1,0
BRDA:82,10,0,0
BRDA:82,10,1,0
BRDA:82,11,0,0
BRDA:82,11,1,0
BRDA:83,12,0,0
BRDA:83,12,1,0
BRDA:86,13,0,0
BRDA:86,13,1,0
BRDA:89,14,0,0
BRDA:89,14,1,0
BRDA:91,15,0,0
BRDA:91,15,1,0
BRDA:94,16,0,0
BRDA:94,16,1,0
BRDA:97,17,0,0
BRDA:97,17,1,0
BRDA:113,18,0,0
BRDA:113,18,1,1
BRDA:135,19,0,1253
BRDA:135,19,1,0
BRDA:137,20,0,0
BRDA:137,20,1,0
BRDA:166,21,0,0
BRDA:166,21,1,141
BRF:44
BRH:12
end_of_record
TN:
SF:src/contexts/ThemeContext.tsx
FN:50,(anonymous_0)
FN:52,isTheme
FN:56,isMode
FN:60,readInitialTheme
FN:74,readInitialMode
FN:100,(anonymous_5)
FN:106,(anonymous_6)
FN:110,(anonymous_7)
FN:114,(anonymous_8)
FN:124,(anonymous_9)
FN:134,(anonymous_10)
FN:142,useTheme
FNF:12
FNH:12
FNDA:8,(anonymous_0)
FNDA:32,isTheme
FNDA:32,isMode
FNDA:16,readInitialTheme
FNDA:16,readInitialMode
FNDA:20,(anonymous_5)
FNDA:18,(anonymous_6)
FNDA:18,(anonymous_7)
FNDA:2,(anonymous_8)
FNDA:2,(anonymous_9)
FNDA:20,(anonymous_10)
FNDA:40,useTheme
DA:35,1
DA:46,1
DA:47,1
DA:48,1
DA:50,8
DA:53,32
DA:57,32
DA:61,16
DA:62,16
DA:63,16
DA:64,16
DA:65,16
DA:66,16
DA:67,16
DA:71,16
DA:75,16
DA:76,16
DA:77,16
DA:78,16
DA:79,16
DA:80,16
DA:81,16
DA:85,15
DA:86,0
DA:88,15
DA:98,1
DA:100,1
DA:101,20
DA:102,20
DA:106,20
DA:107,18
DA:110,20
DA:111,18
DA:114,20
DA:115,2
DA:116,2
DA:117,2
DA:118,2
DA:124,20
DA:125,2
DA:126,2
DA:127,2
DA:128,2
DA:134,20
DA:135,20
DA:139,20
DA:143,40
DA:144,40
DA:145,0
DA:147,40
LF:50
LH:48
BRDA:53,0,0,32
BRDA:53,0,1,0
BRDA:57,1,0,32
BRDA:57,1,1,32
BRDA:61,2,0,0
BRDA:61,2,1,16
BRDA:65,3,0,0
BRDA:65,3,1,16
BRDA:67,4,0,0
BRDA:67,4,1,16
BRDA:75,5,0,0
BRDA:75,5,1,16
BRDA:79,6,0,0
BRDA:79,6,1,16
BRDA:81,7,0,1
BRDA:81,7,1,15
BRDA:85,8,0,0
BRDA:85,8,1,15
BRDA:85,9,0,15
BRDA:85,9,1,0
BRDA:115,10,0,0
BRDA:115,10,1,2
BRDA:125,11,0,0
BRDA:125,11,1,2
BRDA:125,12,0,2
BRDA:125,12,1,1
BRDA:144,13,0,0
BRDA:144,13,1,40
BRF:28
BRH:17
end_of_record
TN:
SF:src/hooks/useKeyboard.ts
FN:24,useKeyboard
FN:28,(anonymous_1)
FN:32,(anonymous_2)
FN:33,(anonymous_3)
FN:106,(anonymous_4)
FNF:5
FNH:0
FNDA:0,useKeyboard
FNDA:0,(anonymous_1)
FNDA:0,(anonymous_2)
FNDA:0,(anonymous_3)
FNDA:0,(anonymous_4)
DA:27,0
DA:28,0
DA:29,0
DA:32,0
DA:33,0
DA:34,0
DA:35,0
DA:38,0
DA:39,0
DA:40,0
DA:42,0
DA:44,0
DA:45,0
DA:46,0
DA:47,0
DA:49,0
DA:50,0
DA:51,0
DA:53,0
DA:57,0
DA:59,0
DA:60,0
DA:61,0
DA:62,0
DA:64,0
DA:67,0
DA:68,0
DA:69,0
DA:70,0
DA:71,0
DA:73,0
DA:74,0
DA:75,0
DA:77,0
DA:80,0
DA:81,0
DA:82,0
DA:83,0
DA:85,0
DA:88,0
DA:89,0
DA:90,0
DA:91,0
DA:93,0
DA:96,0
DA:97,0
DA:98,0
DA:99,0
DA:101,0
DA:105,0
DA:106,0
DA:107,0
LF:52
LH:0
BRDA:35,0,0,0
BRDA:35,0,1,0
BRDA:38,1,0,0
BRDA:38,1,1,0
BRDA:39,2,0,0
BRDA:39,2,1,0
BRDA:44,3,0,0
BRDA:44,3,1,0
BRDA:45,4,0,0
BRDA:45,4,1,0
BRDA:45,5,0,0
BRDA:45,5,1,0
BRDA:49,6,0,0
BRDA:49,6,1,0
BRDA:49,7,0,0
BRDA:49,7,1,0
BRDA:59,8,0,0
BRDA:59,8,1,0
BRDA:59,9,0,0
BRDA:59,9,1,0
BRDA:60,10,0,0
BRDA:60,10,1,0
BRDA:67,11,0,0
BRDA:67,11,1,0
BRDA:68,12,0,0
BRDA:68,12,1,0
BRDA:69,13,0,0
BRDA:69,13,1,0
BRDA:73,14,0,0
BRDA:73,14,1,0
BRDA:80,15,0,0
BRDA:80,15,1,0
BRDA:81,16,0,0
BRDA:81,16,1,0
BRDA:88,17,0,0
BRDA:88,17,1,0
BRDA:88,18,0,0
BRDA:88,18,1,0
BRDA:89,19,0,0
BRDA:89,19,1,0
BRDA:96,20,0,0
BRDA:96,20,1,0
BRDA:96,21,0,0
BRDA:96,21,1,0
BRDA:97,22,0,0
BRDA:97,22,1,0
BRF:46
BRH:0
end_of_record
TN:
SF:src/hooks/useSessionState.ts
FN:31,isSessionSource
FN:42,readRaw
FN:79,useSessionState
FN:85,(anonymous_3)
FN:91,(anonymous_4)
FN:113,(anonymous_5)
FNF:6
FNH:0
FNDA:0,isSessionSource
FNDA:0,readRaw
FNDA:0,useSessionState
FNDA:0,(anonymous_3)
FNDA:0,(anonymous_4)
FNDA:0,(anonymous_5)
DA:28,0
DA:29,0
DA:32,0
DA:43,0
DA:44,0
DA:45,0
DA:46,0
DA:47,0
DA:48,0
DA:49,0
DA:50,0
DA:51,0
DA:52,0
DA:53,0
DA:55,0
DA:56,0
DA:58,0
DA:59,0
DA:60,0
DA:61,0
DA:62,0
DA:64,0
DA:65,0
DA:66,0
DA:68,0
DA:83,0
DA:85,0
DA:86,0
DA:87,0
DA:88,0
DA:91,0
DA:92,0
DA:93,0
DA:94,0
DA:98,0
DA:99,0
DA:100,0
DA:106,0
DA:107,0
DA:113,0
DA:114,0
DA:115,0
DA:116,0
DA:117,0
DA:123,0
LF:45
LH:0
BRDA:33,0,0,0
BRDA:33,0,1,0
BRDA:33,0,2,0
BRDA:33,0,3,0
BRDA:33,0,4,0
BRDA:33,0,5,0
BRDA:43,1,0,0
BRDA:43,1,1,0
BRDA:46,2,0,0
BRDA:46,2,1,0
BRDA:48,3,0,0
BRDA:48,3,1,0
BRDA:48,4,0,0
BRDA:48,4,1,0
BRDA:51,5,0,0
BRDA:51,5,1,0
BRDA:51,6,0,0
BRDA:51,6,1,0
BRDA:56,7,0,0
BRDA:56,7,1,0
BRDA:59,8,0,0
BRDA:59,8,1,0
BRDA:60,9,0,0
BRDA:60,9,1,0
BRDA:61,10,0,0
BRDA:61,10,1,0
BRDA:61,11,0,0
BRDA:61,11,1,0
BRDA:64,12,0,0
BRDA:64,12,1,0
BRDA:65,13,0,0
BRDA:65,13,1,0
BRDA:92,14,0,0
BRDA:92,14,1,0
BRDA:98,15,0,0
BRDA:98,15,1,0
BRDA:99,16,0,0
BRDA:99,16,1,0
BRDA:101,17,0,0
BRDA:101,17,1,0
BRDA:115,18,0,0
BRDA:115,18,1,0
BRF:42
BRH:0
end_of_record
TN:
SF:src/hooks/useUndo.ts
FN:25,useUndo
FN:35,(anonymous_1)
FN:40,(anonymous_2)
FN:44,(anonymous_3)
FN:49,(anonymous_4)
FN:64,(anonymous_5)
FN:69,(anonymous_6)
FN:77,(anonymous_7)
FN:82,(anonymous_8)
FN:90,(anonymous_9)
FNF:10
FNH:0
FNDA:0,useUndo
FNDA:0,(anonymous_1)
FNDA:0,(anonymous_2)
FNDA:0,(anonymous_3)
FNDA:0,(anonymous_4)
FNDA:0,(anonymous_5)
FNDA:0,(anonymous_6)
FNDA:0,(anonymous_7)
FNDA:0,(anonymous_8)
FNDA:0,(anonymous_9)
DA:26,0
DA:30,0
DA:31,0
DA:32,0
DA:33,0
DA:35,0
DA:36,0
DA:37,0
DA:40,0
DA:41,0
DA:44,0
DA:49,0
DA:50,0
DA:51,0
DA:52,0
DA:54,0
DA:56,0
DA:57,0
DA:59,0
DA:64,0
DA:65,0
DA:66,0
DA:67,0
DA:68,0
DA:69,0
DA:70,0
DA:71,0
DA:73,0
DA:74,0
DA:77,0
DA:78,0
DA:79,0
DA:80,0
DA:81,0
DA:82,0
DA:83,0
DA:84,0
DA:86,0
DA:87,0
DA:90,0
DA:92,0
DA:93,0
DA:94,0
DA:95,0
DA:100,0
LF:45
LH:0
BRDA:25,0,0,0
BRDA:52,1,0,0
BRDA:52,1,1,0
BRDA:66,2,0,0
BRDA:66,2,1,0
BRDA:68,3,0,0
BRDA:68,3,1,0
BRDA:79,4,0,0
BRDA:79,4,1,0
BRDA:81,5,0,0
BRDA:81,5,1,0
BRF:11
BRH:0
end_of_record
TN:
SF:src/hooks/useVersionCheck.ts
FN:18,isGithubPagesHost
FN:24,useVersionCheck
FN:35,(anonymous_2)
FN:39,(anonymous_3)
FN:46,(anonymous_4)
FN:52,(anonymous_5)
FN:56,(anonymous_6)
FN:62,(anonymous_7)
FN:82,(anonymous_8)
FN:92,(anonymous_9)
FN:94,(anonymous_10)
FN:96,(anonymous_11)
FN:104,(anonymous_12)
FNF:13
FNH:0
FNDA:0,isGithubPagesHost
FNDA:0,useVersionCheck
FNDA:0,(anonymous_2)
FNDA:0,(anonymous_3)
FNDA:0,(anonymous_4)
FNDA:0,(anonymous_5)
FNDA:0,(anonymous_6)
FNDA:0,(anonymous_7)
FNDA:0,(anonymous_8)
FNDA:0,(anonymous_9)
FNDA:0,(anonymous_10)
FNDA:0,(anonymous_11)
FNDA:0,(anonymous_12)
DA:19,0
DA:20,0
DA:21,0
DA:25,0
DA:29,0
DA:30,0
DA:31,0
DA:32,0
DA:35,0
DA:36,0
DA:39,0
DA:40,0
DA:41,0
DA:42,0
DA:46,0
DA:47,0
DA:48,0
DA:49,0
DA:52,0
DA:53,0
DA:56,0
DA:57,0
DA:59,0
DA:60,0
DA:62,0
DA:63,0
DA:64,0
DA:65,0
DA:66,0
DA:68,0
DA:69,0
DA:71,0
DA:72,0
DA:73,0
DA:76,0
DA:77,0
DA:78,0
DA:82,0
DA:83,0
DA:88,0
DA:92,0
DA:93,0
DA:94,0
DA:95,0
DA:96,0
DA:97,0
DA:102,0
DA:104,0
DA:105,0
DA:106,0
DA:107,0
DA:108,0
DA:112,0
LF:53
LH:0
BRDA:19,0,0,0
BRDA:19,0,1,0
BRDA:21,1,0,0
BRDA:21,1,1,0
BRDA:40,2,0,0
BRDA:40,2,1,0
BRDA:57,3,0,0
BRDA:57,3,1,0
BRDA:63,4,0,0
BRDA:63,4,1,0
BRDA:64,5,0,0
BRDA:64,5,1,0
BRDA:65,6,0,0
BRDA:65,6,1,0
BRDA:66,7,0,0
BRDA:66,7,1,0
BRDA:69,8,0,0
BRDA:69,8,1,0
BRDA:69,9,0,0
BRDA:69,9,1,0
BRDA:71,10,0,0
BRDA:71,10,1,0
BRDA:76,11,0,0
BRDA:76,11,1,0
BRDA:83,12,0,0
BRDA:83,12,1,0
BRDA:84,13,0,0
BRDA:84,13,1,0
BRDA:84,13,2,0
BRDA:95,14,0,0
BRDA:95,14,1,0
BRDA:95,15,0,0
BRDA:95,15,1,0
BRDA:95,15,2,0
BRDA:106,16,0,0
BRDA:106,16,1,0
BRF:36
BRH:0
end_of_record
TN:
SF:src/hooks/useViewerState.ts
FN:26,slugify
FN:35,autoModeColor
FN:43,normalize
FN:52,(anonymous_3)
FN:61,(anonymous_4)
FN:66,(anonymous_5)
FN:71,(anonymous_6)
FN:74,(anonymous_7)
FN:78,(anonymous_8)
FN:81,(anonymous_9)
FN:90,fetchSource
FN:119,detectLang
FN:127,useViewerState
FN:136,(anonymous_13)
FN:139,(anonymous_14)
FN:143,(anonymous_15)
FN:158,(anonymous_16)
FN:162,(anonymous_17)
FN:188,(anonymous_18)
FN:192,(anonymous_19)
FN:194,(anonymous_20)
FN:198,(anonymous_21)
FN:202,(anonymous_22)
FN:207,(anonymous_23)
FN:211,(anonymous_24)
FN:213,(anonymous_25)
FN:228,(anonymous_26)
FN:232,(anonymous_27)
FN:233,(anonymous_28)
FN:237,(anonymous_29)
FN:247,(anonymous_30)
FN:260,(anonymous_31)
FN:265,(anonymous_32)
FN:282,(anonymous_33)
FN:288,(anonymous_34)
FN:289,(anonymous_35)
FN:298,(anonymous_36)
FNF:37
FNH:0
FNDA:0,slugify
FNDA:0,autoModeColor
FNDA:0,normalize
FNDA:0,(anonymous_3)
FNDA:0,(anonymous_4)
FNDA:0,(anonymous_5)
FNDA:0,(anonymous_6)
FNDA:0,(anonymous_7)
FNDA:0,(anonymous_8)
FNDA:0,(anonymous_9)
FNDA:0,fetchSource
FNDA:0,detectLang
FNDA:0,useViewerState
FNDA:0,(anonymous_13)
FNDA:0,(anonymous_14)
FNDA:0,(anonymous_15)
FNDA:0,(anonymous_16)
FNDA:0,(anonymous_17)
FNDA:0,(anonymous_18)
FNDA:0,(anonymous_19)
FNDA:0,(anonymous_20)
FNDA:0,(anonymous_21)
FNDA:0,(anonymous_22)
FNDA:0,(anonymous_23)
FNDA:0,(anonymous_24)
FNDA:0,(anonymous_25)
FNDA:0,(anonymous_26)
FNDA:0,(anonymous_27)
FNDA:0,(anonymous_28)
FNDA:0,(anonymous_29)
FNDA:0,(anonymous_30)
FNDA:0,(anonymous_31)
FNDA:0,(anonymous_32)
FNDA:0,(anonymous_33)
FNDA:0,(anonymous_34)
FNDA:0,(anonymous_35)
FNDA:0,(anonymous_36)
DA:7,0
DA:15,0
DA:17,0
DA:27,0
DA:36,0
DA:37,0
DA:38,0
DA:39,0
DA:40,0
DA:44,0
DA:45,0
DA:46,0
DA:47,0
DA:48,0
DA:49,0
DA:50,0
DA:51,0
DA:52,0
DA:57,0
DA:58,0
DA:60,0
DA:61,0
DA:64,0
DA:65,0
DA:66,0
DA:67,0
DA:68,0
DA:69,0
DA:71,0
DA:72,0
DA:73,0
DA:74,0
DA:75,0
DA:78,0
DA:79,0
DA:81,0
DA:82,0
DA:85,0
DA:86,0
DA:87,0
DA:91,0
DA:92,0
DA:93,0
DA:94,0
DA:95,0
DA:96,0
DA:97,0
DA:120,0
DA:121,0
DA:122,0
DA:123,0
DA:124,0
DA:128,0
DA:133,0
DA:134,0
DA:136,0
DA:137,0
DA:138,0
DA:139,0
DA:140,0
DA:142,0
DA:143,0
DA:144,0
DA:145,0
DA:146,0
DA:156,0
DA:158,0
DA:162,0
DA:163,0
DA:164,0
DA:165,0
DA:166,0
DA:167,0
DA:168,0
DA:169,0
DA:170,0
DA:172,0
DA:174,0
DA:184,0
DA:185,0
DA:188,0
DA:192,0
DA:193,0
DA:194,0
DA:195,0
DA:196,0
DA:198,0
DA:202,0
DA:203,0
DA:204,0
DA:207,0
DA:208,0
DA:211,0
DA:212,0
DA:213,0
DA:214,0
DA:215,0
DA:216,0
DA:217,0
DA:228,0
DA:232,0
DA:233,0
DA:237,0
DA:238,0
DA:239,0
DA:240,0
DA:241,0
DA:242,0
DA:243,0
DA:244,0
DA:245,0
DA:247,0
DA:248,0
DA:249,0
DA:250,0
DA:251,0
DA:252,0
DA:253,0
DA:254,0
DA:260,0
DA:262,0
DA:264,0
DA:265,0
DA:266,0
DA:268,0
DA:269,0
DA:270,0
DA:273,0
DA:274,0
DA:275,0
DA:276,0
DA:277,0
DA:280,0
DA:282,0
DA:288,0
DA:289,0
DA:290,0
DA:291,0
DA:292,0
DA:293,0
DA:294,0
DA:297,0
DA:298,0
DA:301,0
LF:144
LH:0
BRDA:27,0,0,0
BRDA:27,0,1,0
BRDA:27,1,0,0
BRDA:27,1,1,0
BRDA:38,2,0,0
BRDA:38,2,1,0
BRDA:39,3,0,0
BRDA:39,3,1,0
BRDA:44,4,0,0
BRDA:44,4,1,0
BRDA:44,5,0,0
BRDA:44,5,1,0
BRDA:46,6,0,0
BRDA:46,6,1,0
BRDA:47,7,0,0
BRDA:47,7,1,0
BRDA:48,8,0,0
BRDA:48,8,1,0
BRDA:49,9,0,0
BRDA:49,9,1,0
BRDA:50,10,0,0
BRDA:50,10,1,0
BRDA:50,11,0,0
BRDA:50,11,1,0
BRDA:51,12,0,0
BRDA:51,12,1,0
BRDA:52,13,0,0
BRDA:52,13,1,0
BRDA:54,14,0,0
BRDA:54,14,1,0
BRDA:54,14,2,0
BRDA:55,15,0,0
BRDA:55,15,1,0
BRDA:57,16,0,0
BRDA:57,16,1,0
BRDA:58,17,0,0
BRDA:58,17,1,0
BRDA:67,18,0,0
BRDA:67,18,1,0
BRDA:67,19,0,0
BRDA:67,19,1,0
BRDA:67,19,2,0
BRDA:72,20,0,0
BRDA:72,20,1,0
BRDA:73,21,0,0
BRDA:73,21,1,0
BRDA:74,22,0,0
BRDA:74,22,1,0
BRDA:75,23,0,0
BRDA:75,23,1,0
BRDA:75,24,0,0
BRDA:75,24,1,0
BRDA:78,25,0,0
BRDA:78,25,1,0
BRDA:79,26,0,0
BRDA:79,26,1,0
BRDA:79,27,0,0
BRDA:79,27,1,0
BRDA:86,28,0,0
BRDA:86,28,1,0
BRDA:92,29,0,0
BRDA:92,29,1,0
BRDA:96,30,0,0
BRDA:96,30,1,0
BRDA:121,31,0,0
BRDA:121,31,1,0
BRDA:121,32,0,0
BRDA:121,32,1,0
BRDA:122,33,0,0
BRDA:122,33,1,0
BRDA:124,34,0,0
BRDA:124,34,1,0
BRDA:124,35,0,0
BRDA:124,35,1,0
BRDA:138,36,0,0
BRDA:138,36,1,0
BRDA:158,37,0,0
BRDA:158,37,1,0
BRDA:166,38,0,0
BRDA:166,38,1,0
BRDA:166,39,0,0
BRDA:166,39,1,0
BRDA:167,40,0,0
BRDA:167,40,1,0
BRDA:169,41,0,0
BRDA:169,41,1,0
BRDA:184,42,0,0
BRDA:184,42,1,0
BRDA:184,43,0,0
BRDA:184,43,1,0
BRDA:185,44,0,0
BRDA:185,44,1,0
BRDA:185,45,0,0
BRDA:185,45,1,0
BRDA:188,46,0,0
BRDA:188,46,1,0
BRDA:198,47,0,0
BRDA:198,47,1,0
BRDA:228,48,0,0
BRDA:228,48,1,0
BRDA:239,49,0,0
BRDA:239,49,1,0
BRDA:243,50,0,0
BRDA:243,50,1,0
BRDA:245,51,0,0
BRDA:245,51,1,0
BRDA:245,52,0,0
BRDA:245,52,1,0
BRDA:245,52,2,0
BRDA:245,52,3,0
BRDA:248,53,0,0
BRDA:248,53,1,0
BRDA:249,54,0,0
BRDA:249,54,1,0
BRDA:260,55,0,0
BRDA:260,55,1,0
BRDA:264,56,0,0
BRDA:264,56,1,0
BRDA:268,57,0,0
BRDA:268,57,1,0
BRDA:268,58,0,0
BRDA:268,58,1,0
BRDA:274,59,0,0
BRDA:274,59,1,0
BRDA:274,60,0,0
BRDA:274,60,1,0
BRDA:274,60,2,0
BRDA:274,60,3,0
BRDA:276,61,0,0
BRDA:276,61,1,0
BRDA:280,62,0,0
BRDA:280,62,1,0
BRDA:290,63,0,0
BRDA:290,63,1,0
BRDA:291,64,0,0
BRDA:291,64,1,0
BRDA:291,65,0,0
BRDA:291,65,1,0
BRDA:292,66,0,0
BRDA:292,66,1,0
BRDA:293,67,0,0
BRDA:293,67,1,0
BRDA:293,68,0,0
BRDA:293,68,1,0
BRF:144
BRH:0
end_of_record
TN:
SF:src/hooks/useZoom.ts
FN:23,readInitialZoom
FN:37,clamp
FN:50,useZoom
FN:56,(anonymous_3)
FN:63,(anonymous_4)
FN:76,(anonymous_5)
FN:80,(anonymous_6)
FN:109,(anonymous_7)
FN:111,(anonymous_8)
FN:115,(anonymous_9)
FN:127,(anonymous_10)
FNF:11
FNH:0
FNDA:0,readInitialZoom
FNDA:0,clamp
FNDA:0,useZoom
FNDA:0,(anonymous_3)
FNDA:0,(anonymous_4)
FNDA:0,(anonymous_5)
FNDA:0,(anonymous_6)
FNDA:0,(anonymous_7)
FNDA:0,(anonymous_8)
FNDA:0,(anonymous_9)
FNDA:0,(anonymous_10)
DA:16,0
DA:18,0
DA:19,0
DA:20,0
DA:21,0
DA:24,0
DA:25,0
DA:26,0
DA:27,0
DA:28,0
DA:29,0
DA:30,0
DA:34,0
DA:38,0
DA:51,0
DA:56,0
DA:57,0
DA:58,0
DA:59,0
DA:60,0
DA:63,0
DA:64,0
DA:65,0
DA:66,0
DA:67,0
DA:75,0
DA:76,0
DA:77,0
DA:80,0
DA:81,0
DA:82,0
DA:83,0
DA:84,0
DA:86,0
DA:87,0
DA:88,0
DA:89,0
DA:94,0
DA:95,0
DA:96,0
DA:97,0
DA:98,0
DA:99,0
DA:100,0
DA:101,0
DA:103,0
DA:104,0
DA:105,0
DA:106,0
DA:109,0
DA:110,0
DA:111,0
DA:112,0
DA:115,0
DA:116,0
DA:118,0
DA:119,0
DA:120,0
DA:121,0
DA:122,0
DA:127,0
DA:128,0
DA:131,0
LF:63
LH:0
BRDA:24,0,0,0
BRDA:24,0,1,0
BRDA:27,1,0,0
BRDA:27,1,1,0
BRDA:29,2,0,0
BRDA:29,2,1,0
BRDA:30,3,0,0
BRDA:30,3,1,0
BRDA:30,4,0,0
BRDA:30,4,1,0
BRDA:58,5,0,0
BRDA:58,5,1,0
BRDA:82,6,0,0
BRDA:82,6,1,0
BRDA:87,7,0,0
BRDA:87,7,1,0
BRDA:94,8,0,0
BRDA:94,8,1,0
BRDA:99,9,0,0
BRDA:99,9,1,0
BRDA:104,10,0,0
BRDA:104,10,1,0
BRDA:112,11,0,0
BRDA:112,11,1,0
BRDA:120,12,0,0
BRDA:120,12,1,0
BRDA:120,13,0,0
BRDA:120,13,1,0
BRF:28
BRH:0
end_of_record
TN:
SF:src/lib/edge-router.ts
FN:26,classifyEdge
FN:45,isBackward
FN:49,stableHash
FN:63,routeEdges
FN:74,bboxesExcluding
FN:80,(anonymous_5)
FN:81,(anonymous_6)
FN:92,vertCrosses
FN:95,(anonymous_8)
FN:98,safeMidX
FN:125,(anonymous_10)
FN:129,(anonymous_11)
FN:131,(anonymous_12)
FN:132,(anonymous_13)
FN:138,(anonymous_14)
FN:140,(anonymous_15)
FN:141,(anonymous_16)
FN:149,(anonymous_17)
FN:166,(anonymous_18)
FN:168,(anonymous_19)
FN:180,(anonymous_20)
FN:186,(anonymous_21)
FN:188,edgePath
FN:285,(anonymous_23)
FNF:24
FNH:0
FNDA:0,classifyEdge
FNDA:0,isBackward
FNDA:0,stableHash
FNDA:0,routeEdges
FNDA:0,bboxesExcluding
FNDA:0,(anonymous_5)
FNDA:0,(anonymous_6)
FNDA:0,vertCrosses
FNDA:0,(anonymous_8)
FNDA:0,safeMidX
FNDA:0,(anonymous_10)
FNDA:0,(anonymous_11)
FNDA:0,(anonymous_12)
FNDA:0,(anonymous_13)
FNDA:0,(anonymous_14)
FNDA:0,(anonymous_15)
FNDA:0,(anonymous_16)
FNDA:0,(anonymous_17)
FNDA:0,(anonymous_18)
FNDA:0,(anonymous_19)
FNDA:0,(anonymous_20)
FNDA:0,(anonymous_21)
FNDA:0,edgePath
FNDA:0,(anonymous_23)
DA:31,0
DA:32,0
DA:33,0
DA:34,0
DA:35,0
DA:36,0
DA:37,0
DA:38,0
DA:39,0
DA:40,0
DA:41,0
DA:42,0
DA:46,0
DA:50,0
DA:51,0
DA:52,0
DA:67,0
DA:68,0
DA:69,0
DA:70,0
DA:73,0
DA:75,0
DA:76,0
DA:77,0
DA:78,0
DA:79,0
DA:80,0
DA:81,0
DA:88,0
DA:89,0
DA:93,0
DA:94,0
DA:95,0
DA:106,0
DA:107,0
DA:108,0
DA:109,0
DA:110,0
DA:111,0
DA:112,0
DA:113,0
DA:115,0
DA:119,0
DA:120,0
DA:121,0
DA:123,0
DA:124,0
DA:125,0
DA:126,0
DA:127,0
DA:129,0
DA:130,0
DA:131,0
DA:132,0
DA:133,0
DA:134,0
DA:135,0
DA:138,0
DA:139,0
DA:140,0
DA:141,0
DA:142,0
DA:143,0
DA:144,0
DA:148,0
DA:149,0
DA:150,0
DA:151,0
DA:152,0
DA:153,0
DA:154,0
DA:155,0
DA:156,0
DA:157,0
DA:158,0
DA:159,0
DA:160,0
DA:161,0
DA:163,0
DA:164,0
DA:166,0
DA:167,0
DA:168,0
DA:169,0
DA:170,0
DA:171,0
DA:172,0
DA:173,0
DA:174,0
DA:175,0
DA:176,0
DA:180,0
DA:181,0
DA:186,0
DA:189,0
DA:190,0
DA:191,0
DA:192,0
DA:193,0
DA:194,0
DA:195,0
DA:196,0
DA:197,0
DA:198,0
DA:199,0
DA:200,0
DA:201,0
DA:202,0
DA:204,0
DA:205,0
DA:206,0
DA:207,0
DA:208,0
DA:210,0
DA:211,0
DA:213,0
DA:216,0
DA:217,0
DA:218,0
DA:219,0
DA:221,0
DA:229,0
DA:230,0
DA:231,0
DA:232,0
DA:234,0
DA:235,0
DA:236,0
DA:238,0
DA:239,0
DA:247,0
DA:248,0
DA:249,0
DA:250,0
DA:251,0
DA:252,0
DA:254,0
DA:255,0
DA:257,0
DA:258,0
DA:259,0
DA:260,0
DA:262,0
DA:263,0
DA:264,0
DA:265,0
DA:266,0
DA:267,0
DA:269,0
DA:270,0
DA:271,0
DA:272,0
DA:273,0
DA:275,0
DA:277,0
DA:278,0
DA:279,0
DA:281,0
DA:284,0
DA:285,0
DA:286,0
DA:287,0
DA:288,0
DA:289,0
DA:290,0
DA:292,0
LF:166
LH:0
BRDA:33,0,0,0
BRDA:33,0,1,0
BRDA:33,1,0,0
BRDA:33,1,1,0
BRDA:35,2,0,0
BRDA:35,2,1,0
BRDA:35,3,0,0
BRDA:35,3,1,0
BRDA:36,4,0,0
BRDA:36,4,1,0
BRDA:37,5,0,0
BRDA:37,5,1,0
BRDA:38,6,0,0
BRDA:38,6,1,0
BRDA:39,7,0,0
BRDA:39,7,1,0
BRDA:40,8,0,0
BRDA:40,8,1,0
BRDA:41,9,0,0
BRDA:41,9,1,0
BRDA:46,10,0,0
BRDA:46,10,1,0
BRDA:46,10,2,0
BRDA:77,11,0,0
BRDA:77,11,1,0
BRDA:95,12,0,0
BRDA:95,12,1,0
BRDA:95,12,2,0
BRDA:95,12,3,0
BRDA:106,13,0,0
BRDA:106,13,1,0
BRDA:112,14,0,0
BRDA:112,14,1,0
BRDA:112,15,0,0
BRDA:112,15,1,0
BRDA:113,16,0,0
BRDA:113,16,1,0
BRDA:113,17,0,0
BRDA:113,17,1,0
BRDA:130,18,0,0
BRDA:130,18,1,0
BRDA:139,19,0,0
BRDA:139,19,1,0
BRDA:152,20,0,0
BRDA:152,20,1,0
BRDA:152,21,0,0
BRDA:152,21,1,0
BRDA:155,22,0,0
BRDA:155,22,1,0
BRDA:155,23,0,0
BRDA:155,23,1,0
BRDA:157,24,0,0
BRDA:157,24,1,0
BRDA:157,25,0,0
BRDA:157,25,1,0
BRDA:159,26,0,0
BRDA:159,26,1,0
BRDA:160,27,0,0
BRDA:160,27,1,0
BRDA:160,28,0,0
BRDA:160,28,1,0
BRDA:161,29,0,0
BRDA:161,29,1,0
BRDA:161,30,0,0
BRDA:161,30,1,0
BRDA:163,31,0,0
BRDA:163,31,1,0
BRDA:167,32,0,0
BRDA:167,32,1,0
BRDA:173,33,0,0
BRDA:173,33,1,0
BRDA:173,34,0,0
BRDA:173,34,1,0
BRDA:173,34,2,0
BRDA:173,34,3,0
BRDA:176,35,0,0
BRDA:176,35,1,0
BRDA:190,36,0,0
BRDA:190,36,1,0
BRDA:191,37,0,0
BRDA:191,37,1,0
BRDA:192,38,0,0
BRDA:192,38,1,0
BRDA:204,39,0,0
BRDA:204,39,1,0
BRDA:207,40,0,0
BRDA:207,40,1,0
BRDA:207,41,0,0
BRDA:207,41,1,0
BRDA:213,42,0,0
BRDA:213,42,1,0
BRDA:217,43,0,0
BRDA:217,43,1,0
BRDA:218,44,0,0
BRDA:218,44,1,0
BRDA:229,45,0,0
BRDA:229,45,1,0
BRDA:234,46,0,0
BRDA:234,46,1,0
BRDA:235,47,0,0
BRDA:235,47,1,0
BRDA:249,48,0,0
BRDA:249,48,1,0
BRDA:254,49,0,0
BRDA:254,49,1,0
BRDA:257,50,0,0
BRDA:257,50,1,0
BRDA:262,51,0,0
BRDA:262,51,1,0
BRDA:264,52,0,0
BRDA:264,52,1,0
BRDA:264,53,0,0
BRDA:264,53,1,0
BRDA:269,54,0,0
BRDA:269,54,1,0
BRDA:272,55,0,0
BRDA:272,55,1,0
BRDA:272,56,0,0
BRDA:272,56,1,0
BRDA:288,57,0,0
BRDA:288,57,1,0
BRDA:288,58,0,0
BRDA:288,58,1,0
BRF:123
BRH:0
end_of_record
TN:
SF:src/lib/layout.ts
FN:68,normalizePhases
FN:69,(anonymous_1)
FN:76,computeLayout
FN:98,(anonymous_3)
FN:99,(anonymous_4)
FN:100,(anonymous_5)
FN:110,phasePadX
FN:113,(anonymous_7)
FN:122,cellNodeGapV
FN:129,(anonymous_9)
FN:133,(anonymous_10)
FN:137,(anonymous_11)
FN:145,(anonymous_12)
FN:147,(anonymous_13)
FN:155,(anonymous_14)
FN:163,(anonymous_15)
FN:171,(anonymous_16)
FN:192,(anonymous_17)
FN:197,(anonymous_18)
FN:203,(anonymous_19)
FN:231,(anonymous_20)
FNF:21
FNH:0
FNDA:0,normalizePhases
FNDA:0,(anonymous_1)
FNDA:0,computeLayout
FNDA:0,(anonymous_3)
FNDA:0,(anonymous_4)
FNDA:0,(anonymous_5)
FNDA:0,phasePadX
FNDA:0,(anonymous_7)
FNDA:0,cellNodeGapV
FNDA:0,(anonymous_9)
FNDA:0,(anonymous_10)
FNDA:0,(anonymous_11)
FNDA:0,(anonymous_12)
FNDA:0,(anonymous_13)
FNDA:0,(anonymous_14)
FNDA:0,(anonymous_15)
FNDA:0,(anonymous_16)
FNDA:0,(anonymous_17)
FNDA:0,(anonymous_18)
FNDA:0,(anonymous_19)
FNDA:0,(anonymous_20)
DA:9,0
DA:59,0
DA:69,0
DA:88,0
DA:90,0
DA:91,0
DA:92,0
DA:93,0
DA:96,0
DA:97,0
DA:98,0
DA:99,0
DA:100,0
DA:101,0
DA:102,0
DA:103,0
DA:104,0
DA:106,0
DA:107,0
DA:111,0
DA:112,0
DA:113,0
DA:114,0
DA:115,0
DA:116,0
DA:118,0
DA:119,0
DA:123,0
DA:124,0
DA:128,0
DA:129,0
DA:130,0
DA:132,0
DA:133,0
DA:134,0
DA:135,0
DA:137,0
DA:138,0
DA:139,0
DA:140,0
DA:141,0
DA:144,0
DA:145,0
DA:146,0
DA:147,0
DA:148,0
DA:149,0
DA:151,0
DA:154,0
DA:155,0
DA:156,0
DA:157,0
DA:158,0
DA:161,0
DA:162,0
DA:163,0
DA:164,0
DA:165,0
DA:169,0
DA:170,0
DA:171,0
DA:172,0
DA:173,0
DA:174,0
DA:183,0
DA:190,0
DA:191,0
DA:192,0
DA:193,0
DA:196,0
DA:197,0
DA:198,0
DA:199,0
DA:202,0
DA:203,0
DA:204,0
DA:205,0
DA:206,0
DA:207,0
DA:208,0
DA:209,0
DA:210,0
DA:211,0
DA:212,0
DA:213,0
DA:214,0
DA:216,0
DA:217,0
DA:230,0
DA:231,0
DA:232,0
DA:240,0
LF:92
LH:0
BRDA:71,0,0,0
BRDA:71,0,1,0
BRDA:71,0,2,0
BRDA:72,1,0,0
BRDA:72,1,1,0
BRDA:101,2,0,0
BRDA:101,2,1,0
BRDA:101,3,0,0
BRDA:101,3,1,0
BRDA:102,4,0,0
BRDA:102,4,1,0
BRDA:104,5,0,0
BRDA:104,5,1,0
BRDA:107,6,0,0
BRDA:107,6,1,0
BRDA:115,7,0,0
BRDA:115,7,1,0
BRDA:116,8,0,0
BRDA:116,8,1,0
BRDA:123,9,0,0
BRDA:123,9,1,0
BRDA:134,10,0,0
BRDA:134,10,1,0
BRDA:135,11,0,0
BRDA:135,11,1,0
BRDA:139,12,0,0
BRDA:139,12,1,0
BRDA:140,13,0,0
BRDA:140,13,1,0
BRDA:141,14,0,0
BRDA:141,14,1,0
BRDA:149,15,0,0
BRDA:149,15,1,0
BRDA:156,16,0,0
BRDA:156,16,1,0
BRDA:157,17,0,0
BRDA:157,17,1,0
BRDA:165,18,0,0
BRDA:165,18,1,0
BRDA:190,19,0,0
BRDA:190,19,1,0
BRDA:192,20,0,0
BRDA:192,20,1,0
BRDA:198,21,0,0
BRDA:198,21,1,0
BRDA:204,22,0,0
BRDA:204,22,1,0
BRDA:205,23,0,0
BRDA:205,23,1,0
BRDA:209,24,0,0
BRDA:209,24,1,0
BRDA:210,25,0,0
BRDA:210,25,1,0
BRDA:212,26,0,0
BRDA:212,26,1,0
BRDA:213,27,0,0
BRDA:213,27,1,0
BRDA:235,28,0,0
BRDA:235,28,1,0
BRDA:236,29,0,0
BRDA:236,29,1,0
BRF:61
BRH:0
end_of_record
TN:
SF:src/lib/parseSource.ts
FN:17,parseSource
FN:35,decodeHashData
FN:56,encodeHashData
FNF:3
FNH:1
FNDA:6,parseSource
FNDA:0,decodeHashData
FNDA:0,encodeHashData
DA:18,6
DA:19,6
DA:23,0
DA:24,0
DA:26,0
DA:27,0
DA:36,0
DA:37,0
DA:41,0
DA:42,0
DA:43,0
DA:44,0
DA:45,0
DA:47,0
DA:48,0
DA:57,0
DA:58,0
DA:59,0
DA:60,0
DA:61,0
DA:63,0
LF:21
LH:2
BRDA:26,0,0,0
BRDA:26,0,1,0
BRDA:47,1,0,0
BRDA:47,1,1,0
BRF:4
BRH:0
end_of_record
TN:
SF:src/lib/version-check.ts
FN:24,fetchLatestSha
FN:48,hardRefresh
FN:55,(anonymous_2)
FN:60,(anonymous_3)
FN:70,(anonymous_4)
FN:71,(anonymous_5)
FNF:6
FNH:0
FNDA:0,fetchLatestSha
FNDA:0,hardRefresh
FNDA:0,(anonymous_2)
FNDA:0,(anonymous_3)
FNDA:0,(anonymous_4)
FNDA:0,(anonymous_5)
DA:7,0
DA:8,0
DA:9,0
DA:10,0
DA:12,0
DA:25,0
DA:26,0
DA:31,0
DA:32,0
DA:33,0
DA:35,0
DA:49,0
DA:50,0
DA:56,0
DA:61,0
DA:62,0
DA:63,0
DA:65,0
DA:69,0
DA:71,0
DA:78,0
DA:79,0
DA:80,0
DA:81,0
DA:83,0
DA:84,0
DA:86,0
LF:27
LH:0
BRDA:31,0,0,0
BRDA:31,0,1,0
BRDA:33,1,0,0
BRDA:33,1,1,0
BRDA:33,2,0,0
BRDA:33,2,1,0
BRDA:56,3,0,0
BRDA:56,3,1,0
BRDA:61,4,0,0
BRDA:61,4,1,0
BRF:10
BRH:0
end_of_record
TN:
SF:src/lib/share/catbox.ts
FN:10,makeJsonBlob
FN:14,uploadToCatbox
FN:28,shareCatbox
FNF:3
FNH:0
FNDA:0,makeJsonBlob
FNDA:0,uploadToCatbox
FNDA:0,shareCatbox
DA:11,0
DA:15,0
DA:16,0
DA:17,0
DA:18,0
DA:22,0
DA:23,0
DA:24,0
DA:25,0
DA:29,0
DA:30,0
DA:31,0
LF:12
LH:0
BRDA:22,0,0,0
BRDA:22,0,1,0
BRDA:24,1,0,0
BRDA:24,1,1,0
BRF:4
BRH:0
end_of_record
TN:
SF:src/lib/share/download.ts
FN:8,makeJsonBlob
FN:12,downloadJson
FN:21,(anonymous_2)
FNF:3
FNH:0
FNDA:0,makeJsonBlob
FNDA:0,downloadJson
FNDA:0,(anonymous_2)
DA:9,0
DA:13,0
DA:14,0
DA:15,0
DA:16,0
DA:17,0
DA:18,0
DA:19,0
DA:20,0
DA:21,0
LF:10
LH:0
BRF:0
BRH:0
end_of_record
TN:
SF:src/lib/share/embed.ts
FN:16,gzipBase64Url
FN:26,shareEmbedded
FNF:2
FNH:0
FNDA:0,gzipBase64Url
FNDA:0,shareEmbedded
DA:17,0
DA:18,0
DA:19,0
DA:20,0
DA:21,0
DA:23,0
DA:27,0
DA:28,0
LF:8
LH:0
BRF:0
BRH:0
end_of_record
TN:
SF:src/lib/share/encrypted.ts
FN:29,randomDigits
FN:33,(anonymous_1)
FN:37,deriveKey
FN:55,encryptPayload
FN:79,decryptPayload
FN:100,bytesToPng
FN:135,(anonymous_6)
FN:136,(anonymous_7)
FN:143,pngToBytes
FN:146,(anonymous_9)
FN:149,(anonymous_10)
FN:197,shareEncryptedImage
FN:214,decodeFromImageUrl
FNF:13
FNH:0
FNDA:0,randomDigits
FNDA:0,(anonymous_1)
FNDA:0,deriveKey
FNDA:0,encryptPayload
FNDA:0,decryptPayload
FNDA:0,bytesToPng
FNDA:0,(anonymous_6)
FNDA:0,(anonymous_7)
FNDA:0,pngToBytes
FNDA:0,(anonymous_9)
FNDA:0,(anonymous_10)
FNDA:0,shareEncryptedImage
FNDA:0,decodeFromImageUrl
DA:20,0
DA:21,0
DA:22,0
DA:23,0
DA:24,0
DA:30,0
DA:31,0
DA:32,0
DA:33,0
DA:38,0
DA:39,0
DA:46,0
DA:56,0
DA:57,0
DA:58,0
DA:59,0
DA:60,0
DA:64,0
DA:65,0
DA:66,0
DA:67,0
DA:68,0
DA:69,0
DA:70,0
DA:71,0
DA:72,0
DA:73,0
DA:74,0
DA:75,0
DA:76,0
DA:80,0
DA:81,0
DA:82,0
DA:84,0
DA:85,0
DA:86,0
DA:87,0
DA:88,0
DA:89,0
DA:92,0
DA:101,0
DA:102,0
DA:103,0
DA:104,0
DA:106,0
DA:107,0
DA:108,0
DA:110,0
DA:111,0
DA:112,0
DA:113,0
DA:114,0
DA:117,0
DA:118,0
DA:119,0
DA:121,0
DA:122,0
DA:123,0
DA:124,0
DA:125,0
DA:126,0
DA:127,0
DA:128,0
DA:129,0
DA:130,0
DA:133,0
DA:135,0
DA:136,0
DA:137,0
DA:138,0
DA:144,0
DA:145,0
DA:146,0
DA:147,0
DA:148,0
DA:149,0
DA:150,0
DA:151,0
DA:153,0
DA:154,0
DA:155,0
DA:156,0
DA:157,0
DA:158,0
DA:159,0
DA:162,0
DA:163,0
DA:164,0
DA:165,0
DA:166,0
DA:167,0
DA:168,0
DA:170,0
DA:176,0
DA:178,0
DA:179,0
DA:180,0
DA:181,0
DA:182,0
DA:183,0
DA:184,0
DA:185,0
DA:186,0
DA:187,0
DA:189,0
DA:191,0
DA:193,0
DA:202,0
DA:203,0
DA:204,0
DA:205,0
DA:215,0
DA:216,0
DA:217,0
DA:218,0
DA:219,0
LF:116
LH:0
BRDA:80,0,0,0
BRDA:80,0,1,0
BRDA:81,1,0,0
BRDA:81,1,1,0
BRDA:81,2,0,0
BRDA:81,2,1,0
BRDA:81,2,2,0
BRDA:114,3,0,0
BRDA:114,3,1,0
BRDA:137,4,0,0
BRDA:137,4,1,0
BRDA:157,5,0,0
BRDA:157,5,1,0
BRDA:176,6,0,0
BRDA:176,6,1,0
BRDA:216,7,0,0
BRDA:216,7,1,0
BRF:17
BRH:0
end_of_record
TN:
SF:src/lib/share/zerox.ts
FN:10,makeJsonBlob
FN:14,uploadToZeroXZero
FN:24,shareZeroXZero
FNF:3
FNH:0
FNDA:0,makeJsonBlob
FNDA:0,uploadToZeroXZero
FNDA:0,shareZeroXZero
DA:11,0
DA:15,0
DA:16,0
DA:17,0
DA:18,0
DA:19,0
DA:20,0
DA:21,0
DA:25,0
DA:26,0
DA:27,0
LF:11
LH:0
BRDA:18,0,0,0
BRDA:18,0,1,0
BRDA:20,1,0,0
BRDA:20,1,1,0
BRF:4
BRH:0
end_of_record
