TN:
SF:src/App.tsx
FN:20,AppShell
FN:27,(anonymous_1)
FN:33,(anonymous_2)
FN:41,(anonymous_3)
FN:42,(anonymous_4)
FN:42,(anonymous_5)
FN:47,(anonymous_6)
FN:47,(anonymous_7)
FN:52,(anonymous_8)
FN:81,(anonymous_9)
FN:94,(anonymous_10)
FN:100,(anonymous_11)
FN:104,(anonymous_12)
FN:106,(anonymous_13)
FN:107,(anonymous_14)
FN:113,(anonymous_15)
FN:116,(anonymous_16)
FN:122,(anonymous_17)
FN:127,(anonymous_18)
FN:133,(anonymous_19)
FN:146,(anonymous_20)
FN:160,(anonymous_21)
FN:160,(anonymous_22)
FN:161,(anonymous_23)
FN:162,(anonymous_24)
FN:163,(anonymous_25)
FN:164,(anonymous_26)
FN:177,(anonymous_27)
FN:178,(anonymous_28)
FN:181,(anonymous_29)
FN:185,(anonymous_30)
FN:188,(anonymous_31)
FN:199,(anonymous_32)
FN:202,(anonymous_33)
FN:209,(anonymous_34)
FN:225,(anonymous_35)
FN:226,(anonymous_36)
FN:227,(anonymous_37)
FN:231,(anonymous_38)
FN:250,(anonymous_39)
FN:251,(anonymous_40)
FN:256,(anonymous_41)
FN:277,(anonymous_42)
FN:296,(anonymous_43)
FN:299,(anonymous_44)
FN:303,(anonymous_45)
FN:306,(anonymous_46)
FN:309,(anonymous_47)
FN:344,(anonymous_48)
FN:349,(anonymous_49)
FN:356,(anonymous_50)
FN:362,(anonymous_51)
FN:365,(anonymous_52)
FN:370,(anonymous_53)
FN:382,discoverLangs
FN:384,(anonymous_55)
FN:389,(anonymous_56)
FN:390,(anonymous_57)
FN:399,App
FNF:59
FNH:0
FNDA:0,AppShell
FNDA:0,(anonymous_1)
FNDA:0,(anonymous_2)
FNDA:0,(anonymous_3)
FNDA:0,(anonymous_4)
FNDA:0,(anonymous_5)
FNDA:0,(anonymous_6)
FNDA:0,(anonymous_7)
FNDA:0,(anonymous_8)
FNDA:0,(anonymous_9)
FNDA:0,(anonymous_10)
FNDA:0,(anonymous_11)
FNDA:0,(anonymous_12)
FNDA:0,(anonymous_13)
FNDA:0,(anonymous_14)
FNDA:0,(anonymous_15)
FNDA:0,(anonymous_16)
FNDA:0,(anonymous_17)
FNDA:0,(anonymous_18)
FNDA:0,(anonymous_19)
FNDA:0,(anonymous_20)
FNDA:0,(anonymous_21)
FNDA:0,(anonymous_22)
FNDA:0,(anonymous_23)
FNDA:0,(anonymous_24)
FNDA:0,(anonymous_25)
FNDA:0,(anonymous_26)
FNDA:0,(anonymous_27)
FNDA:0,(anonymous_28)
FNDA:0,(anonymous_29)
FNDA:0,(anonymous_30)
FNDA:0,(anonymous_31)
FNDA:0,(anonymous_32)
FNDA:0,(anonymous_33)
FNDA:0,(anonymous_34)
FNDA:0,(anonymous_35)
FNDA:0,(anonymous_36)
FNDA:0,(anonymous_37)
FNDA:0,(anonymous_38)
FNDA:0,(anonymous_39)
FNDA:0,(anonymous_40)
FNDA:0,(anonymous_41)
FNDA:0,(anonymous_42)
FNDA:0,(anonymous_43)
FNDA:0,(anonymous_44)
FNDA:0,(anonymous_45)
FNDA:0,(anonymous_46)
FNDA:0,(anonymous_47)
FNDA:0,(anonymous_48)
FNDA:0,(anonymous_49)
FNDA:0,(anonymous_50)
FNDA:0,(anonymous_51)
FNDA:0,(anonymous_52)
FNDA:0,(anonymous_53)
FNDA:0,discoverLangs
FNDA:0,(anonymous_55)
FNDA:0,(anonymous_56)
FNDA:0,(anonymous_57)
FNDA:0,App
DA:21,0
DA:22,0
DA:23,0
DA:24,0
DA:27,0
DA:28,0
DA:29,0
DA:33,0
DA:34,0
DA:35,0
DA:36,0
DA:37,0
DA:39,0
DA:41,0
DA:42,0
DA:43,0
DA:44,0
DA:45,0
DA:47,0
DA:48,0
DA:49,0
DA:50,0
DA:53,0
DA:54,0
DA:55,0
DA:56,0
DA:57,0
DA:58,0
DA:59,0
DA:60,0
DA:61,0
DA:66,0
DA:67,0
DA:70,0
DA:71,0
DA:72,0
DA:73,0
DA:74,0
DA:77,0
DA:78,0
DA:81,0
DA:82,0
DA:83,0
DA:84,0
DA:85,0
DA:86,0
DA:87,0
DA:88,0
DA:89,0
DA:94,0
DA:95,0
DA:96,0
DA:100,0
DA:101,0
DA:102,0
DA:103,0
DA:104,0
DA:105,0
DA:106,0
DA:107,0
DA:108,0
DA:109,0
DA:110,0
DA:111,0
DA:112,0
DA:113,0
DA:116,0
DA:117,0
DA:118,0
DA:119,0
DA:122,0
DA:123,0
DA:124,0
DA:127,0
DA:128,0
DA:129,0
DA:130,0
DA:133,0
DA:134,0
DA:135,0
DA:136,0
DA:137,0
DA:139,0
DA:140,0
DA:141,0
DA:142,0
DA:146,0
DA:147,0
DA:148,0
DA:149,0
DA:150,0
DA:152,0
DA:153,0
DA:154,0
DA:155,0
DA:159,0
DA:160,0
DA:161,0
DA:162,0
DA:163,0
DA:165,0
DA:166,0
DA:167,0
DA:168,0
DA:169,0
DA:170,0
DA:177,0
DA:178,0
DA:179,0
DA:180,0
DA:181,0
DA:184,0
DA:185,0
DA:188,0
DA:189,0
DA:190,0
DA:191,0
DA:192,0
DA:194,0
DA:202,0
DA:203,0
DA:204,0
DA:208,0
DA:209,0
DA:210,0
DA:211,0
DA:212,0
DA:213,0
DA:214,0
DA:216,0
DA:221,0
DA:222,0
DA:225,0
DA:226,0
DA:227,0
DA:240,0
DA:241,0
DA:250,0
DA:251,0
DA:256,0
DA:265,0
DA:266,0
DA:269,0
DA:270,0
DA:272,0
DA:273,0
DA:274,0
DA:275,0
DA:277,0
DA:278,0
DA:280,0
DA:296,0
DA:299,0
DA:303,0
DA:306,0
DA:309,0
DA:344,0
DA:349,0
DA:356,0
DA:362,0
DA:365,0
DA:370,0
DA:383,0
DA:384,0
DA:385,0
DA:386,0
DA:387,0
DA:388,0
DA:389,0
DA:390,0
DA:391,0
DA:393,0
DA:395,0
DA:396,0
DA:400,0
LF:175
LH:0
BRDA:28,0,0,0
BRDA:28,0,1,0
BRDA:29,1,0,0
BRDA:29,1,1,0
BRDA:29,2,0,0
BRDA:29,2,1,0
BRDA:34,3,0,0
BRDA:34,3,1,0
BRDA:54,4,0,0
BRDA:54,4,1,0
BRDA:56,5,0,0
BRDA:56,5,1,0
BRDA:58,6,0,0
BRDA:58,6,1,0
BRDA:58,7,0,0
BRDA:58,7,1,0
BRDA:82,8,0,0
BRDA:82,8,1,0
BRDA:86,9,0,0
BRDA:86,9,1,0
BRDA:86,10,0,0
BRDA:86,10,1,0
BRDA:88,11,0,0
BRDA:88,11,1,0
BRDA:95,12,0,0
BRDA:95,12,1,0
BRDA:96,13,0,0
BRDA:96,13,1,0
BRDA:102,14,0,0
BRDA:102,14,1,0
BRDA:108,15,0,0
BRDA:108,15,1,0
BRDA:108,16,0,0
BRDA:108,16,1,0
BRDA:109,17,0,0
BRDA:109,17,1,0
BRDA:110,18,0,0
BRDA:110,18,1,0
BRDA:110,19,0,0
BRDA:110,19,1,0
BRDA:110,20,0,0
BRDA:110,20,1,0
BRDA:110,21,0,0
BRDA:110,21,1,0
BRDA:110,22,0,0
BRDA:110,22,1,0
BRDA:111,23,0,0
BRDA:111,23,1,0
BRDA:111,24,0,0
BRDA:111,24,1,0
BRDA:134,25,0,0
BRDA:134,25,1,0
BRDA:136,26,0,0
BRDA:136,26,1,0
BRDA:140,27,0,0
BRDA:140,27,1,0
BRDA:142,28,0,0
BRDA:142,28,1,0
BRDA:147,29,0,0
BRDA:147,29,1,0
BRDA:149,30,0,0
BRDA:149,30,1,0
BRDA:153,31,0,0
BRDA:153,31,1,0
BRDA:153,32,0,0
BRDA:153,32,1,0
BRDA:155,33,0,0
BRDA:155,33,1,0
BRDA:170,34,0,0
BRDA:170,34,1,0
BRDA:170,35,0,0
BRDA:170,35,1,0
BRDA:179,36,0,0
BRDA:179,36,1,0
BRDA:179,37,0,0
BRDA:179,37,1,0
BRDA:179,37,2,0
BRDA:189,38,0,0
BRDA:189,38,1,0
BRDA:192,39,0,0
BRDA:192,39,1,0
BRDA:197,40,0,0
BRDA:197,40,1,0
BRDA:198,41,0,0
BRDA:198,41,1,0
BRDA:204,42,0,0
BRDA:204,42,1,0
BRDA:210,43,0,0
BRDA:210,43,1,0
BRDA:211,44,0,0
BRDA:211,44,1,0
BRDA:216,45,0,0
BRDA:216,45,1,0
BRDA:221,46,0,0
BRDA:221,46,1,0
BRDA:221,47,0,0
BRDA:221,47,1,0
BRDA:221,47,2,0
BRDA:240,48,0,0
BRDA:240,48,1,0
BRDA:251,49,0,0
BRDA:251,49,1,0
BRDA:254,50,0,0
BRDA:254,50,1,0
BRDA:265,51,0,0
BRDA:265,51,1,0
BRDA:270,52,0,0
BRDA:270,52,1,0
BRDA:277,53,0,0
BRDA:277,53,1,0
BRDA:277,54,0,0
BRDA:277,54,1,0
BRDA:278,55,0,0
BRDA:278,55,1,0
BRDA:285,56,0,0
BRDA:285,56,1,0
BRDA:290,57,0,0
BRDA:290,57,1,0
BRDA:296,58,0,0
BRDA:296,58,1,0
BRDA:332,59,0,0
BRDA:332,59,1,0
BRDA:332,60,0,0
BRDA:332,60,1,0
BRDA:385,61,0,0
BRDA:385,61,1,0
BRDA:385,62,0,0
BRDA:385,62,1,0
BRDA:386,63,0,0
BRDA:386,63,1,0
BRDA:389,64,0,0
BRDA:389,64,1,0
BRDA:389,65,0,0
BRDA:389,65,1,0
BRDA:389,65,2,0
BRF:135
BRH:0
end_of_record
TN:
SF:src/components/VersionBadge.tsx
FN:38,isLang
FN:42,getLang
FN:53,t
FN:57,VersionBadge
FN:64,(anonymous_4)
FN:69,(anonymous_5)
FN:70,(anonymous_6)
FN:75,(anonymous_7)
FN:81,(anonymous_8)
FNF:9
FNH:7
FNDA:22,isLang
FNDA:22,getLang
FNDA:22,t
FNDA:7,VersionBadge
FNDA:5,(anonymous_4)
FNDA:0,(anonymous_5)
FNDA:4,(anonymous_6)
FNDA:2,(anonymous_7)
FNDA:0,(anonymous_8)
DA:17,1
DA:39,22
DA:43,22
DA:44,22
DA:45,22
DA:49,22
DA:50,22
DA:54,22
DA:58,7
DA:59,7
DA:62,7
DA:64,7
DA:65,5
DA:66,1
DA:67,1
DA:69,4
DA:70,4
DA:73,7
DA:75,6
DA:76,2
DA:77,2
DA:81,2
DA:84,6
DA:86,7
LF:24
LH:24
BRDA:39,0,0,22
BRDA:39,0,1,0
BRDA:39,0,2,0
BRDA:45,1,0,0
BRDA:45,1,1,22
BRDA:45,2,0,22
BRDA:45,2,1,0
BRDA:49,3,0,22
BRDA:49,3,1,0
BRDA:50,4,0,22
BRDA:50,4,1,0
BRDA:65,5,0,1
BRDA:65,5,1,4
BRDA:73,6,0,1
BRDA:73,6,1,6
BRDA:84,7,0,0
BRDA:84,7,1,6
BRDA:105,8,0,2
BRDA:105,8,1,4
BRF:19
BRH:12
end_of_record
TN:
SF:src/components/Canvas/Canvas.tsx
FN:50,Canvas
FN:64,(anonymous_1)
FN:65,(anonymous_2)
FN:72,(anonymous_3)
FN:76,(anonymous_4)
FN:97,(anonymous_5)
FN:118,(anonymous_6)
FN:138,(anonymous_7)
FN:166,(anonymous_8)
FN:168,(anonymous_9)
FN:170,(anonymous_10)
FN:175,(anonymous_11)
FN:183,(anonymous_12)
FN:193,(anonymous_13)
FN:201,(anonymous_14)
FN:318,LanesLayer
FN:322,(anonymous_16)
FN:363,PhasesLayer
FN:367,(anonymous_18)
FN:387,(anonymous_19)
FN:413,EdgesLayer
FN:423,(anonymous_21)
FN:442,(anonymous_22)
FN:469,NodesLayer
FN:479,(anonymous_24)
FN:486,(anonymous_25)
FN:497,(anonymous_26)
FNF:27
FNH:0
FNDA:0,Canvas
FNDA:0,(anonymous_1)
FNDA:0,(anonymous_2)
FNDA:0,(anonymous_3)
FNDA:0,(anonymous_4)
FNDA:0,(anonymous_5)
FNDA:0,(anonymous_6)
FNDA:0,(anonymous_7)
FNDA:0,(anonymous_8)
FNDA:0,(anonymous_9)
FNDA:0,(anonymous_10)
FNDA:0,(anonymous_11)
FNDA:0,(anonymous_12)
FNDA:0,(anonymous_13)
FNDA:0,(anonymous_14)
FNDA:0,LanesLayer
FNDA:0,(anonymous_16)
FNDA:0,PhasesLayer
FNDA:0,(anonymous_18)
FNDA:0,(anonymous_19)
FNDA:0,EdgesLayer
FNDA:0,(anonymous_21)
FNDA:0,(anonymous_22)
FNDA:0,NodesLayer
FNDA:0,(anonymous_24)
FNDA:0,(anonymous_25)
FNDA:0,(anonymous_26)
DA:25,0
DA:40,0
DA:43,0
DA:45,0
DA:47,0
DA:48,0
DA:60,0
DA:64,0
DA:65,0
DA:68,0
DA:72,0
DA:73,0
DA:74,0
DA:75,0
DA:76,0
DA:77,0
DA:78,0
DA:81,0
DA:85,0
DA:95,0
DA:97,0
DA:100,0
DA:101,0
DA:102,0
DA:105,0
DA:106,0
DA:107,0
DA:108,0
DA:118,0
DA:119,0
DA:120,0
DA:121,0
DA:122,0
DA:123,0
DA:124,0
DA:125,0
DA:126,0
DA:127,0
DA:128,0
DA:129,0
DA:134,0
DA:135,0
DA:138,0
DA:139,0
DA:140,0
DA:141,0
DA:142,0
DA:143,0
DA:146,0
DA:148,0
DA:149,0
DA:153,0
DA:165,0
DA:166,0
DA:167,0
DA:168,0
DA:170,0
DA:171,0
DA:172,0
DA:173,0
DA:174,0
DA:175,0
DA:176,0
DA:177,0
DA:178,0
DA:179,0
DA:180,0
DA:181,0
DA:183,0
DA:186,0
DA:187,0
DA:188,0
DA:189,0
DA:190,0
DA:192,0
DA:193,0
DA:194,0
DA:195,0
DA:201,0
DA:204,0
DA:205,0
DA:206,0
DA:208,0
DA:209,0
DA:210,0
DA:212,0
DA:218,0
DA:220,0
DA:227,0
DA:319,0
DA:320,0
DA:323,0
DA:324,0
DA:325,0
DA:326,0
DA:327,0
DA:364,0
DA:365,0
DA:368,0
DA:369,0
DA:370,0
DA:371,0
DA:372,0
DA:374,0
DA:388,0
DA:421,0
DA:424,0
DA:425,0
DA:426,0
DA:428,0
DA:429,0
DA:430,0
DA:431,0
DA:432,0
DA:433,0
DA:434,0
DA:435,0
DA:436,0
DA:437,0
DA:438,0
DA:442,0
DA:443,0
DA:444,0
DA:446,0
DA:479,0
DA:480,0
DA:481,0
DA:482,0
DA:484,0
DA:487,0
DA:488,0
DA:489,0
DA:490,0
DA:491,0
DA:492,0
DA:493,0
DA:494,0
DA:495,0
DA:496,0
DA:497,0
DA:498,0
DA:499,0
DA:501,0
LF:143
LH:0
BRDA:75,0,0,0
BRDA:75,0,1,0
BRDA:77,1,0,0
BRDA:77,1,1,0
BRDA:78,2,0,0
BRDA:78,2,1,0
BRDA:101,3,0,0
BRDA:101,3,1,0
BRDA:101,4,0,0
BRDA:101,4,1,0
BRDA:101,4,2,0
BRDA:101,4,3,0
BRDA:101,4,4,0
BRDA:105,5,0,0
BRDA:105,5,1,0
BRDA:105,6,0,0
BRDA:105,6,1,0
BRDA:107,7,0,0
BRDA:107,7,1,0
BRDA:121,8,0,0
BRDA:121,8,1,0
BRDA:121,9,0,0
BRDA:121,9,1,0
BRDA:121,9,2,0
BRDA:124,10,0,0
BRDA:124,10,1,0
BRDA:124,11,0,0
BRDA:124,11,1,0
BRDA:125,12,0,0
BRDA:125,12,1,0
BRDA:127,13,0,0
BRDA:127,13,1,0
BRDA:141,14,0,0
BRDA:141,14,1,0
BRDA:141,15,0,0
BRDA:141,15,1,0
BRDA:142,16,0,0
BRDA:142,16,1,0
BRDA:143,17,0,0
BRDA:143,17,1,0
BRDA:149,18,0,0
BRDA:149,18,1,0
BRDA:172,19,0,0
BRDA:172,19,1,0
BRDA:176,20,0,0
BRDA:176,20,1,0
BRDA:186,21,0,0
BRDA:186,21,1,0
BRDA:189,22,0,0
BRDA:189,22,1,0
BRDA:195,23,0,0
BRDA:195,23,1,0
BRDA:204,24,0,0
BRDA:204,24,1,0
BRDA:209,25,0,0
BRDA:209,25,1,0
BRDA:209,26,0,0
BRDA:209,26,1,0
BRDA:209,26,2,0
BRDA:209,26,3,0
BRDA:209,26,4,0
BRDA:324,27,0,0
BRDA:324,27,1,0
BRDA:331,28,0,0
BRDA:331,28,1,0
BRDA:342,29,0,0
BRDA:342,29,1,0
BRDA:369,30,0,0
BRDA:369,30,1,0
BRDA:377,31,0,0
BRDA:377,31,1,0
BRDA:426,32,0,0
BRDA:426,32,1,0
BRDA:430,33,0,0
BRDA:430,33,1,0
BRDA:431,34,0,0
BRDA:431,34,1,0
BRDA:432,35,0,0
BRDA:432,35,1,0
BRDA:435,36,0,0
BRDA:435,36,1,0
BRDA:438,37,0,0
BRDA:438,37,1,0
BRDA:438,38,0,0
BRDA:438,38,1,0
BRDA:480,39,0,0
BRDA:480,39,1,0
BRDA:482,40,0,0
BRDA:482,40,1,0
BRDA:488,41,0,0
BRDA:488,41,1,0
BRDA:490,42,0,0
BRDA:490,42,1,0
BRDA:491,43,0,0
BRDA:491,43,1,0
BRDA:492,44,0,0
BRDA:492,44,1,0
BRDA:493,45,0,0
BRDA:493,45,1,0
BRDA:494,46,0,0
BRDA:494,46,1,0
BRDA:510,47,0,0
BRDA:510,47,1,0
BRDA:520,48,0,0
BRDA:520,48,1,0
BRDA:536,49,0,0
BRDA:536,49,1,0
BRF:107
BRH:0
end_of_record
TN:
SF:src/components/Canvas/StickyHeaders.tsx
FN:26,StickyHeaders
FN:45,PhaseHeader
FN:55,(anonymous_2)
FN:99,LaneLabels
FN:109,(anonymous_4)
FN:152,Corner
FNF:6
FNH:0
FNDA:0,StickyHeaders
FNDA:0,PhaseHeader
FNDA:0,(anonymous_2)
FNDA:0,LaneLabels
FNDA:0,(anonymous_4)
FNDA:0,Corner
DA:16,0
DA:17,0
DA:27,0
DA:28,0
DA:46,0
DA:56,0
DA:57,0
DA:61,0
DA:62,0
DA:63,0
DA:64,0
DA:100,0
DA:110,0
DA:111,0
DA:112,0
DA:113,0
DA:114,0
DA:115,0
DA:153,0
LF:19
LH:0
BRDA:57,0,0,0
BRDA:57,0,1,0
BRDA:73,1,0,0
BRDA:73,1,1,0
BRDA:111,2,0,0
BRDA:111,2,1,0
BRDA:114,3,0,0
BRDA:114,3,1,0
BRDA:123,4,0,0
BRDA:123,4,1,0
BRDA:128,5,0,0
BRDA:128,5,1,0
BRF:12
BRH:0
end_of_record
TN:
SF:src/components/CodeDrawer/CodeDrawer.tsx
FN:51,CodeDrawer
FN:57,(anonymous_1)
FN:64,(anonymous_2)
FN:64,(anonymous_3)
FN:67,(anonymous_4)
FN:68,(anonymous_5)
FN:74,(anonymous_6)
FN:83,(anonymous_7)
FN:84,(anonymous_8)
FN:92,(anonymous_9)
FN:97,(anonymous_10)
FN:103,(anonymous_11)
FN:105,onKey
FN:109,(anonymous_13)
FN:115,(anonymous_14)
FN:146,(anonymous_15)
FN:149,(anonymous_16)
FN:156,(anonymous_17)
FN:161,(anonymous_18)
FN:169,(anonymous_19)
FN:179,(anonymous_20)
FN:187,(anonymous_21)
FN:201,(anonymous_22)
FN:211,(anonymous_23)
FN:220,(anonymous_24)
FN:231,(anonymous_25)
FN:276,(anonymous_26)
FN:285,(anonymous_27)
FNF:28
FNH:0
FNDA:0,CodeDrawer
FNDA:0,(anonymous_1)
FNDA:0,(anonymous_2)
FNDA:0,(anonymous_3)
FNDA:0,(anonymous_4)
FNDA:0,(anonymous_5)
FNDA:0,(anonymous_6)
FNDA:0,(anonymous_7)
FNDA:0,(anonymous_8)
FNDA:0,(anonymous_9)
FNDA:0,(anonymous_10)
FNDA:0,(anonymous_11)
FNDA:0,onKey
FNDA:0,(anonymous_13)
FNDA:0,(anonymous_14)
FNDA:0,(anonymous_15)
FNDA:0,(anonymous_16)
FNDA:0,(anonymous_17)
FNDA:0,(anonymous_18)
FNDA:0,(anonymous_19)
FNDA:0,(anonymous_20)
FNDA:0,(anonymous_21)
FNDA:0,(anonymous_22)
FNDA:0,(anonymous_23)
FNDA:0,(anonymous_24)
FNDA:0,(anonymous_25)
FNDA:0,(anonymous_26)
FNDA:0,(anonymous_27)
DA:48,0
DA:49,0
DA:52,0
DA:53,0
DA:56,0
DA:57,0
DA:58,0
DA:64,0
DA:67,0
DA:68,0
DA:74,0
DA:75,0
DA:80,0
DA:81,0
DA:82,0
DA:83,0
DA:84,0
DA:87,0
DA:88,0
DA:91,0
DA:92,0
DA:93,0
DA:97,0
DA:98,0
DA:99,0
DA:103,0
DA:104,0
DA:106,0
DA:108,0
DA:109,0
DA:112,0
DA:113,0
DA:115,0
DA:116,0
DA:117,0
DA:118,0
DA:119,0
DA:120,0
DA:121,0
DA:122,0
DA:124,0
DA:125,0
DA:126,0
DA:127,0
DA:130,0
DA:131,0
DA:132,0
DA:133,0
DA:136,0
DA:137,0
DA:138,0
DA:139,0
DA:140,0
DA:141,0
DA:142,0
DA:143,0
DA:146,0
DA:147,0
DA:148,0
DA:149,0
DA:150,0
DA:151,0
DA:152,0
DA:154,0
DA:155,0
DA:156,0
DA:157,0
DA:161,0
DA:162,0
DA:163,0
DA:164,0
DA:165,0
DA:166,0
DA:167,0
DA:168,0
DA:169,0
DA:170,0
DA:171,0
DA:172,0
DA:174,0
DA:175,0
DA:176,0
DA:179,0
DA:180,0
DA:181,0
DA:182,0
DA:183,0
DA:184,0
DA:185,0
DA:186,0
DA:187,0
DA:188,0
DA:189,0
DA:190,0
DA:192,0
DA:193,0
DA:194,0
DA:197,0
DA:198,0
DA:201,0
DA:202,0
DA:203,0
DA:204,0
DA:205,0
DA:211,0
DA:212,0
DA:213,0
DA:214,0
DA:220,0
DA:221,0
DA:222,0
DA:223,0
DA:224,0
DA:225,0
DA:226,0
DA:227,0
DA:228,0
DA:229,0
DA:230,0
DA:231,0
DA:234,0
DA:236,0
DA:243,0
DA:246,0
DA:253,0
DA:277,0
DA:278,0
DA:285,0
DA:349,0
LF:129
LH:0
BRDA:58,0,0,0
BRDA:58,0,1,0
BRDA:74,1,0,0
BRDA:74,1,1,0
BRDA:82,2,0,0
BRDA:82,2,1,0
BRDA:93,3,0,0
BRDA:93,3,1,0
BRDA:104,4,0,0
BRDA:104,4,1,0
BRDA:106,5,0,0
BRDA:106,5,1,0
BRDA:113,6,0,0
BRDA:113,6,1,0
BRDA:113,6,2,0
BRDA:117,7,0,0
BRDA:117,7,1,0
BRDA:119,8,0,0
BRDA:119,8,1,0
BRDA:126,9,0,0
BRDA:126,9,1,0
BRDA:126,10,0,0
BRDA:126,10,1,0
BRDA:130,11,0,0
BRDA:130,11,1,0
BRDA:136,12,0,0
BRDA:136,12,1,0
BRDA:138,13,0,0
BRDA:138,13,1,0
BRDA:155,14,0,0
BRDA:155,14,1,0
BRDA:165,15,0,0
BRDA:165,15,1,0
BRDA:165,16,0,0
BRDA:165,16,1,0
BRDA:165,16,2,0
BRDA:167,17,0,0
BRDA:167,17,1,0
BRDA:183,18,0,0
BRDA:183,18,1,0
BRDA:183,19,0,0
BRDA:183,19,1,0
BRDA:183,19,2,0
BRDA:185,20,0,0
BRDA:185,20,1,0
BRDA:197,21,0,0
BRDA:197,21,1,0
BRDA:198,22,0,0
BRDA:198,22,1,0
BRDA:202,23,0,0
BRDA:202,23,1,0
BRDA:212,24,0,0
BRDA:212,24,1,0
BRDA:221,25,0,0
BRDA:221,25,1,0
BRDA:222,26,0,0
BRDA:222,26,1,0
BRDA:234,27,0,0
BRDA:234,27,1,0
BRDA:236,28,0,0
BRDA:236,28,1,0
BRDA:238,29,0,0
BRDA:238,29,1,0
BRDA:240,30,0,0
BRDA:240,30,1,0
BRDA:243,31,0,0
BRDA:243,31,1,0
BRDA:256,32,0,0
BRDA:256,32,1,0
BRDA:277,33,0,0
BRDA:277,33,1,0
BRDA:339,34,0,0
BRDA:339,34,1,0
BRDA:343,35,0,0
BRDA:343,35,1,0
BRF:75
BRH:0
end_of_record
TN:
SF:src/components/DragDrop/DragDropOverlay.tsx
FN:20,isFileDrag
FN:30,DragDropOverlay
FN:37,(anonymous_2)
FN:38,(anonymous_3)
FN:44,(anonymous_4)
FN:49,(anonymous_5)
FN:54,(anonymous_6)
FN:67,(anonymous_7)
FNF:8
FNH:7
FNDA:10,isFileDrag
FNDA:12,DragDropOverlay
FNDA:7,(anonymous_2)
FNDA:5,(anonymous_3)
FNDA:0,(anonymous_4)
FNDA:3,(anonymous_5)
FNDA:2,(anonymous_6)
FNDA:7,(anonymous_7)
DA:21,10
DA:22,10
DA:23,10
DA:24,10
DA:25,10
DA:27,1
DA:31,12
DA:32,12
DA:35,12
DA:37,12
DA:38,7
DA:39,5
DA:40,4
DA:41,4
DA:42,4
DA:44,7
DA:45,0
DA:46,0
DA:47,0
DA:49,7
DA:50,3
DA:51,3
DA:52,3
DA:54,7
DA:55,2
DA:56,2
DA:57,2
DA:58,2
DA:59,2
DA:60,2
DA:63,7
DA:64,7
DA:65,7
DA:66,7
DA:67,7
DA:68,7
DA:69,7
DA:70,7
DA:71,7
DA:75,12
DA:77,12
LF:41
LH:38
BRDA:22,0,0,0
BRDA:22,0,1,10
BRDA:25,1,0,9
BRDA:25,1,1,1
BRDA:25,2,0,10
BRDA:25,2,1,1
BRDA:39,3,0,1
BRDA:39,3,1,4
BRDA:45,4,0,0
BRDA:45,4,1,0
BRDA:47,5,0,0
BRDA:47,5,1,0
BRDA:50,6,0,0
BRDA:50,6,1,3
BRDA:52,7,0,2
BRDA:52,7,1,1
BRDA:55,8,0,0
BRDA:55,8,1,2
BRDA:60,9,0,1
BRDA:60,9,1,1
BRDA:75,10,0,3
BRDA:75,10,1,9
BRDA:78,11,0,3
BRDA:78,11,1,9
BRF:24
BRH:17
end_of_record
TN:
SF:src/components/NodeDrawer/NodeDrawer.tsx
FN:41,NodeDrawer
FN:49,(anonymous_1)
FN:51,onKey
FN:55,(anonymous_3)
FN:59,(anonymous_4)
FN:101,renderNode
FN:115,(anonymous_6)
FN:115,(anonymous_7)
FN:116,(anonymous_8)
FN:116,(anonymous_9)
FN:162,(anonymous_10)
FN:174,(anonymous_11)
FN:182,(anonymous_12)
FN:195,(anonymous_13)
FN:203,(anonymous_14)
FN:218,(anonymous_15)
FN:226,(anonymous_16)
FN:235,renderMetaRow
FN:251,renderStateSection
FN:294,ToolsetRow
FN:303,(anonymous_20)
FN:312,ModePill
FN:336,resolveModule
FN:350,ModuleRow
FN:364,(anonymous_24)
FN:389,renderEdge
FN:442,(anonymous_26)
FN:449,(anonymous_27)
FN:460,isBackward
FNF:29
FNH:0
FNDA:0,NodeDrawer
FNDA:0,(anonymous_1)
FNDA:0,onKey
FNDA:0,(anonymous_3)
FNDA:0,(anonymous_4)
FNDA:0,renderNode
FNDA:0,(anonymous_6)
FNDA:0,(anonymous_7)
FNDA:0,(anonymous_8)
FNDA:0,(anonymous_9)
FNDA:0,(anonymous_10)
FNDA:0,(anonymous_11)
FNDA:0,(anonymous_12)
FNDA:0,(anonymous_13)
FNDA:0,(anonymous_14)
FNDA:0,(anonymous_15)
FNDA:0,(anonymous_16)
FNDA:0,renderMetaRow
FNDA:0,renderStateSection
FNDA:0,ToolsetRow
FNDA:0,(anonymous_20)
FNDA:0,ModePill
FNDA:0,resolveModule
FNDA:0,ModuleRow
FNDA:0,(anonymous_24)
FNDA:0,renderEdge
FNDA:0,(anonymous_26)
FNDA:0,(anonymous_27)
FNDA:0,isBackward
DA:45,0
DA:49,0
DA:50,0
DA:52,0
DA:54,0
DA:55,0
DA:59,0
DA:60,0
DA:61,0
DA:62,0
DA:63,0
DA:64,0
DA:65,0
DA:66,0
DA:69,0
DA:71,0
DA:73,0
DA:109,0
DA:110,0
DA:111,0
DA:112,0
DA:113,0
DA:115,0
DA:116,0
DA:118,0
DA:119,0
DA:120,0
DA:124,0
DA:125,0
DA:127,0
DA:163,0
DA:175,0
DA:176,0
DA:177,0
DA:182,0
DA:196,0
DA:197,0
DA:198,0
DA:203,0
DA:218,0
DA:226,0
DA:240,0
DA:241,0
DA:257,0
DA:258,0
DA:259,0
DA:260,0
DA:261,0
DA:262,0
DA:263,0
DA:266,0
DA:299,0
DA:300,0
DA:304,0
DA:317,0
DA:318,0
DA:319,0
DA:320,0
DA:321,0
DA:324,0
DA:329,0
DA:340,0
DA:341,0
DA:342,0
DA:343,0
DA:345,0
DA:347,0
DA:356,0
DA:357,0
DA:358,0
DA:365,0
DA:395,0
DA:396,0
DA:397,0
DA:398,0
DA:399,0
DA:400,0
DA:401,0
DA:402,0
DA:404,0
DA:405,0
DA:406,0
DA:407,0
DA:413,0
DA:442,0
DA:449,0
DA:466,0
DA:467,0
DA:468,0
DA:469,0
DA:470,0
LF:91
LH:0
BRDA:50,0,0,0
BRDA:50,0,1,0
BRDA:52,1,0,0
BRDA:52,1,1,0
BRDA:69,2,0,0
BRDA:69,2,1,0
BRDA:69,3,0,0
BRDA:69,3,1,0
BRDA:71,4,0,0
BRDA:71,4,1,0
BRDA:76,5,0,0
BRDA:76,5,1,0
BRDA:88,6,0,0
BRDA:88,6,1,0
BRDA:88,7,0,0
BRDA:88,7,1,0
BRDA:91,8,0,0
BRDA:91,8,1,0
BRDA:91,9,0,0
BRDA:91,9,1,0
BRDA:110,10,0,0
BRDA:110,10,1,0
BRDA:113,11,0,0
BRDA:113,11,1,0
BRDA:113,12,0,0
BRDA:113,12,1,0
BRDA:119,13,0,0
BRDA:119,13,1,0
BRDA:120,14,0,0
BRDA:120,14,1,0
BRDA:120,15,0,0
BRDA:120,15,1,0
BRDA:125,16,0,0
BRDA:125,16,1,0
BRDA:125,16,2,0
BRDA:125,16,3,0
BRDA:125,16,4,0
BRDA:130,17,0,0
BRDA:130,17,1,0
BRDA:140,18,0,0
BRDA:140,18,1,0
BRDA:142,19,0,0
BRDA:142,19,1,0
BRDA:152,20,0,0
BRDA:152,20,1,0
BRDA:153,21,0,0
BRDA:153,21,1,0
BRDA:155,22,0,0
BRDA:155,22,1,0
BRDA:155,23,0,0
BRDA:155,23,1,0
BRDA:171,24,0,0
BRDA:171,24,1,0
BRDA:176,25,0,0
BRDA:176,25,1,0
BRDA:192,26,0,0
BRDA:192,26,1,0
BRDA:197,27,0,0
BRDA:197,27,1,0
BRDA:218,28,0,0
BRDA:218,28,1,0
BRDA:226,29,0,0
BRDA:226,29,1,0
BRDA:240,30,0,0
BRDA:240,30,1,0
BRDA:258,31,0,0
BRDA:258,31,1,0
BRDA:259,32,0,0
BRDA:259,32,1,0
BRDA:260,33,0,0
BRDA:260,33,1,0
BRDA:261,34,0,0
BRDA:261,34,1,0
BRDA:262,35,0,0
BRDA:262,35,1,0
BRDA:262,35,2,0
BRDA:262,35,3,0
BRDA:263,36,0,0
BRDA:263,36,1,0
BRDA:271,37,0,0
BRDA:271,37,1,0
BRDA:274,38,0,0
BRDA:274,38,1,0
BRDA:281,39,0,0
BRDA:281,39,1,0
BRDA:299,40,0,0
BRDA:299,40,1,0
BRDA:318,41,0,0
BRDA:318,41,1,0
BRDA:320,42,0,0
BRDA:320,42,1,0
BRDA:321,43,0,0
BRDA:321,43,1,0
BRDA:340,44,0,0
BRDA:340,44,1,0
BRDA:342,45,0,0
BRDA:342,45,1,0
BRDA:343,46,0,0
BRDA:343,46,1,0
BRDA:357,47,0,0
BRDA:357,47,1,0
BRDA:361,48,0,0
BRDA:361,48,1,0
BRDA:361,48,2,0
BRDA:362,49,0,0
BRDA:362,49,1,0
BRDA:367,50,0,0
BRDA:367,50,1,0
BRDA:397,51,0,0
BRDA:397,51,1,0
BRDA:397,52,0,0
BRDA:397,52,1,0
BRDA:402,53,0,0
BRDA:402,53,1,0
BRDA:402,54,0,0
BRDA:402,54,1,0
BRDA:402,54,2,0
BRDA:402,54,3,0
BRDA:407,55,0,0
BRDA:407,55,1,0
BRDA:408,56,0,0
BRDA:408,56,1,0
BRDA:409,57,0,0
BRDA:409,57,1,0
BRDA:410,58,0,0
BRDA:410,58,1,0
BRDA:416,59,0,0
BRDA:416,59,1,0
BRDA:416,60,0,0
BRDA:416,60,1,0
BRDA:420,61,0,0
BRDA:420,61,1,0
BRDA:469,62,0,0
BRDA:469,62,1,0
BRDA:469,63,0,0
BRDA:469,63,1,0
BRF:136
BRH:0
end_of_record
TN:
SF:src/components/SearchModal/SearchModal.tsx
FN:46,buildIndex
FN:47,(anonymous_1)
FN:48,(anonymous_2)
FN:49,(anonymous_3)
FN:59,filterResults
FN:86,highlight
FN:102,SearchModal
FN:116,(anonymous_7)
FN:117,(anonymous_8)
FN:120,(anonymous_9)
FN:130,(anonymous_10)
FN:132,(anonymous_11)
FN:133,(anonymous_12)
FN:139,(anonymous_13)
FN:140,(anonymous_14)
FN:148,(anonymous_15)
FN:154,(anonymous_16)
FN:156,(anonymous_17)
FN:164,(anonymous_18)
FN:167,(anonymous_19)
FN:178,(anonymous_20)
FN:181,(anonymous_21)
FN:218,(anonymous_22)
FN:235,(anonymous_23)
FN:246,(anonymous_24)
FN:247,(anonymous_25)
FNF:26
FNH:25
FNDA:9,buildIndex
FNDA:9,(anonymous_1)
FNDA:9,(anonymous_2)
FNDA:18,(anonymous_3)
FNDA:12,filterResults
FNDA:36,highlight
FNDA:20,SearchModal
FNDA:9,(anonymous_7)
FNDA:12,(anonymous_8)
FNDA:9,(anonymous_9)
FNDA:9,(anonymous_10)
FNDA:2,(anonymous_11)
FNDA:8,(anonymous_12)
FNDA:12,(anonymous_13)
FNDA:12,(anonymous_14)
FNDA:12,(anonymous_15)
FNDA:15,(anonymous_16)
FNDA:8,(anonymous_17)
FNDA:2,(anonymous_18)
FNDA:1,(anonymous_19)
FNDA:14,(anonymous_20)
FNDA:1,(anonymous_21)
FNDA:3,(anonymous_22)
FNDA:36,(anonymous_23)
FNDA:0,(anonymous_24)
FNDA:1,(anonymous_25)
DA:44,1
DA:47,9
DA:48,9
DA:49,18
DA:60,12
DA:61,3
DA:62,3
DA:63,3
DA:64,6
DA:77,6
DA:78,4
DA:79,4
DA:82,3
DA:87,36
DA:88,8
DA:89,8
DA:90,6
DA:91,6
DA:92,6
DA:93,6
DA:109,20
DA:110,20
DA:111,20
DA:112,20
DA:113,20
DA:116,20
DA:117,20
DA:120,20
DA:121,9
DA:122,8
DA:123,8
DA:130,20
DA:131,9
DA:132,8
DA:133,8
DA:135,1
DA:139,20
DA:140,12
DA:141,12
DA:142,12
DA:143,12
DA:148,20
DA:149,12
DA:150,11
DA:154,20
DA:155,15
DA:156,14
DA:157,8
DA:158,1
DA:159,1
DA:160,1
DA:162,7
DA:163,2
DA:164,2
DA:165,5
DA:166,1
DA:167,1
DA:168,4
DA:169,1
DA:170,1
DA:171,1
DA:172,1
DA:173,1
DA:177,14
DA:178,14
DA:181,20
DA:183,1
DA:184,1
DA:189,20
DA:191,20
DA:218,3
DA:237,36
DA:238,36
DA:246,0
DA:247,1
LF:75
LH:74
BRDA:51,0,0,18
BRDA:51,0,1,0
BRDA:52,1,0,18
BRDA:52,1,1,18
BRDA:53,2,0,18
BRDA:53,2,1,18
BRDA:54,3,0,18
BRDA:54,3,1,0
BRDA:55,4,0,18
BRDA:55,4,1,0
BRDA:60,5,0,9
BRDA:60,5,1,3
BRDA:77,6,0,4
BRDA:77,6,1,2
BRDA:79,7,0,0
BRDA:79,7,1,4
BRDA:87,8,0,28
BRDA:87,8,1,8
BRDA:89,9,0,2
BRDA:89,9,1,6
BRDA:116,10,0,9
BRDA:116,10,1,0
BRDA:121,11,0,8
BRDA:121,11,1,1
BRDA:131,12,0,8
BRDA:131,12,1,1
BRDA:141,13,0,0
BRDA:141,13,1,12
BRDA:142,14,0,0
BRDA:142,14,1,12
BRDA:149,15,0,1
BRDA:149,15,1,11
BRDA:155,16,0,1
BRDA:155,16,1,14
BRDA:157,17,0,1
BRDA:157,17,1,7
BRDA:162,18,0,2
BRDA:162,18,1,5
BRDA:164,19,0,2
BRDA:164,19,1,0
BRDA:165,20,0,1
BRDA:165,20,1,4
BRDA:167,21,0,1
BRDA:167,21,1,0
BRDA:168,22,0,1
BRDA:168,22,1,3
BRDA:171,23,0,1
BRDA:171,23,1,0
BRDA:189,24,0,19
BRDA:189,24,1,1
BRDA:197,25,0,19
BRDA:197,25,1,1
BRDA:222,26,0,20
BRDA:222,26,1,0
BRDA:232,27,0,0
BRDA:232,27,1,20
BRDA:237,28,0,20
BRDA:237,28,1,16
BRDA:242,29,0,20
BRDA:242,29,1,16
BRDA:252,30,0,36
BRDA:252,30,1,0
BRDA:253,31,0,36
BRDA:253,31,1,0
BRDA:254,32,0,0
BRDA:254,32,1,36
BRF:66
BRH:51
end_of_record
TN:
SF:src/components/SettingsDrawer/SettingsDrawer.tsx
FN:72,sampleThemePalette
FN:83,(anonymous_1)
FN:99,SettingsDrawer
FN:110,(anonymous_3)
FN:118,(anonymous_4)
FN:120,onKey
FN:124,(anonymous_6)
FN:157,(anonymous_7)
FN:177,(anonymous_8)
FN:181,(anonymous_9)
FN:210,(anonymous_10)
FN:222,(anonymous_11)
FN:237,(anonymous_12)
FN:242,(anonymous_13)
FN:256,(anonymous_14)
FN:261,(anonymous_15)
FNF:16
FNH:0
FNDA:0,sampleThemePalette
FNDA:0,(anonymous_1)
FNDA:0,SettingsDrawer
FNDA:0,(anonymous_3)
FNDA:0,(anonymous_4)
FNDA:0,onKey
FNDA:0,(anonymous_6)
FNDA:0,(anonymous_7)
FNDA:0,(anonymous_8)
FNDA:0,(anonymous_9)
FNDA:0,(anonymous_10)
FNDA:0,(anonymous_11)
FNDA:0,(anonymous_12)
FNDA:0,(anonymous_13)
FNDA:0,(anonymous_14)
FNDA:0,(anonymous_15)
DA:43,0
DA:64,0
DA:73,0
DA:74,0
DA:75,0
DA:76,0
DA:77,0
DA:79,0
DA:81,0
DA:82,0
DA:83,0
DA:84,0
DA:85,0
DA:86,0
DA:95,0
DA:96,0
DA:100,0
DA:101,0
DA:104,0
DA:109,0
DA:110,0
DA:111,0
DA:112,0
DA:113,0
DA:114,0
DA:118,0
DA:119,0
DA:121,0
DA:123,0
DA:124,0
DA:127,0
DA:128,0
DA:130,0
DA:158,0
DA:159,0
DA:160,0
DA:161,0
DA:168,0
DA:171,0
DA:177,0
DA:182,0
DA:210,0
DA:222,0
DA:238,0
DA:242,0
DA:257,0
DA:261,0
LF:47
LH:0
BRDA:73,0,0,0
BRDA:73,0,1,0
BRDA:84,1,0,0
BRDA:84,1,1,0
BRDA:111,2,0,0
BRDA:111,2,1,0
BRDA:119,3,0,0
BRDA:119,3,1,0
BRDA:121,4,0,0
BRDA:121,4,1,0
BRDA:127,5,0,0
BRDA:127,5,1,0
BRDA:133,6,0,0
BRDA:133,6,1,0
BRDA:160,7,0,0
BRDA:160,7,1,0
BRDA:161,8,0,0
BRDA:161,8,1,0
BRDA:164,9,0,0
BRDA:164,9,1,0
BRDA:168,10,0,0
BRDA:168,10,1,0
BRDA:187,11,0,0
BRDA:187,11,1,0
BRDA:193,12,0,0
BRDA:193,12,1,0
BRDA:209,13,0,0
BRDA:209,13,1,0
BRDA:221,14,0,0
BRDA:221,14,1,0
BRDA:241,15,0,0
BRDA:241,15,1,0
BRDA:245,16,0,0
BRDA:245,16,1,0
BRDA:252,17,0,0
BRDA:252,17,1,0
BRDA:260,18,0,0
BRDA:260,18,1,0
BRDA:264,19,0,0
BRDA:264,19,1,0
BRF:40
BRH:0
end_of_record
TN:
SF:src/components/ShareModal/ShareModal.tsx
FN:112,badgeClass
FN:125,formatSize
FN:138,LinkRow
FN:141,(anonymous_3)
FN:145,(anonymous_4)
FN:190,ShareModal
FN:202,(anonymous_6)
FN:204,(anonymous_7)
FN:208,(anonymous_8)
FN:211,(anonymous_9)
FN:212,(anonymous_10)
FN:219,(anonymous_11)
FN:274,(anonymous_12)
FN:278,(anonymous_13)
FN:320,(anonymous_14)
FN:340,(anonymous_15)
FN:350,(anonymous_16)
FN:361,(anonymous_17)
FN:369,(anonymous_18)
FN:396,renderPayload
FN:447,generateDigits
FNF:21
FNH:0
FNDA:0,badgeClass
FNDA:0,formatSize
FNDA:0,LinkRow
FNDA:0,(anonymous_3)
FNDA:0,(anonymous_4)
FNDA:0,ShareModal
FNDA:0,(anonymous_6)
FNDA:0,(anonymous_7)
FNDA:0,(anonymous_8)
FNDA:0,(anonymous_9)
FNDA:0,(anonymous_10)
FNDA:0,(anonymous_11)
FNDA:0,(anonymous_12)
FNDA:0,(anonymous_13)
FNDA:0,(anonymous_14)
FNDA:0,(anonymous_15)
FNDA:0,(anonymous_16)
FNDA:0,(anonymous_17)
FNDA:0,(anonymous_18)
FNDA:0,renderPayload
FNDA:0,generateDigits
DA:36,0
DA:113,0
DA:115,0
DA:117,0
DA:119,0
DA:121,0
DA:126,0
DA:127,0
DA:128,0
DA:139,0
DA:141,0
DA:142,0
DA:143,0
DA:144,0
DA:145,0
DA:151,0
DA:153,0
DA:188,0
DA:191,0
DA:198,0
DA:199,0
DA:202,0
DA:203,0
DA:204,0
DA:205,0
DA:207,0
DA:208,0
DA:211,0
DA:212,0
DA:218,0
DA:220,0
DA:221,0
DA:222,0
DA:223,0
DA:226,0
DA:227,0
DA:229,0
DA:230,0
DA:231,0
DA:232,0
DA:233,0
DA:234,0
DA:235,0
DA:239,0
DA:240,0
DA:241,0
DA:242,0
DA:243,0
DA:244,0
DA:245,0
DA:246,0
DA:247,0
DA:248,0
DA:250,0
DA:253,0
DA:255,0
DA:256,0
DA:258,0
DA:260,0
DA:261,0
DA:267,0
DA:268,0
DA:274,0
DA:275,0
DA:278,0
DA:279,0
DA:283,0
DA:321,0
DA:322,0
DA:340,0
DA:350,0
DA:361,0
DA:370,0
DA:397,0
DA:398,0
DA:399,0
DA:407,0
DA:408,0
DA:416,0
DA:420,0
DA:421,0
DA:428,0
DA:429,0
DA:430,0
DA:442,0
DA:448,0
DA:449,0
DA:450,0
DA:451,0
DA:452,0
DA:453,0
DA:455,0
LF:92
LH:0
BRDA:113,0,0,0
BRDA:113,0,1,0
BRDA:113,0,2,0
BRDA:113,0,3,0
BRDA:126,1,0,0
BRDA:126,1,1,0
BRDA:127,2,0,0
BRDA:127,2,1,0
BRDA:151,3,0,0
BRDA:151,3,1,0
BRDA:159,4,0,0
BRDA:159,4,1,0
BRDA:161,5,0,0
BRDA:161,5,1,0
BRDA:203,6,0,0
BRDA:203,6,1,0
BRDA:205,7,0,0
BRDA:205,7,1,0
BRDA:221,8,0,0
BRDA:221,8,1,0
BRDA:230,9,0,0
BRDA:230,9,1,0
BRDA:239,10,0,0
BRDA:239,10,1,0
BRDA:242,11,0,0
BRDA:242,11,1,0
BRDA:245,12,0,0
BRDA:245,12,1,0
BRDA:248,13,0,0
BRDA:248,13,1,0
BRDA:250,14,0,0
BRDA:250,14,1,0
BRDA:255,15,0,0
BRDA:255,15,1,0
BRDA:267,16,0,0
BRDA:267,16,1,0
BRDA:275,17,0,0
BRDA:275,17,1,0
BRDA:279,18,0,0
BRDA:279,18,1,0
BRDA:288,19,0,0
BRDA:288,19,1,0
BRDA:295,20,0,0
BRDA:295,20,1,0
BRDA:332,21,0,0
BRDA:332,21,1,0
BRDA:378,22,0,0
BRDA:378,22,1,0
BRDA:380,23,0,0
BRDA:380,23,1,0
BRDA:383,24,0,0
BRDA:383,24,1,0
BRDA:384,25,0,0
BRDA:384,25,1,0
BRDA:397,26,0,0
BRDA:397,26,1,0
BRDA:397,27,0,0
BRDA:397,27,1,0
BRDA:407,28,0,0
BRDA:407,28,1,0
BRDA:407,29,0,0
BRDA:407,29,1,0
BRDA:416,30,0,0
BRDA:416,30,1,0
BRDA:416,31,0,0
BRDA:416,31,1,0
BRDA:416,31,2,0
BRDA:424,32,0,0
BRDA:424,32,1,0
BRDA:428,33,0,0
BRDA:428,33,1,0
BRDA:428,34,0,0
BRDA:428,34,1,0
BRDA:428,34,2,0
BRDA:435,35,0,0
BRDA:435,35,1,0
BRDA:453,36,0,0
BRDA:453,36,1,0
BRF:78
BRH:0
end_of_record
TN:
SF:src/components/ShortcutsModal/ShortcutsModal.tsx
FN:26,ShortcutsModal
FN:29,(anonymous_1)
FN:31,(anonymous_2)
FN:35,(anonymous_3)
FN:90,(anonymous_4)
FN:94,(anonymous_5)
FN:97,(anonymous_6)
FNF:7
FNH:7
FNDA:6,ShortcutsModal
FNDA:6,(anonymous_1)
FNDA:1,(anonymous_2)
FNDA:5,(anonymous_3)
FNDA:20,(anonymous_4)
FNDA:55,(anonymous_5)
FNDA:90,(anonymous_6)
DA:14,6
DA:27,6
DA:29,6
DA:30,6
DA:31,5
DA:32,1
DA:34,5
DA:35,5
DA:38,6
DA:40,5
DA:74,6
DA:91,20
DA:95,55
DA:98,90
LF:14
LH:14
BRDA:14,0,0,5
BRDA:14,0,1,1
BRDA:30,1,0,1
BRDA:30,1,1,5
BRDA:32,2,0,1
BRDA:32,2,1,0
BRDA:38,3,0,1
BRDA:38,3,1,5
BRDA:42,4,0,5
BRDA:42,4,1,0
BRDA:44,5,0,6
BRDA:44,5,1,0
BRDA:45,6,0,6
BRDA:45,6,1,0
BRDA:46,7,0,6
BRDA:46,7,1,0
BRDA:47,8,0,6
BRDA:47,8,1,0
BRDA:51,9,0,6
BRDA:51,9,1,0
BRDA:53,10,0,6
BRDA:53,10,1,0
BRDA:57,11,0,6
BRDA:57,11,1,0
BRDA:59,12,0,6
BRDA:59,12,1,0
BRDA:60,13,0,6
BRDA:60,13,1,0
BRDA:61,14,0,6
BRDA:61,14,1,0
BRDA:62,15,0,6
BRDA:62,15,1,0
BRDA:66,16,0,6
BRDA:66,16,1,0
BRDA:68,17,0,6
BRDA:68,17,1,0
BRDA:69,18,0,6
BRDA:69,18,1,0
BRDA:80,19,0,6
BRDA:80,19,1,0
BRDA:82,20,0,6
BRDA:82,20,1,0
BRDA:83,21,0,6
BRDA:83,21,1,0
BRDA:99,22,0,90
BRDA:99,22,1,35
BRF:46
BRH:27
end_of_record
TN:
SF:src/components/Splash/Splash.tsx
FN:35,html
FN:39,Splash
FN:55,(anonymous_2)
FN:61,(anonymous_3)
FN:110,(anonymous_4)
FN:116,(anonymous_5)
FN:122,(anonymous_6)
FNF:7
FNH:7
FNDA:220,html
FNDA:13,Splash
FNDA:12,(anonymous_2)
FNDA:2,(anonymous_3)
FNDA:1,(anonymous_4)
FNDA:1,(anonymous_5)
FNDA:1,(anonymous_6)
DA:36,220
DA:49,13
DA:50,13
DA:51,13
DA:55,13
DA:56,12
DA:57,3
DA:61,13
DA:64,2
DA:65,2
DA:68,13
DA:110,1
DA:116,1
DA:123,1
DA:124,1
LF:15
LH:15
BRDA:56,0,0,3
BRDA:56,0,1,9
BRDA:65,1,0,1
BRDA:65,1,1,1
BRDA:102,2,0,4
BRDA:102,2,1,9
BRDA:132,3,0,1
BRDA:132,3,1,12
BRF:8
BRH:8
end_of_record
TN:
SF:src/components/ZoomControl/ZoomControl.tsx
FN:29,near
FN:33,ZoomControl
FN:43,(anonymous_2)
FN:45,(anonymous_3)
FN:52,(anonymous_4)
FN:56,(anonymous_5)
FN:58,(anonymous_6)
FN:65,(anonymous_7)
FN:68,(anonymous_8)
FN:76,(anonymous_9)
FN:91,(anonymous_10)
FN:91,(anonymous_11)
FN:97,(anonymous_12)
FN:106,(anonymous_13)
FNF:14
FNH:14
FNDA:18,near
FNDA:18,ZoomControl
FNDA:18,(anonymous_2)
FNDA:1,(anonymous_3)
FNDA:6,(anonymous_4)
FNDA:18,(anonymous_5)
FNDA:1,(anonymous_6)
FNDA:6,(anonymous_7)
FNDA:1,(anonymous_8)
FNDA:1,(anonymous_9)
FNDA:6,(anonymous_10)
FNDA:6,(anonymous_11)
FNDA:18,(anonymous_12)
FNDA:1,(anonymous_13)
DA:21,1
DA:28,1
DA:30,18
DA:39,18
DA:40,18
DA:43,18
DA:44,18
DA:45,6
DA:46,1
DA:47,1
DA:48,1
DA:49,1
DA:51,6
DA:52,6
DA:56,18
DA:57,18
DA:58,6
DA:59,1
DA:60,1
DA:61,1
DA:64,6
DA:65,6
DA:68,18
DA:70,1
DA:71,1
DA:76,18
DA:77,1
DA:78,1
DA:81,18
DA:83,18
DA:91,6
DA:98,18
DA:99,18
DA:100,18
DA:106,1
LF:35
LH:35
BRDA:44,0,0,12
BRDA:44,0,1,6
BRDA:47,1,0,0
BRDA:47,1,1,1
BRDA:48,2,0,0
BRDA:48,2,1,1
BRDA:48,3,0,1
BRDA:48,3,1,1
BRDA:57,4,0,12
BRDA:57,4,1,6
BRDA:59,5,0,1
BRDA:59,5,1,0
BRDA:95,6,0,6
BRDA:95,6,1,12
BRDA:99,7,0,6
BRDA:99,7,1,12
BRF:16
BRH:13
end_of_record
TN:
SF:src/contexts/I18nContext.tsx
FN:33,isUILang
FN:37,detectInitialUILang
FN:49,detectInitialDataLang
FN:79,resolveLocalized
FN:84,(anonymous_4)
FN:102,(anonymous_5)
FN:108,(anonymous_6)
FN:112,(anonymous_7)
FN:122,(anonymous_8)
FN:131,(anonymous_9)
FN:142,(anonymous_10)
FN:147,(anonymous_11)
FN:164,useI18n
FNF:13
FNH:13
FNDA:97,isUILang
FNDA:49,detectInitialUILang
FNDA:49,detectInitialDataLang
FNDA:22,resolveLocalized
FNDA:3,(anonymous_4)
FNDA:53,(anonymous_5)
FNDA:51,(anonymous_6)
FNDA:2,(anonymous_7)
FNDA:1,(anonymous_8)
FNDA:373,(anonymous_9)
FNDA:19,(anonymous_10)
FNDA:53,(anonymous_11)
FNDA:74,useI18n
DA:28,10
DA:29,10
DA:31,10
DA:34,97
DA:38,49
DA:39,49
DA:40,49
DA:41,49
DA:45,48
DA:46,49
DA:50,49
DA:51,49
DA:52,49
DA:53,49
DA:57,47
DA:72,10
DA:80,22
DA:81,9
DA:82,5
DA:83,5
DA:84,3
DA:86,4
DA:88,4
DA:89,4
DA:90,3
DA:91,3
DA:93,2
DA:94,2
DA:95,0
DA:96,0
DA:97,0
DA:99,0
DA:102,10
DA:103,53
DA:104,53
DA:105,53
DA:108,53
DA:109,51
DA:112,53
DA:113,2
DA:114,2
DA:115,2
DA:116,2
DA:122,53
DA:123,1
DA:124,1
DA:125,1
DA:131,53
DA:133,373
DA:134,373
DA:135,373
DA:136,91
DA:137,91
DA:142,53
DA:143,19
DA:147,53
DA:148,53
DA:161,53
DA:165,74
DA:166,74
DA:167,4
DA:169,70
LF:62
LH:58
BRDA:34,0,0,97
BRDA:34,0,1,49
BRDA:38,1,0,0
BRDA:38,1,1,49
BRDA:41,2,0,1
BRDA:41,2,1,48
BRDA:45,3,0,48
BRDA:45,3,1,0
BRDA:46,4,0,47
BRDA:46,4,1,1
BRDA:50,5,0,0
BRDA:50,5,1,49
BRDA:53,6,0,2
BRDA:53,6,1,47
BRDA:53,7,0,49
BRDA:53,7,1,2
BRDA:80,8,0,13
BRDA:80,8,1,9
BRDA:81,9,0,4
BRDA:81,9,1,5
BRDA:82,10,0,0
BRDA:82,10,1,5
BRDA:82,11,0,5
BRDA:82,11,1,5
BRDA:83,12,0,1
BRDA:83,12,1,4
BRDA:86,13,0,0
BRDA:86,13,1,4
BRDA:89,14,0,3
BRDA:89,14,1,1
BRDA:91,15,0,2
BRDA:91,15,1,1
BRDA:94,16,0,2
BRDA:94,16,1,0
BRDA:97,17,0,0
BRDA:97,17,1,0
BRDA:113,18,0,0
BRDA:113,18,1,2
BRDA:135,19,0,282
BRDA:135,19,1,91
BRDA:137,20,0,0
BRDA:137,20,1,91
BRDA:166,21,0,4
BRDA:166,21,1,70
BRF:44
BRH:34
end_of_record
TN:
SF:src/contexts/ThemeContext.tsx
FN:50,(anonymous_0)
FN:52,isTheme
FN:56,isMode
FN:60,readInitialTheme
FN:74,readInitialMode
FN:100,(anonymous_5)
FN:106,(anonymous_6)
FN:110,(anonymous_7)
FN:114,(anonymous_8)
FN:124,(anonymous_9)
FN:134,(anonymous_10)
FN:142,useTheme
FNF:12
FNH:12
FNDA:8,(anonymous_0)
FNDA:13,isTheme
FNDA:13,isMode
FNDA:7,readInitialTheme
FNDA:7,readInitialMode
FNDA:9,(anonymous_5)
FNDA:8,(anonymous_6)
FNDA:8,(anonymous_7)
FNDA:1,(anonymous_8)
FNDA:1,(anonymous_9)
FNDA:9,(anonymous_10)
FNDA:14,useTheme
DA:35,1
DA:46,1
DA:47,1
DA:48,1
DA:50,8
DA:53,13
DA:57,13
DA:61,7
DA:62,7
DA:63,7
DA:64,7
DA:65,7
DA:66,6
DA:67,6
DA:71,5
DA:75,7
DA:76,7
DA:77,7
DA:78,7
DA:79,7
DA:80,6
DA:81,6
DA:85,5
DA:86,1
DA:88,4
DA:98,1
DA:100,1
DA:101,9
DA:102,9
DA:106,9
DA:107,8
DA:110,9
DA:111,8
DA:114,9
DA:115,1
DA:116,1
DA:117,1
DA:118,1
DA:124,9
DA:125,1
DA:126,1
DA:127,1
DA:128,1
DA:134,9
DA:135,9
DA:139,9
DA:143,14
DA:144,14
DA:145,4
DA:147,9
LF:50
LH:50
BRDA:53,0,0,13
BRDA:53,0,1,3
BRDA:57,1,0,13
BRDA:57,1,1,13
BRDA:61,2,0,0
BRDA:61,2,1,7
BRDA:65,3,0,1
BRDA:65,3,1,6
BRDA:67,4,0,1
BRDA:67,4,1,5
BRDA:75,5,0,0
BRDA:75,5,1,7
BRDA:79,6,0,1
BRDA:79,6,1,6
BRDA:81,7,0,1
BRDA:81,7,1,5
BRDA:85,8,0,1
BRDA:85,8,1,4
BRDA:85,9,0,5
BRDA:85,9,1,5
BRDA:115,10,0,0
BRDA:115,10,1,1
BRDA:125,11,0,0
BRDA:125,11,1,1
BRDA:125,12,0,1
BRDA:125,12,1,1
BRDA:144,13,0,4
BRDA:144,13,1,10
BRF:28
BRH:24
end_of_record
TN:
SF:src/hooks/useKeyboard.ts
FN:24,useKeyboard
FN:28,(anonymous_1)
FN:32,(anonymous_2)
FN:33,(anonymous_3)
FN:106,(anonymous_4)
FNF:5
FNH:5
FNDA:8,useKeyboard
FNDA:8,(anonymous_1)
FNDA:7,(anonymous_2)
FNDA:17,(anonymous_3)
FNDA:7,(anonymous_4)
DA:27,8
DA:28,8
DA:29,8
DA:32,8
DA:33,7
DA:34,17
DA:35,17
DA:38,17
DA:39,2
DA:40,2
DA:42,2
DA:44,15
DA:45,3
DA:46,1
DA:47,1
DA:49,2
DA:50,1
DA:51,1
DA:53,1
DA:57,12
DA:59,12
DA:60,4
DA:61,4
DA:62,4
DA:64,4
DA:67,8
DA:68,2
DA:69,1
DA:70,1
DA:71,1
DA:73,1
DA:74,1
DA:75,1
DA:77,2
DA:80,6
DA:81,1
DA:82,1
DA:83,1
DA:85,1
DA:88,5
DA:89,2
DA:90,2
DA:91,2
DA:93,2
DA:96,3
DA:97,2
DA:98,2
DA:99,2
DA:101,2
DA:105,7
DA:106,7
DA:107,7
LF:52
LH:52
BRDA:35,0,0,17
BRDA:35,0,1,6
BRDA:38,1,0,2
BRDA:38,1,1,15
BRDA:39,2,0,2
BRDA:39,2,1,0
BRDA:44,3,0,3
BRDA:44,3,1,12
BRDA:45,4,0,1
BRDA:45,4,1,2
BRDA:45,5,0,3
BRDA:45,5,1,1
BRDA:49,6,0,1
BRDA:49,6,1,1
BRDA:49,7,0,2
BRDA:49,7,1,1
BRDA:59,8,0,4
BRDA:59,8,1,8
BRDA:59,9,0,12
BRDA:59,9,1,4
BRDA:60,10,0,4
BRDA:60,10,1,0
BRDA:67,11,0,2
BRDA:67,11,1,6
BRDA:68,12,0,1
BRDA:68,12,1,1
BRDA:69,13,0,1
BRDA:69,13,1,0
BRDA:73,14,0,1
BRDA:73,14,1,0
BRDA:80,15,0,1
BRDA:80,15,1,5
BRDA:81,16,0,1
BRDA:81,16,1,0
BRDA:88,17,0,2
BRDA:88,17,1,3
BRDA:88,18,0,5
BRDA:88,18,1,4
BRDA:89,19,0,2
BRDA:89,19,1,0
BRDA:96,20,0,2
BRDA:96,20,1,1
BRDA:96,21,0,3
BRDA:96,21,1,2
BRDA:97,22,0,2
BRDA:97,22,1,0
BRF:46
BRH:39
end_of_record
TN:
SF:src/hooks/useSessionState.ts
FN:31,isSessionSource
FN:42,readRaw
FN:79,useSessionState
FN:85,(anonymous_3)
FN:91,(anonymous_4)
FN:113,(anonymous_5)
FNF:6
FNH:6
FNDA:9,isSessionSource
FNDA:20,readRaw
FNDA:7,useSessionState
FNDA:7,(anonymous_3)
FNDA:6,(anonymous_4)
FNDA:1,(anonymous_5)
DA:28,2
DA:29,2
DA:32,9
DA:43,20
DA:44,20
DA:45,20
DA:46,20
DA:47,6
DA:48,6
DA:49,4
DA:50,4
DA:51,4
DA:52,1
DA:53,1
DA:55,3
DA:56,3
DA:58,3
DA:59,3
DA:60,3
DA:61,3
DA:62,1
DA:64,3
DA:65,3
DA:66,3
DA:68,2
DA:83,7
DA:85,7
DA:86,7
DA:87,7
DA:88,7
DA:91,7
DA:92,6
DA:93,6
DA:94,6
DA:98,6
DA:99,6
DA:100,5
DA:106,6
DA:107,6
DA:113,7
DA:114,1
DA:115,1
DA:116,1
DA:117,1
DA:123,7
LF:45
LH:45
BRDA:33,0,0,9
BRDA:33,0,1,2
BRDA:33,0,2,1
BRDA:33,0,3,1
BRDA:33,0,4,1
BRDA:33,0,5,1
BRDA:43,1,0,0
BRDA:43,1,1,20
BRDA:46,2,0,14
BRDA:46,2,1,6
BRDA:48,3,0,0
BRDA:48,3,1,6
BRDA:48,4,0,6
BRDA:48,4,1,4
BRDA:51,5,0,1
BRDA:51,5,1,3
BRDA:51,6,0,4
BRDA:51,6,1,4
BRDA:56,7,0,0
BRDA:56,7,1,3
BRDA:59,8,0,0
BRDA:59,8,1,3
BRDA:60,9,0,3
BRDA:60,9,1,0
BRDA:61,10,0,1
BRDA:61,10,1,2
BRDA:61,11,0,3
BRDA:61,11,1,3
BRDA:64,12,0,1
BRDA:64,12,1,2
BRDA:65,13,0,0
BRDA:65,13,1,3
BRDA:92,14,0,0
BRDA:92,14,1,6
BRDA:98,15,0,6
BRDA:98,15,1,2
BRDA:99,16,0,1
BRDA:99,16,1,5
BRDA:101,17,0,5
BRDA:101,17,1,4
BRDA:115,18,0,0
BRDA:115,18,1,1
BRF:42
BRH:34
end_of_record
TN:
SF:src/hooks/useUndo.ts
FN:25,useUndo
FN:35,(anonymous_1)
FN:40,(anonymous_2)
FN:44,(anonymous_3)
FN:49,(anonymous_4)
FN:64,(anonymous_5)
FN:69,(anonymous_6)
FN:77,(anonymous_7)
FN:82,(anonymous_8)
FN:90,(anonymous_9)
FNF:10
FNH:10
FNDA:28,useUndo
FNDA:19,(anonymous_1)
FNDA:1,(anonymous_2)
FNDA:11,(anonymous_3)
FNDA:11,(anonymous_4)
FNDA:10,(anonymous_5)
FNDA:6,(anonymous_6)
FNDA:4,(anonymous_7)
FNDA:1,(anonymous_8)
FNDA:1,(anonymous_9)
DA:26,28
DA:30,28
DA:31,28
DA:32,28
DA:33,28
DA:35,28
DA:36,19
DA:37,19
DA:40,28
DA:41,1
DA:44,28
DA:49,11
DA:50,11
DA:51,11
DA:52,11
DA:54,1
DA:56,11
DA:57,11
DA:59,11
DA:64,28
DA:65,10
DA:66,10
DA:67,6
DA:68,6
DA:69,6
DA:70,6
DA:71,6
DA:73,6
DA:74,6
DA:77,28
DA:78,4
DA:79,4
DA:80,1
DA:81,1
DA:82,1
DA:83,1
DA:84,1
DA:86,1
DA:87,1
DA:90,28
DA:92,1
DA:93,1
DA:94,1
DA:95,1
DA:100,28
LF:45
LH:45
BRDA:25,0,0,28
BRDA:52,1,0,1
BRDA:52,1,1,10
BRDA:66,2,0,4
BRDA:66,2,1,6
BRDA:68,3,0,0
BRDA:68,3,1,6
BRDA:79,4,0,3
BRDA:79,4,1,1
BRDA:81,5,0,0
BRDA:81,5,1,1
BRF:11
BRH:9
end_of_record
TN:
SF:src/hooks/useVersionCheck.ts
FN:18,isGithubPagesHost
FN:24,useVersionCheck
FN:35,(anonymous_2)
FN:39,(anonymous_3)
FN:46,(anonymous_4)
FN:52,(anonymous_5)
FN:56,(anonymous_6)
FN:62,(anonymous_7)
FN:82,(anonymous_8)
FN:92,(anonymous_9)
FN:94,(anonymous_10)
FN:96,(anonymous_11)
FN:104,(anonymous_12)
FNF:13
FNH:0
FNDA:0,isGithubPagesHost
FNDA:0,useVersionCheck
FNDA:0,(anonymous_2)
FNDA:0,(anonymous_3)
FNDA:0,(anonymous_4)
FNDA:0,(anonymous_5)
FNDA:0,(anonymous_6)
FNDA:0,(anonymous_7)
FNDA:0,(anonymous_8)
FNDA:0,(anonymous_9)
FNDA:0,(anonymous_10)
FNDA:0,(anonymous_11)
FNDA:0,(anonymous_12)
DA:19,0
DA:20,0
DA:21,0
DA:25,0
DA:29,0
DA:30,0
DA:31,0
DA:32,0
DA:35,0
DA:36,0
DA:39,0
DA:40,0
DA:41,0
DA:42,0
DA:46,0
DA:47,0
DA:48,0
DA:49,0
DA:52,0
DA:53,0
DA:56,0
DA:57,0
DA:59,0
DA:60,0
DA:62,0
DA:63,0
DA:64,0
DA:65,0
DA:66,0
DA:68,0
DA:69,0
DA:71,0
DA:72,0
DA:73,0
DA:76,0
DA:77,0
DA:78,0
DA:82,0
DA:83,0
DA:88,0
DA:92,0
DA:93,0
DA:94,0
DA:95,0
DA:96,0
DA:97,0
DA:102,0
DA:104,0
DA:105,0
DA:106,0
DA:107,0
DA:108,0
DA:112,0
LF:53
LH:0
BRDA:19,0,0,0
BRDA:19,0,1,0
BRDA:21,1,0,0
BRDA:21,1,1,0
BRDA:40,2,0,0
BRDA:40,2,1,0
BRDA:57,3,0,0
BRDA:57,3,1,0
BRDA:63,4,0,0
BRDA:63,4,1,0
BRDA:64,5,0,0
BRDA:64,5,1,0
BRDA:65,6,0,0
BRDA:65,6,1,0
BRDA:66,7,0,0
BRDA:66,7,1,0
BRDA:69,8,0,0
BRDA:69,8,1,0
BRDA:69,9,0,0
BRDA:69,9,1,0
BRDA:71,10,0,0
BRDA:71,10,1,0
BRDA:76,11,0,0
BRDA:76,11,1,0
BRDA:83,12,0,0
BRDA:83,12,1,0
BRDA:84,13,0,0
BRDA:84,13,1,0
BRDA:84,13,2,0
BRDA:95,14,0,0
BRDA:95,14,1,0
BRDA:95,15,0,0
BRDA:95,15,1,0
BRDA:95,15,2,0
BRDA:106,16,0,0
BRDA:106,16,1,0
BRF:36
BRH:0
end_of_record
TN:
SF:src/hooks/useViewerState.ts
FN:26,slugify
FN:35,autoModeColor
FN:43,normalize
FN:52,(anonymous_3)
FN:61,(anonymous_4)
FN:66,(anonymous_5)
FN:71,(anonymous_6)
FN:74,(anonymous_7)
FN:78,(anonymous_8)
FN:81,(anonymous_9)
FN:90,fetchSource
FN:119,detectLang
FN:127,useViewerState
FN:136,(anonymous_13)
FN:139,(anonymous_14)
FN:143,(anonymous_15)
FN:158,(anonymous_16)
FN:162,(anonymous_17)
FN:188,(anonymous_18)
FN:192,(anonymous_19)
FN:194,(anonymous_20)
FN:198,(anonymous_21)
FN:202,(anonymous_22)
FN:207,(anonymous_23)
FN:211,(anonymous_24)
FN:213,(anonymous_25)
FN:228,(anonymous_26)
FN:232,(anonymous_27)
FN:233,(anonymous_28)
FN:237,(anonymous_29)
FN:247,(anonymous_30)
FN:260,(anonymous_31)
FN:265,(anonymous_32)
FN:282,(anonymous_33)
FN:288,(anonymous_34)
FN:289,(anonymous_35)
FN:298,(anonymous_36)
FNF:37
FNH:10
FNDA:12,slugify
FNDA:6,autoModeColor
FNDA:15,normalize
FNDA:5,(anonymous_3)
FNDA:73,(anonymous_4)
FNDA:12,(anonymous_5)
FNDA:4,(anonymous_6)
FNDA:1,(anonymous_7)
FNDA:3,(anonymous_8)
FNDA:6,(anonymous_9)
FNDA:0,fetchSource
FNDA:0,detectLang
FNDA:0,useViewerState
FNDA:0,(anonymous_13)
FNDA:0,(anonymous_14)
FNDA:0,(anonymous_15)
FNDA:0,(anonymous_16)
FNDA:0,(anonymous_17)
FNDA:0,(anonymous_18)
FNDA:0,(anonymous_19)
FNDA:0,(anonymous_20)
FNDA:0,(anonymous_21)
FNDA:0,(anonymous_22)
FNDA:0,(anonymous_23)
FNDA:0,(anonymous_24)
FNDA:0,(anonymous_25)
FNDA:0,(anonymous_26)
FNDA:0,(anonymous_27)
FNDA:0,(anonymous_28)
FNDA:0,(anonymous_29)
FNDA:0,(anonymous_30)
FNDA:0,(anonymous_31)
FNDA:0,(anonymous_32)
FNDA:0,(anonymous_33)
FNDA:0,(anonymous_34)
FNDA:0,(anonymous_35)
FNDA:0,(anonymous_36)
DA:7,1
DA:15,1
DA:17,1
DA:27,12
DA:36,6
DA:37,6
DA:38,6
DA:39,6
DA:40,6
DA:44,15
DA:45,13
DA:46,13
DA:47,15
DA:48,15
DA:49,15
DA:50,15
DA:51,15
DA:52,15
DA:57,15
DA:58,15
DA:60,15
DA:61,73
DA:64,15
DA:65,15
DA:66,15
DA:67,12
DA:68,6
DA:69,6
DA:71,15
DA:72,4
DA:73,4
DA:74,4
DA:75,1
DA:78,15
DA:79,3
DA:81,15
DA:82,6
DA:85,15
DA:86,15
DA:87,15
DA:91,0
DA:92,0
DA:93,0
DA:94,0
DA:95,0
DA:96,0
DA:97,0
DA:120,0
DA:121,0
DA:122,0
DA:123,0
DA:124,0
DA:128,0
DA:133,0
DA:134,0
DA:136,0
DA:137,0
DA:138,0
DA:139,0
DA:140,0
DA:142,0
DA:143,0
DA:144,0
DA:145,0
DA:146,0
DA:156,0
DA:158,0
DA:162,0
DA:163,0
DA:164,0
DA:165,0
DA:166,0
DA:167,0
DA:168,0
DA:169,0
DA:170,0
DA:172,0
DA:174,0
DA:184,0
DA:185,0
DA:188,0
DA:192,0
DA:193,0
DA:194,0
DA:195,0
DA:196,0
DA:198,0
DA:202,0
DA:203,0
DA:204,0
DA:207,0
DA:208,0
DA:211,0
DA:212,0
DA:213,0
DA:214,0
DA:215,0
DA:216,0
DA:217,0
DA:228,0
DA:232,0
DA:233,0
DA:237,0
DA:238,0
DA:239,0
DA:240,0
DA:241,0
DA:242,0
DA:243,0
DA:244,0
DA:245,0
DA:247,0
DA:248,0
DA:249,0
DA:250,0
DA:251,0
DA:252,0
DA:253,0
DA:254,0
DA:260,0
DA:262,0
DA:264,0
DA:265,0
DA:266,0
DA:268,0
DA:269,0
DA:270,0
DA:273,0
DA:274,0
DA:275,0
DA:276,0
DA:277,0
DA:280,0
DA:282,0
DA:288,0
DA:289,0
DA:290,0
DA:291,0
DA:292,0
DA:293,0
DA:294,0
DA:297,0
DA:298,0
DA:301,0
LF:144
LH:40
BRDA:27,0,0,12
BRDA:27,0,1,4
BRDA:27,1,0,12
BRDA:27,1,1,2
BRDA:38,2,0,4
BRDA:38,2,1,2
BRDA:39,3,0,4
BRDA:39,3,1,2
BRDA:44,4,0,2
BRDA:44,4,1,13
BRDA:44,5,0,15
BRDA:44,5,1,14
BRDA:46,6,0,13
BRDA:46,6,1,11
BRDA:47,7,0,15
BRDA:47,7,1,12
BRDA:48,8,0,15
BRDA:48,8,1,12
BRDA:49,9,0,15
BRDA:49,9,1,12
BRDA:50,10,0,1
BRDA:50,10,1,12
BRDA:50,11,0,15
BRDA:50,11,1,1
BRDA:51,12,0,15
BRDA:51,12,1,0
BRDA:52,13,0,15
BRDA:52,13,1,0
BRDA:54,14,0,5
BRDA:54,14,1,4
BRDA:54,14,2,0
BRDA:55,15,0,5
BRDA:55,15,1,5
BRDA:57,16,0,15
BRDA:57,16,1,0
BRDA:58,17,0,15
BRDA:58,17,1,0
BRDA:67,18,0,6
BRDA:67,18,1,6
BRDA:67,19,0,12
BRDA:67,19,1,9
BRDA:67,19,2,9
BRDA:72,20,0,3
BRDA:72,20,1,1
BRDA:73,21,0,1
BRDA:73,21,1,3
BRDA:74,22,0,4
BRDA:74,22,1,3
BRDA:75,23,0,1
BRDA:75,23,1,0
BRDA:75,24,0,1
BRDA:75,24,1,1
BRDA:78,25,0,15
BRDA:78,25,1,11
BRDA:79,26,0,3
BRDA:79,26,1,0
BRDA:79,27,0,3
BRDA:79,27,1,3
BRDA:86,28,0,15
BRDA:86,28,1,11
BRDA:92,29,0,0
BRDA:92,29,1,0
BRDA:96,30,0,0
BRDA:96,30,1,0
BRDA:121,31,0,0
BRDA:121,31,1,0
BRDA:121,32,0,0
BRDA:121,32,1,0
BRDA:122,33,0,0
BRDA:122,33,1,0
BRDA:124,34,0,0
BRDA:124,34,1,0
BRDA:124,35,0,0
BRDA:124,35,1,0
BRDA:138,36,0,0
BRDA:138,36,1,0
BRDA:158,37,0,0
BRDA:158,37,1,0
BRDA:166,38,0,0
BRDA:166,38,1,0
BRDA:166,39,0,0
BRDA:166,39,1,0
BRDA:167,40,0,0
BRDA:167,40,1,0
BRDA:169,41,0,0
BRDA:169,41,1,0
BRDA:184,42,0,0
BRDA:184,42,1,0
BRDA:184,43,0,0
BRDA:184,43,1,0
BRDA:185,44,0,0
BRDA:185,44,1,0
BRDA:185,45,0,0
BRDA:185,45,1,0
BRDA:188,46,0,0
BRDA:188,46,1,0
BRDA:198,47,0,0
BRDA:198,47,1,0
BRDA:228,48,0,0
BRDA:228,48,1,0
BRDA:239,49,0,0
BRDA:239,49,1,0
BRDA:243,50,0,0
BRDA:243,50,1,0
BRDA:245,51,0,0
BRDA:245,51,1,0
BRDA:245,52,0,0
BRDA:245,52,1,0
BRDA:245,52,2,0
BRDA:245,52,3,0
BRDA:248,53,0,0
BRDA:248,53,1,0
BRDA:249,54,0,0
BRDA:249,54,1,0
BRDA:260,55,0,0
BRDA:260,55,1,0
BRDA:264,56,0,0
BRDA:264,56,1,0
BRDA:268,57,0,0
BRDA:268,57,1,0
BRDA:268,58,0,0
BRDA:268,58,1,0
BRDA:274,59,0,0
BRDA:274,59,1,0
BRDA:274,60,0,0
BRDA:274,60,1,0
BRDA:274,60,2,0
BRDA:274,60,3,0
BRDA:276,61,0,0
BRDA:276,61,1,0
BRDA:280,62,0,0
BRDA:280,62,1,0
BRDA:290,63,0,0
BRDA:290,63,1,0
BRDA:291,64,0,0
BRDA:291,64,1,0
BRDA:291,65,0,0
BRDA:291,65,1,0
BRDA:292,66,0,0
BRDA:292,66,1,0
BRDA:293,67,0,0
BRDA:293,67,1,0
BRDA:293,68,0,0
BRDA:293,68,1,0
BRF:144
BRH:53
end_of_record
TN:
SF:src/hooks/useZoom.ts
FN:23,readInitialZoom
FN:37,clamp
FN:50,useZoom
FN:56,(anonymous_3)
FN:63,(anonymous_4)
FN:76,(anonymous_5)
FN:80,(anonymous_6)
FN:109,(anonymous_7)
FN:111,(anonymous_8)
FN:115,(anonymous_9)
FN:127,(anonymous_10)
FNF:11
FNH:11
FNDA:10,readInitialZoom
FNDA:13,clamp
FNDA:23,useZoom
FNDA:23,(anonymous_3)
FNDA:13,(anonymous_4)
FNDA:23,(anonymous_5)
FNDA:2,(anonymous_6)
FNDA:3,(anonymous_7)
FNDA:8,(anonymous_8)
FNDA:3,(anonymous_9)
FNDA:1,(anonymous_10)
DA:16,1
DA:18,1
DA:19,1
DA:20,1
DA:21,1
DA:24,10
DA:25,10
DA:26,10
DA:27,10
DA:28,2
DA:29,2
DA:30,1
DA:34,0
DA:38,13
DA:51,23
DA:56,23
DA:57,23
DA:58,23
DA:59,20
DA:60,20
DA:63,23
DA:64,13
DA:65,13
DA:66,13
DA:67,13
DA:75,23
DA:76,23
DA:77,23
DA:80,23
DA:81,2
DA:82,2
DA:83,1
DA:84,1
DA:86,1
DA:87,1
DA:88,0
DA:89,0
DA:94,1
DA:95,2
DA:96,2
DA:97,2
DA:98,2
DA:99,2
DA:100,0
DA:101,0
DA:103,1
DA:104,1
DA:105,2
DA:106,2
DA:109,23
DA:110,3
DA:111,8
DA:112,3
DA:115,23
DA:116,3
DA:118,3
DA:119,8
DA:120,8
DA:121,2
DA:122,2
DA:127,23
DA:128,1
DA:131,23
LF:63
LH:58
BRDA:24,0,0,0
BRDA:24,0,1,10
BRDA:27,1,0,8
BRDA:27,1,1,2
BRDA:29,2,0,1
BRDA:29,2,1,1
BRDA:30,3,0,1
BRDA:30,3,1,0
BRDA:30,4,0,1
BRDA:30,4,1,1
BRDA:58,5,0,3
BRDA:58,5,1,20
BRDA:82,6,0,1
BRDA:82,6,1,1
BRDA:87,7,0,0
BRDA:87,7,1,1
BRDA:94,8,0,1
BRDA:94,8,1,0
BRDA:99,9,0,0
BRDA:99,9,1,2
BRDA:104,10,0,1
BRDA:104,10,1,0
BRDA:112,11,0,2
BRDA:112,11,1,1
BRDA:120,12,0,2
BRDA:120,12,1,6
BRDA:120,13,0,8
BRDA:120,13,1,8
BRF:28
BRH:22
end_of_record
TN:
SF:src/lib/edge-router.ts
FN:26,classifyEdge
FN:45,isBackward
FN:49,stableHash
FN:63,routeEdges
FN:74,bboxesExcluding
FN:80,(anonymous_5)
FN:81,(anonymous_6)
FN:92,vertCrosses
FN:95,(anonymous_8)
FN:98,safeMidX
FN:125,(anonymous_10)
FN:129,(anonymous_11)
FN:131,(anonymous_12)
FN:132,(anonymous_13)
FN:138,(anonymous_14)
FN:140,(anonymous_15)
FN:141,(anonymous_16)
FN:149,(anonymous_17)
FN:166,(anonymous_18)
FN:168,(anonymous_19)
FN:180,(anonymous_20)
FN:186,(anonymous_21)
FN:188,edgePath
FN:285,(anonymous_23)
FNF:24
FNH:22
FNDA:14,classifyEdge
FNDA:6,isBackward
FNDA:9,stableHash
FNDA:6,routeEdges
FNDA:3,bboxesExcluding
FNDA:9,(anonymous_5)
FNDA:3,(anonymous_6)
FNDA:3,vertCrosses
FNDA:3,(anonymous_8)
FNDA:3,safeMidX
FNDA:8,(anonymous_10)
FNDA:7,(anonymous_11)
FNDA:1,(anonymous_12)
FNDA:2,(anonymous_13)
FNDA:7,(anonymous_14)
FNDA:1,(anonymous_15)
FNDA:2,(anonymous_16)
FNDA:8,(anonymous_17)
FNDA:3,(anonymous_18)
FNDA:0,(anonymous_19)
FNDA:0,(anonymous_20)
FNDA:12,(anonymous_21)
FNDA:6,edgePath
FNDA:8,(anonymous_23)
DA:31,14
DA:32,14
DA:33,14
DA:34,13
DA:35,13
DA:36,14
DA:37,9
DA:38,6
DA:39,5
DA:40,4
DA:41,2
DA:42,1
DA:46,6
DA:50,9
DA:51,39
DA:52,9
DA:67,6
DA:68,6
DA:69,6
DA:70,6
DA:73,6
DA:75,3
DA:76,3
DA:77,3
DA:78,3
DA:79,3
DA:80,9
DA:81,3
DA:88,3
DA:89,3
DA:93,3
DA:94,3
DA:95,3
DA:106,3
DA:107,0
DA:108,0
DA:109,0
DA:110,0
DA:111,0
DA:112,0
DA:113,0
DA:115,0
DA:119,6
DA:120,6
DA:121,6
DA:123,6
DA:124,6
DA:125,6
DA:126,8
DA:127,8
DA:129,6
DA:130,7
DA:131,1
DA:132,1
DA:133,2
DA:134,2
DA:135,2
DA:138,6
DA:139,7
DA:140,1
DA:141,1
DA:142,2
DA:143,2
DA:144,2
DA:148,6
DA:149,6
DA:150,8
DA:151,8
DA:152,8
DA:153,6
DA:154,6
DA:155,6
DA:156,6
DA:157,6
DA:158,8
DA:159,8
DA:160,3
DA:161,0
DA:163,6
DA:164,3
DA:166,6
DA:167,3
DA:168,0
DA:169,0
DA:170,0
DA:171,0
DA:172,0
DA:173,0
DA:174,0
DA:175,0
DA:176,0
DA:180,0
DA:181,0
DA:186,12
DA:189,6
DA:190,6
DA:191,6
DA:192,6
DA:193,6
DA:194,6
DA:195,6
DA:196,6
DA:197,6
DA:198,6
DA:199,6
DA:200,6
DA:201,6
DA:202,6
DA:204,6
DA:205,3
DA:206,3
DA:207,3
DA:208,0
DA:210,3
DA:211,3
DA:213,3
DA:216,3
DA:217,3
DA:218,3
DA:219,0
DA:221,3
DA:229,3
DA:230,3
DA:231,3
DA:232,3
DA:234,3
DA:235,0
DA:236,0
DA:238,0
DA:239,0
DA:247,0
DA:248,0
DA:249,0
DA:250,0
DA:251,0
DA:252,0
DA:254,3
DA:255,1
DA:257,2
DA:258,0
DA:259,0
DA:260,0
DA:262,2
DA:263,0
DA:264,0
DA:265,0
DA:266,0
DA:267,0
DA:269,2
DA:270,2
DA:271,2
DA:272,2
DA:273,0
DA:275,2
DA:277,2
DA:278,2
DA:279,2
DA:281,0
DA:284,6
DA:285,6
DA:286,8
DA:287,8
DA:288,8
DA:289,6
DA:290,6
DA:292,6
LF:166
LH:124
BRDA:33,0,0,1
BRDA:33,0,1,13
BRDA:33,1,0,14
BRDA:33,1,1,13
BRDA:35,2,0,13
BRDA:35,2,1,11
BRDA:35,3,0,14
BRDA:35,3,1,12
BRDA:36,4,0,4
BRDA:36,4,1,10
BRDA:37,5,0,3
BRDA:37,5,1,6
BRDA:38,6,0,1
BRDA:38,6,1,5
BRDA:39,7,0,1
BRDA:39,7,1,4
BRDA:40,8,0,2
BRDA:40,8,1,2
BRDA:41,9,0,1
BRDA:41,9,1,1
BRDA:46,10,0,6
BRDA:46,10,1,4
BRDA:46,10,2,4
BRDA:77,11,0,0
BRDA:77,11,1,3
BRDA:95,12,0,3
BRDA:95,12,1,3
BRDA:95,12,2,0
BRDA:95,12,3,0
BRDA:106,13,0,3
BRDA:106,13,1,0
BRDA:112,14,0,0
BRDA:112,14,1,0
BRDA:112,15,0,0
BRDA:112,15,1,0
BRDA:113,16,0,0
BRDA:113,16,1,0
BRDA:113,17,0,0
BRDA:113,17,1,0
BRDA:130,18,0,6
BRDA:130,18,1,1
BRDA:139,19,0,6
BRDA:139,19,1,1
BRDA:152,20,0,2
BRDA:152,20,1,6
BRDA:152,21,0,8
BRDA:152,21,1,7
BRDA:155,22,0,0
BRDA:155,22,1,6
BRDA:155,23,0,6
BRDA:155,23,1,6
BRDA:157,24,0,6
BRDA:157,24,1,6
BRDA:157,25,0,8
BRDA:157,25,1,6
BRDA:159,26,0,3
BRDA:159,26,1,3
BRDA:160,27,0,0
BRDA:160,27,1,3
BRDA:160,28,0,3
BRDA:160,28,1,1
BRDA:161,29,0,0
BRDA:161,29,1,0
BRDA:161,30,0,0
BRDA:161,30,1,0
BRDA:163,31,0,3
BRDA:163,31,1,3
BRDA:167,32,0,3
BRDA:167,32,1,0
BRDA:173,33,0,0
BRDA:173,33,1,0
BRDA:173,34,0,0
BRDA:173,34,1,0
BRDA:173,34,2,0
BRDA:173,34,3,0
BRDA:176,35,0,0
BRDA:176,35,1,0
BRDA:190,36,0,6
BRDA:190,36,1,5
BRDA:191,37,0,6
BRDA:191,37,1,5
BRDA:192,38,0,6
BRDA:192,38,1,6
BRDA:204,39,0,3
BRDA:204,39,1,3
BRDA:207,40,0,0
BRDA:207,40,1,3
BRDA:207,41,0,3
BRDA:207,41,1,3
BRDA:213,42,0,0
BRDA:213,42,1,3
BRDA:217,43,0,3
BRDA:217,43,1,0
BRDA:218,44,0,0
BRDA:218,44,1,3
BRDA:229,45,0,3
BRDA:229,45,1,0
BRDA:234,46,0,0
BRDA:234,46,1,3
BRDA:235,47,0,0
BRDA:235,47,1,0
BRDA:249,48,0,0
BRDA:249,48,1,0
BRDA:254,49,0,1
BRDA:254,49,1,2
BRDA:257,50,0,0
BRDA:257,50,1,2
BRDA:262,51,0,0
BRDA:262,51,1,2
BRDA:264,52,0,0
BRDA:264,52,1,0
BRDA:264,53,0,0
BRDA:264,53,1,0
BRDA:269,54,0,2
BRDA:269,54,1,0
BRDA:272,55,0,0
BRDA:272,55,1,2
BRDA:272,56,0,2
BRDA:272,56,1,2
BRDA:288,57,0,2
BRDA:288,57,1,6
BRDA:288,58,0,8
BRDA:288,58,1,7
BRF:123
BRH:78
end_of_record
TN:
SF:src/lib/layout.ts
FN:68,normalizePhases
FN:69,(anonymous_1)
FN:76,computeLayout
FN:98,(anonymous_3)
FN:99,(anonymous_4)
FN:100,(anonymous_5)
FN:110,phasePadX
FN:113,(anonymous_7)
FN:122,cellNodeGapV
FN:129,(anonymous_9)
FN:133,(anonymous_10)
FN:137,(anonymous_11)
FN:145,(anonymous_12)
FN:147,(anonymous_13)
FN:155,(anonymous_14)
FN:163,(anonymous_15)
FN:171,(anonymous_16)
FN:192,(anonymous_17)
FN:197,(anonymous_18)
FN:203,(anonymous_19)
FN:231,(anonymous_20)
FNF:21
FNH:21
FNDA:19,normalizePhases
FNDA:34,(anonymous_1)
FNDA:19,computeLayout
FNDA:11,(anonymous_3)
FNDA:11,(anonymous_4)
FNDA:22,(anonymous_5)
FNDA:34,phasePadX
FNDA:22,(anonymous_7)
FNDA:68,cellNodeGapV
FNDA:34,(anonymous_9)
FNDA:40,(anonymous_10)
FNDA:34,(anonymous_11)
FNDA:34,(anonymous_12)
FNDA:68,(anonymous_13)
FNDA:34,(anonymous_14)
FNDA:34,(anonymous_15)
FNDA:34,(anonymous_16)
FNDA:34,(anonymous_17)
FNDA:40,(anonymous_18)
FNDA:40,(anonymous_19)
FNDA:34,(anonymous_20)
DA:9,2
DA:59,2
DA:69,34
DA:88,19
DA:90,19
DA:91,19
DA:92,19
DA:93,19
DA:96,19
DA:97,19
DA:98,19
DA:99,11
DA:100,22
DA:101,11
DA:102,11
DA:103,11
DA:104,11
DA:106,11
DA:107,11
DA:111,34
DA:112,34
DA:113,34
DA:114,22
DA:115,22
DA:116,22
DA:118,34
DA:119,34
DA:123,68
DA:124,68
DA:128,19
DA:129,19
DA:130,34
DA:132,19
DA:133,19
DA:134,40
DA:135,40
DA:137,19
DA:138,34
DA:139,34
DA:140,34
DA:141,34
DA:144,19
DA:145,19
DA:146,34
DA:147,34
DA:148,68
DA:149,68
DA:151,34
DA:154,19
DA:155,19
DA:156,34
DA:157,34
DA:158,34
DA:161,19
DA:162,19
DA:163,19
DA:164,34
DA:165,34
DA:169,19
DA:170,19
DA:171,19
DA:172,34
DA:173,34
DA:174,34
DA:183,34
DA:190,19
DA:191,19
DA:192,34
DA:193,19
DA:196,19
DA:197,19
DA:198,40
DA:199,40
DA:202,19
DA:203,19
DA:204,40
DA:205,40
DA:206,40
DA:207,40
DA:208,40
DA:209,40
DA:210,40
DA:211,40
DA:212,40
DA:213,40
DA:214,40
DA:216,40
DA:217,40
DA:230,19
DA:231,19
DA:232,34
DA:240,19
LF:92
LH:92
BRDA:71,0,0,34
BRDA:71,0,1,33
BRDA:71,0,2,0
BRDA:72,1,0,34
BRDA:72,1,1,34
BRDA:101,2,0,0
BRDA:101,2,1,11
BRDA:101,3,0,11
BRDA:101,3,1,11
BRDA:102,4,0,11
BRDA:102,4,1,0
BRDA:104,5,0,11
BRDA:104,5,1,11
BRDA:107,6,0,11
BRDA:107,6,1,11
BRDA:115,7,0,11
BRDA:115,7,1,11
BRDA:116,8,0,11
BRDA:116,8,1,11
BRDA:123,9,0,68
BRDA:123,9,1,57
BRDA:134,10,0,40
BRDA:134,10,1,40
BRDA:135,11,0,40
BRDA:135,11,1,34
BRDA:139,12,0,0
BRDA:139,12,1,34
BRDA:140,13,0,34
BRDA:140,13,1,0
BRDA:141,14,0,6
BRDA:141,14,1,28
BRDA:149,15,0,0
BRDA:149,15,1,68
BRDA:156,16,0,34
BRDA:156,16,1,0
BRDA:157,17,0,34
BRDA:157,17,1,0
BRDA:165,18,0,34
BRDA:165,18,1,0
BRDA:190,19,0,19
BRDA:190,19,1,17
BRDA:192,20,0,34
BRDA:192,20,1,0
BRDA:198,21,0,40
BRDA:198,21,1,40
BRDA:204,22,0,40
BRDA:204,22,1,40
BRDA:205,23,0,40
BRDA:205,23,1,0
BRDA:209,24,0,0
BRDA:209,24,1,40
BRDA:210,25,0,40
BRDA:210,25,1,0
BRDA:212,26,0,40
BRDA:212,26,1,0
BRDA:213,27,0,40
BRDA:213,27,1,0
BRDA:235,28,0,34
BRDA:235,28,1,0
BRDA:236,29,0,34
BRDA:236,29,1,0
BRF:61
BRH:44
end_of_record
TN:
SF:src/lib/parseSource.ts
FN:17,parseSource
FN:35,decodeHashData
FN:56,encodeHashData
FNF:3
FNH:3
FNDA:7,parseSource
FNDA:6,decodeHashData
FNDA:3,encodeHashData
DA:18,7
DA:19,7
DA:23,5
DA:24,5
DA:26,2
DA:27,2
DA:36,6
DA:37,6
DA:41,6
DA:42,6
DA:43,503
DA:44,5
DA:45,5
DA:47,1
DA:48,1
DA:57,3
DA:58,3
DA:59,3
DA:60,3
DA:61,3
DA:63,3
LF:21
LH:21
BRDA:26,0,0,2
BRDA:26,0,1,0
BRDA:47,1,0,1
BRDA:47,1,1,0
BRF:4
BRH:2
end_of_record
TN:
SF:src/lib/version-check.ts
FN:24,fetchLatestSha
FN:48,hardRefresh
FN:55,(anonymous_2)
FN:60,(anonymous_3)
FN:70,(anonymous_4)
FN:71,(anonymous_5)
FNF:6
FNH:1
FNDA:7,fetchLatestSha
FNDA:0,hardRefresh
FNDA:0,(anonymous_2)
FNDA:0,(anonymous_3)
FNDA:0,(anonymous_4)
FNDA:0,(anonymous_5)
DA:7,1
DA:8,1
DA:9,1
DA:10,1
DA:12,1
DA:25,7
DA:26,7
DA:31,6
DA:32,4
DA:33,3
DA:35,2
DA:49,0
DA:50,0
DA:56,0
DA:61,0
DA:62,0
DA:63,0
DA:65,0
DA:69,0
DA:71,0
DA:78,0
DA:79,0
DA:80,0
DA:81,0
DA:83,0
DA:84,0
DA:86,0
LF:27
LH:11
BRDA:31,0,0,2
BRDA:31,0,1,4
BRDA:33,1,0,1
BRDA:33,1,1,2
BRDA:33,2,0,3
BRDA:33,2,1,3
BRDA:56,3,0,0
BRDA:56,3,1,0
BRDA:61,4,0,0
BRDA:61,4,1,0
BRF:10
BRH:6
end_of_record
TN:
SF:src/lib/share/catbox.ts
FN:10,makeJsonBlob
FN:14,uploadToCatbox
FN:28,shareCatbox
FNF:3
FNH:0
FNDA:0,makeJsonBlob
FNDA:0,uploadToCatbox
FNDA:0,shareCatbox
DA:11,0
DA:15,0
DA:16,0
DA:17,0
DA:18,0
DA:22,0
DA:23,0
DA:24,0
DA:25,0
DA:29,0
DA:30,0
DA:31,0
LF:12
LH:0
BRDA:22,0,0,0
BRDA:22,0,1,0
BRDA:24,1,0,0
BRDA:24,1,1,0
BRF:4
BRH:0
end_of_record
TN:
SF:src/lib/share/download.ts
FN:8,makeJsonBlob
FN:12,downloadJson
FN:21,(anonymous_2)
FNF:3
FNH:3
FNDA:3,makeJsonBlob
FNDA:3,downloadJson
FNDA:1,(anonymous_2)
DA:9,3
DA:13,3
DA:14,3
DA:15,3
DA:16,3
DA:17,3
DA:18,3
DA:19,3
DA:20,3
DA:21,3
LF:10
LH:10
BRF:0
BRH:0
end_of_record
TN:
SF:src/lib/share/embed.ts
FN:16,gzipBase64Url
FN:26,shareEmbedded
FNF:2
FNH:2
FNDA:8,gzipBase64Url
FNDA:4,shareEmbedded
DA:17,8
DA:18,8
DA:19,8
DA:20,8
DA:21,8
DA:23,8
DA:27,4
DA:28,4
LF:8
LH:8
BRF:0
BRH:0
end_of_record
TN:
SF:src/lib/share/encrypted.ts
FN:29,randomDigits
FN:33,(anonymous_1)
FN:37,deriveKey
FN:55,encryptPayload
FN:79,decryptPayload
FN:100,bytesToPng
FN:135,(anonymous_6)
FN:136,(anonymous_7)
FN:143,pngToBytes
FN:146,(anonymous_9)
FN:149,(anonymous_10)
FN:197,shareEncryptedImage
FN:214,decodeFromImageUrl
FNF:13
FNH:5
FNDA:4,randomDigits
FNDA:40,(anonymous_1)
FNDA:6,deriveKey
FNDA:3,encryptPayload
FNDA:5,decryptPayload
FNDA:0,bytesToPng
FNDA:0,(anonymous_6)
FNDA:0,(anonymous_7)
FNDA:0,pngToBytes
FNDA:0,(anonymous_9)
FNDA:0,(anonymous_10)
FNDA:0,shareEncryptedImage
FNDA:0,decodeFromImageUrl
DA:20,3
DA:21,3
DA:22,3
DA:23,3
DA:24,3
DA:30,4
DA:31,4
DA:32,4
DA:33,40
DA:38,6
DA:39,6
DA:46,6
DA:56,3
DA:57,3
DA:58,3
DA:59,3
DA:60,3
DA:64,3
DA:65,3
DA:66,3
DA:67,3
DA:68,3
DA:69,3
DA:70,3
DA:71,3
DA:72,3
DA:73,3
DA:74,3
DA:75,3
DA:76,3
DA:80,5
DA:81,4
DA:82,1
DA:84,3
DA:85,3
DA:86,3
DA:87,3
DA:88,3
DA:89,3
DA:92,2
DA:101,0
DA:102,0
DA:103,0
DA:104,0
DA:106,0
DA:107,0
DA:108,0
DA:110,0
DA:111,0
DA:112,0
DA:113,0
DA:114,0
DA:117,0
DA:118,0
DA:119,0
DA:121,0
DA:122,0
DA:123,0
DA:124,0
DA:125,0
DA:126,0
DA:127,0
DA:128,0
DA:129,0
DA:130,0
DA:133,0
DA:135,0
DA:136,0
DA:137,0
DA:138,0
DA:144,0
DA:145,0
DA:146,0
DA:147,0
DA:148,0
DA:149,0
DA:150,0
DA:151,0
DA:153,0
DA:154,0
DA:155,0
DA:156,0
DA:157,0
DA:158,0
DA:159,0
DA:162,0
DA:163,0
DA:164,0
DA:165,0
DA:166,0
DA:167,0
DA:168,0
DA:170,0
DA:176,0
DA:178,0
DA:179,0
DA:180,0
DA:181,0
DA:182,0
DA:183,0
DA:184,0
DA:185,0
DA:186,0
DA:187,0
DA:189,0
DA:191,0
DA:193,0
DA:202,0
DA:203,0
DA:204,0
DA:205,0
DA:215,0
DA:216,0
DA:217,0
DA:218,0
DA:219,0
LF:116
LH:40
BRDA:80,0,0,1
BRDA:80,0,1,4
BRDA:81,1,0,1
BRDA:81,1,1,3
BRDA:81,2,0,4
BRDA:81,2,1,3
BRDA:81,2,2,3
BRDA:114,3,0,0
BRDA:114,3,1,0
BRDA:137,4,0,0
BRDA:137,4,1,0
BRDA:157,5,0,0
BRDA:157,5,1,0
BRDA:176,6,0,0
BRDA:176,6,1,0
BRDA:216,7,0,0
BRDA:216,7,1,0
BRF:17
BRH:7
end_of_record
TN:
SF:src/lib/share/zerox.ts
FN:10,makeJsonBlob
FN:14,uploadToZeroXZero
FN:24,shareZeroXZero
FNF:3
FNH:0
FNDA:0,makeJsonBlob
FNDA:0,uploadToZeroXZero
FNDA:0,shareZeroXZero
DA:11,0
DA:15,0
DA:16,0
DA:17,0
DA:18,0
DA:19,0
DA:20,0
DA:21,0
DA:25,0
DA:26,0
DA:27,0
LF:11
LH:0
BRDA:18,0,0,0
BRDA:18,0,1,0
BRDA:20,1,0,0
BRDA:20,1,1,0
BRF:4
BRH:0
end_of_record
